

Starting dynamics with Langevin Thermostat with nvt_q: 43.06225052549201


-------------------- 
-Frame: 0 Simulation Time: 0.000000	 Temperature: 306.72251165 K

El 				Position [A] 								   Predicted Force [eV/A]
6	 0.46687930  	-1.74277742  	-5.91183426  			-0.02075361  	-0.01266844  	0.00911053  	
6	 0.83631837  	-2.13856769  	-4.48535485  			-0.02326011  	-0.04523813  	0.01551306  	
8	 0.35415902  	-1.11372142  	-3.57334321  			0.08001968  	-0.09052169  	-0.01617680  	
6	 0.13701637  	-3.44668676  	-4.09613598  			-0.03357414  	-0.02333146  	-0.00376511  	
6	 2.38857064  	-2.15407851  	-4.17950446  			-0.01217998  	0.01389265  	0.04109040  	
6	 3.05367328  	-3.52115219  	-4.30298936  			-0.00039051  	-0.01734280  	0.02287669  	
6	 3.16525420  	-1.10560767  	-4.98572458  			-0.01458810  	0.05062288  	0.01443989  	
8	 2.43362987  	-1.73437883  	-2.78848933  			-0.07729361  	0.01429541  	-0.02133401  	
5	 1.27704127  	-1.01643069  	-2.54405197  			0.01241159  	-0.05907729  	0.00302942  	
6	 1.02064124  	-0.19239482  	-1.25802912  			0.05100881  	0.01521474  	0.05265624  	
6	 2.07828393  	0.00289099  	-0.34483560  			-0.01587881  	-0.01635745  	-0.03315758  	
6	 2.12647436  	0.85717414  	0.75866565  			0.01644744  	-0.00208232  	-0.01631741  	
1	 3.09496107  	0.97353107  	1.27073676  			-0.16304000  	0.01963462  	-0.04462446  	
6	 0.99842220  	1.71637712  	1.27626036  			0.01385573  	0.01726689  	-0.03060193  	
1	 1.26162995  	2.11947432  	2.26982644  			-0.07510654  	-0.07120834  	-0.18723708  	
6	 -0.38993304  	1.12545171  	1.32613984  			-0.01930530  	-0.01897848  	-0.07829820  	
5	 -1.16290177  	1.14270022  	2.67321288  			-0.03636897  	-0.00266085  	0.04374025  	
8	 -0.67214969  	1.75414212  	3.81222080  			-0.09533139  	-0.06266057  	0.00901240  	
6	 -1.54968185  	1.38380616  	4.91227778  			0.00306035  	0.01055910  	-0.04608003  	
6	 -1.66582225  	2.56692396  	5.86833446  			0.01935787  	0.00721893  	0.00463797  	
6	 -0.89805273  	0.18827451  	5.61745909  			-0.00332287  	-0.03160662  	-0.03214338  	
6	 -2.88893562  	1.00187641  	4.15885533  			0.03532262  	0.00286267  	-0.01934488  	
6	 -3.79583141  	2.21206795  	3.90224876  			-0.00553889  	0.03330756  	-0.02186966  	
6	 -3.68274621  	-0.13186764  	4.80044204  			-0.03071559  	-0.01328981  	-0.00324841  	
8	 -2.40011693  	0.55766221  	2.86425995  			0.06890225  	0.07830125  	0.05492637  	
6	 -0.96908073  	0.56352202  	0.23675297  			0.05643858  	0.02261403  	0.04422878  	
6	 -0.35187879  	0.45723770  	-1.12354535  			-0.00151309  	0.04553454  	0.00758303  	
1	 -1.05183474  	-0.03345816  	-1.82188575  			0.11179581  	0.08042203  	0.12587689  	
6	 0.21509164  	1.69186634  	-1.76967928  			0.06036732  	0.14373037  	0.00496251  	
6	 0.94511119  	2.69762672  	-1.13059845  			-0.01509894  	-0.04715023  	-0.00567863  	
6	 1.34614185  	2.72161803  	0.21131183  			0.04051372  	-0.02321774  	-0.00864987  	
1	 2.03790975  	3.52234491  	0.51794219  			-0.16230394  	-0.14169231  	-0.11419947  	
1	 -0.63477452  	-1.74876248  	-6.02764538  			0.07919689  	-0.03692957  	0.08637334  	
1	 0.89251368  	-2.45980018  	-6.64231234  			-0.04271698  	-0.02302895  	0.02059358  	
1	 0.82920173  	-0.72826551  	-6.15862729  			-0.03268058  	-0.02105195  	0.04695936  	
1	 -0.95836148  	-3.28446120  	-4.11455686  			0.19050854  	0.00318978  	-0.09447997  	
1	 0.41782304  	-3.76263841  	-3.07221769  			0.07785560  	0.09386668  	-0.02345528  	
1	 0.37961286  	-4.26864433  	-4.79787504  			-0.05024010  	0.17916462  	0.03722993  	
1	 2.96845720  	-3.90946451  	-5.33788236  			-0.07890063  	0.06962039  	0.13668364  	
1	 2.60523483  	-4.25575010  	-3.60953199  			-0.01220775  	0.06596407  	-0.09127817  	
1	 4.13026717  	-3.43493324  	-4.05695070  			-0.07248478  	-0.00996739  	-0.00505902  	
1	 3.26294550  	-1.39244109  	-6.05112301  			-0.04519017  	0.03151737  	0.08495516  	
1	 4.18088256  	-1.00682629  	-4.55563392  			-0.04740864  	0.03826177  	-0.02863018  	
1	 2.67417845  	-0.11417419  	-4.93020693  			0.10593612  	-0.11557728  	-0.01367020  	
1	 3.02539648  	-0.49432098  	-0.61409550  			-0.09465431  	0.00103720  	-0.03514326  	
1	 -0.68309663  	2.76415735  	6.33997754  			-0.11795571  	-0.03408827  	-0.08959623  	
1	 -2.39569410  	2.35285799  	6.67494649  			0.08013939  	0.01045001  	-0.10318102  	
1	 -1.98028097  	3.48659246  	5.34204841  			0.03156377  	-0.13354820  	0.03366954  	
1	 0.12888980  	0.46904368  	5.92231158  			-0.10081615  	-0.03227921  	-0.04186704  	
1	 -0.82626640  	-0.68532049  	4.94031305  			-0.02842006  	0.11254697  	0.07439773  	
1	 -1.46167562  	-0.11127992  	6.52251611  			0.04600853  	0.04668151  	-0.10351814  	
1	 -4.28862812  	2.56270622  	4.83014955  			0.08520245  	-0.05759060  	-0.10021502  	
1	 -4.58047353  	1.92136652  	3.17701967  			0.09444560  	0.01415465  	0.10263549  	
1	 -3.22396808  	3.05449231  	3.46623168  			-0.06688186  	-0.11165929  	0.04022858  	
1	 -3.99724752  	0.13909939  	5.82838941  			0.06490192  	0.00946644  	-0.10411508  	
1	 -3.09337581  	-1.06582286  	4.84403144  			-0.02349942  	0.10111350  	-0.01941118  	
1	 -4.59490688  	-0.33348031  	4.20507013  			0.11258765  	0.04074202  	0.04284551  	
1	 -1.98105815  	0.13878571  	0.35357324  			0.15194999  	0.06724539  	-0.01185410  	
1	 0.08972525  	1.75148076  	-2.86190645  			0.03382795  	0.01239375  	0.24479163  	
1	 1.35643551  	3.49035690  	-1.77695841  			-0.10400485  	-0.19808820  	0.14315285  	

COM [A]: [0.06622899 0.11907895 0.00069888]

-------------------- 
-Frame: 20 Simulation Time: 10.000000	 Temperature: 205.81492848 K

El 				Position [A] 								   Predicted Force [eV/A]
6	 0.48312727  	-1.70650223  	-5.89433326  			-0.55714816  	0.82435733  	-0.34816027  	
6	 0.88223383  	-2.09748915  	-4.50342250  			-0.82445371  	-1.39855099  	0.56060719  	
8	 0.37812409  	-1.13094739  	-3.56566328  			0.62616718  	0.13297594  	0.38904509  	
6	 0.17607804  	-3.43662696  	-4.00767675  			0.02562219  	1.04811788  	-1.69668365  	
6	 2.39682154  	-2.16083053  	-4.18600405  			0.05485308  	0.73266107  	-0.66352397  	
6	 3.01913666  	-3.49855654  	-4.28269460  			-0.52568263  	-0.94773573  	-0.52090329  	
6	 3.15204698  	-1.16441613  	-5.06949144  			-0.31272545  	0.69831383  	0.92292535  	
8	 2.45002264  	-1.72366779  	-2.81861904  			0.31904978  	-0.03000122  	0.27982393  	
5	 1.29850585  	-1.06328398  	-2.51749438  			-1.14318073  	1.23691916  	0.10076552  	
6	 0.99834065  	-0.16774629  	-1.21388962  			0.18318640  	-1.27666676  	-1.87028825  	
6	 2.07541684  	-0.00009713  	-0.36319998  			-0.49082100  	0.01550156  	0.45430297  	
6	 2.07457310  	0.81610052  	0.76202244  			0.76600194  	0.17398539  	-0.39345279  	
1	 3.03980546  	1.10162174  	1.15569681  			0.41577882  	-0.14611466  	0.34860069  	
6	 0.95902616  	1.67836796  	1.23886043  			-0.74426067  	0.43492696  	0.37085745  	
1	 1.09640830  	2.16685574  	2.19714094  			0.48305112  	-0.41554224  	0.52805191  	
6	 -0.41498740  	1.05956063  	1.33427007  			-0.19551097  	0.15958720  	-1.25494480  	
5	 -1.20339417  	1.14470154  	2.65001513  			1.02598488  	0.05730037  	0.35395500  	
8	 -0.65927432  	1.72943541  	3.77686266  			-0.39318714  	0.25607225  	0.06746940  	
6	 -1.53276290  	1.40488446  	4.89059194  			-0.07667644  	-0.51764083  	-0.77029473  	
6	 -1.61822030  	2.55177100  	5.86330868  			-0.83038414  	0.19060609  	0.06226495  	
6	 -0.89025560  	0.19648789  	5.57944992  			-0.95310301  	0.20582132  	0.45512843  	
6	 -2.92213379  	1.02800001  	4.15665115  			1.22254968  	0.54293776  	0.26630631  	
6	 -3.84347904  	2.23716352  	3.88711818  			1.09838903  	-0.12917258  	-0.23444851  	
6	 -3.65149499  	-0.10068170  	4.81412709  			-1.37229979  	0.22066282  	0.18158183  	
8	 -2.37155372  	0.52552928  	2.91153003  			-1.21646094  	0.14777613  	-0.00639968  	
6	 -0.99150917  	0.53295272  	0.22602054  			-0.26109576  	0.25719643  	-0.37983653  	
6	 -0.36337201  	0.47396190  	-1.15589665  			0.55488861  	0.22273889  	0.82795960  	
1	 -0.96457329  	0.02712583  	-1.94036959  			-0.40817147  	-0.24475719  	0.15638870  	
6	 0.22525982  	1.73127165  	-1.72730382  			-0.72396636  	-0.81565148  	0.24406207  	
6	 0.96171577  	2.68297578  	-1.06924571  			-0.09733153  	1.26398015  	-1.43950260  	
6	 1.34110513  	2.74080825  	0.23097524  			0.07449239  	-0.95021933  	0.50914180  	
1	 2.07826463  	3.48811982  	0.52281728  			-0.07140505  	0.16769169  	0.08806114  	
1	 -0.60580998  	-1.68560304  	-5.95979553  			-0.03038992  	-0.39611715  	-0.11129428  	
1	 0.90011823  	-2.26872609  	-6.72155509  			0.00818443  	-0.51869577  	0.19657426  	
1	 0.73075580  	-0.67812069  	-6.15943012  			0.33574662  	0.10645518  	0.38512227  	
1	 -0.92076757  	-3.32150162  	-4.11577483  			0.57852727  	-0.08292666  	0.19171059  	
1	 0.47578125  	-3.45981216  	-2.99474261  			0.02194282  	-0.40526325  	1.33609390  	
1	 0.51368803  	-4.35751358  	-4.50051050  			-0.13551329  	0.34380257  	-0.05549477  	
1	 2.87280618  	-3.88472075  	-5.31533213  			0.18979184  	0.00350768  	0.56852376  	
1	 2.51998236  	-4.14801498  	-3.57349895  			0.02870523  	-0.37842369  	0.02071202  	
1	 4.07181885  	-3.52341451  	-4.04507099  			0.36195406  	0.32012218  	-0.01398834  	
1	 3.36493004  	-1.47709957  	-6.09377332  			-0.16021265  	-0.12128896  	0.21697548  	
1	 4.06337346  	-0.92719725  	-4.53852588  			0.63190585  	-0.14211182  	-0.08480462  	
1	 2.58961417  	-0.22741479  	-5.04034127  			-0.02966486  	0.10885234  	-0.37970734  	
1	 2.97526773  	-0.51496795  	-0.69351737  			0.21152514  	0.17723575  	0.22549310  	
1	 -0.65950936  	2.78170048  	6.32664398  			0.05103962  	-0.16052495  	0.02746214  	
1	 -2.33845856  	2.24603855  	6.65061358  			0.36818913  	0.44177306  	-0.22819614  	
1	 -1.94440787  	3.48329379  	5.37281497  			-0.04458437  	-0.36326250  	0.17989112  	
1	 0.11549647  	0.49643290  	5.82077696  			0.79480594  	0.13003817  	0.31077975  	
1	 -0.80674769  	-0.71532445  	4.98643002  			-0.27734774  	-0.00654259  	-0.25777477  	
1	 -1.44870880  	-0.00000865  	6.51721174  			0.29062662  	-0.16249788  	-0.29101235  	
1	 -4.48780117  	2.46031644  	4.75450107  			0.37518746  	-0.04113381  	-0.39692608  	
1	 -4.43842212  	1.93011923  	3.01924680  			-0.17086600  	0.33358777  	0.19710712  	
1	 -3.19619336  	3.10975286  	3.61204851  			-0.76885569  	-0.52591914  	0.14764975  	
1	 -3.90654555  	0.14720971  	5.88183600  			0.31307545  	-0.36889142  	-0.69862807  	
1	 -3.05778511  	-0.99448738  	4.69073403  			0.11655972  	-0.39117944  	0.36971441  	
1	 -4.61634936  	-0.27371790  	4.26829212  			0.63290280  	0.08555295  	0.38134444  	
1	 -2.04134405  	0.20014373  	0.27656761  			0.33194423  	-0.06422456  	0.05894627  	
1	 0.01350069  	1.87718070  	-2.77559155  			0.15106079  	0.00418944  	-0.29922837  	
1	 1.29305803  	3.48068809  	-1.75365963  			0.17160958  	-0.04419079  	0.41409454  	

COM [A]: [0.066139   0.1189873  0.00064381]

-------------------- 
-Frame: 40 Simulation Time: 20.000000	 Temperature: 152.15501237 K

El 				Position [A] 								   Predicted Force [eV/A]
6	 0.46262857  	-1.63717525  	-5.90624094  			0.49052179  	-1.87252629  	2.08379149  	
6	 0.88139772  	-2.13790970  	-4.47889539  			-0.33267996  	1.35364544  	-0.58609265  	
8	 0.42304996  	-1.13958077  	-3.55498226  			-0.80310458  	0.32853487  	-0.24104671  	
6	 0.26878451  	-3.36823391  	-3.93455131  			-2.48155332  	-1.14037383  	-1.12401307  	
6	 2.39413999  	-2.12482065  	-4.23503328  			-0.27375665  	-0.41329187  	1.47956514  	
6	 2.96905466  	-3.51799929  	-4.25943495  			0.59158254  	0.22016707  	-1.45258951  	
6	 3.14231511  	-1.16332624  	-5.08285243  			0.22385234  	-0.51431400  	-1.18752980  	
8	 2.47306405  	-1.70081390  	-2.83464140  			-1.23391354  	0.63867795  	0.21587294  	
5	 1.25703004  	-1.03627014  	-2.49151371  			1.97746670  	-0.77723360  	-1.24931538  	
6	 0.99091095  	-0.22028325  	-1.25949770  			0.55755335  	0.64329630  	0.99393064  	
6	 2.05352808  	-0.01863253  	-0.35867888  			0.00752340  	-0.01812701  	-0.48884523  	
6	 2.08800317  	0.79831149  	0.74989080  			-1.60543954  	0.90810812  	-0.35253263  	
1	 3.02495138  	1.01971038  	1.20944587  			0.59930480  	-0.02073662  	0.34060374  	
6	 0.89355258  	1.67251174  	1.25304690  			1.43430185  	-1.77901661  	-0.00735277  	
1	 1.18817107  	1.84847713  	2.27455919  			-0.27005613  	0.86702579  	0.39557141  	
6	 -0.44943348  	1.01326531  	1.26997351  			0.06067901  	1.17426431  	1.04514611  	
5	 -1.18201821  	1.14345437  	2.63201224  			-0.95483458  	-1.35968232  	0.07084384  	
8	 -0.65665114  	1.71129354  	3.75034902  			0.25835559  	0.64910203  	-0.21727069  	
6	 -1.51465068  	1.40300412  	4.83377773  			-0.42817134  	0.62854296  	1.85565484  	
6	 -1.60155077  	2.53500757  	5.85020021  			-1.32373583  	-0.22137132  	-0.60887831  	
6	 -0.88393336  	0.22771612  	5.54633109  			-1.98908877  	-0.78075856  	0.20318414  	
6	 -2.88521730  	1.07274446  	4.16361089  			-0.27761778  	-0.94283611  	0.06577940  	
6	 -3.84388132  	2.21904892  	3.86032086  			0.56255287  	1.51808548  	-0.04060332  	
6	 -3.64052133  	-0.07366962  	4.82597157  			-1.03728628  	0.96621644  	0.95690835  	
8	 -2.39126859  	0.49841337  	2.95233239  			0.67145008  	0.74975526  	-1.30715287  	
6	 -1.01819782  	0.52593401  	0.18768830  			-0.51467353  	-0.27848455  	-0.21594994  	
6	 -0.34693422  	0.49126037  	-1.13575294  			0.03635605  	-0.47920054  	0.42290664  	
1	 -1.04967742  	0.00920234  	-1.79771089  			-0.05655464  	0.07128541  	-0.59148842  	
6	 0.19284991  	1.74647830  	-1.69241985  			1.01244009  	1.22070134  	0.26684418  	
6	 0.95999303  	2.73681333  	-1.06576128  			-0.43992496  	-0.62840670  	0.45648104  	
6	 1.34439660  	2.69452616  	0.27794662  			-0.63235784  	-0.59632868  	-0.54898405  	
1	 1.99764163  	3.47924536  	0.60293498  			0.45252341  	0.32719630  	0.38354298  	
1	 -0.58725993  	-1.83290727  	-5.98182327  			-0.77453649  	0.59237492  	-0.14323381  	
1	 0.90453715  	-2.32230351  	-6.60046206  			0.55828851  	0.03084945  	-0.76261967  	
1	 0.80278694  	-0.62434133  	-5.93186273  			-0.25708327  	0.51318139  	-0.55435920  	
1	 -0.86360832  	-3.34421538  	-4.01692578  			1.13427401  	0.03031712  	-0.29795763  	
1	 0.38417917  	-3.40615960  	-2.88692748  			0.62250543  	-0.11008568  	1.41398299  	
1	 0.60930100  	-4.33250303  	-4.32875243  			-0.16361737  	0.28330833  	-0.19027317  	
1	 2.86005914  	-3.99714859  	-5.25740875  			0.04721453  	0.33027568  	0.58040845  	
1	 2.54308547  	-4.18019618  	-3.54405852  			-0.26102293  	-0.30468214  	0.63382840  	
1	 4.01951352  	-3.40534392  	-4.06084393  			0.59361279  	-0.22575258  	0.09688557  	
1	 3.33856071  	-1.67375915  	-6.03842514  			-0.05521093  	0.08253419  	-0.01811888  	
1	 4.12020283  	-0.95789316  	-4.67410653  			0.26551756  	0.32902130  	0.35212988  	
1	 2.57460839  	-0.28087190  	-5.34867255  			0.11677177  	0.43465021  	0.38504565  	
1	 3.04224122  	-0.41290787  	-0.62820597  			-0.47229785  	-0.17152816  	-0.17274779  	
1	 -0.64482172  	2.71921920  	6.26686186  			1.00115967  	0.54665601  	0.33196321  	
1	 -2.24570425  	2.32317648  	6.71363527  			0.12686840  	-0.34076172  	-0.38087767  	
1	 -2.01921329  	3.42133137  	5.39415587  			0.19466159  	0.39923927  	-0.09346604  	
1	 0.12497421  	0.40058909  	5.77648111  			1.78664243  	0.40636808  	0.14954473  	
1	 -0.95734937  	-0.63773889  	4.91300494  			0.10683431  	-0.63070917  	-0.38203937  	
1	 -1.36873034  	-0.04284959  	6.51280441  			-0.02503522  	0.26416922  	-0.47500414  	
1	 -4.59468447  	2.33884976  	4.65548046  			0.33832902  	0.07474129  	0.02102158  	
1	 -4.42605348  	2.07207570  	2.94209507  			0.23779756  	-0.49044785  	0.06726830  	
1	 -3.33647064  	3.23355340  	3.69980771  			-0.41332233  	-1.28362918  	0.33412591  	
1	 -3.76344459  	0.00885230  	5.93305373  			-0.18102941  	0.42378545  	-0.72561985  	
1	 -3.10933669  	-0.98532269  	4.75919472  			0.58739012  	-1.07913518  	-0.50781745  	
1	 -4.65062201  	-0.20757451  	4.36593284  			0.74676710  	0.07919006  	0.34125203  	
1	 -2.04640677  	0.13450965  	0.24478778  			0.45921946  	0.10824817  	0.00961014  	
1	 0.06279585  	1.92378753  	-2.73373703  			-0.23739141  	-0.16925608  	-0.87569618  	
1	 1.40428352  	3.57568481  	-1.62138821  			-0.36502120  	-0.56483877  	-0.15421751  	

COM [A]: [0.06598345 0.11893809 0.00066998]

-------------------- 
-Frame: 60 Simulation Time: 30.000000	 Temperature: 148.67065910 K

El 				Position [A] 								   Predicted Force [eV/A]
6	 0.45271172  	-1.66325674  	-5.85490669  			0.45668221  	0.45788702  	-0.41305053  	
6	 0.86447146  	-2.11111088  	-4.46902210  			-0.14791012  	0.10155986  	0.17920347  	
8	 0.42189207  	-1.13045174  	-3.55130150  			-0.69607973  	0.70531845  	-0.17218985  	
6	 0.28689903  	-3.36082633  	-3.84310747  			-2.04483533  	-0.37649959  	-2.73300362  	
6	 2.38190261  	-2.10784279  	-4.21026193  			0.89882249  	-0.03637978  	-0.19496785  	
6	 2.96949574  	-3.53381447  	-4.24343939  			0.23950405  	0.63549554  	-1.01641011  	
6	 3.16523681  	-1.15517855  	-5.14964433  			-0.44527382  	-0.85388595  	0.39487723  	
8	 2.45684562  	-1.64590465  	-2.83672285  			1.94205153  	-0.94285452  	-0.73894227  	
5	 1.32816475  	-1.03436481  	-2.55123197  			-1.78300464  	1.38077843  	0.83325547  	
6	 1.00512544  	-0.23991429  	-1.26154806  			-0.55162621  	0.18374473  	0.07770547  	
6	 2.01895977  	-0.03674846  	-0.38233733  			0.87955678  	0.26897147  	0.43672380  	
6	 2.05385665  	0.84687571  	0.73310851  			-0.25488973  	-0.36509854  	-0.75534844  	
1	 2.94720720  	0.82670926  	1.32125168  			0.57193589  	0.28143203  	0.18728215  	
6	 0.91496787  	1.57654691  	1.30496981  			-1.04257321  	0.76777917  	-0.13393463  	
1	 1.08964439  	1.99382861  	2.29301781  			0.25718358  	-0.32599837  	0.16381438  	
6	 -0.48529071  	1.04352799  	1.25779436  			-0.03344063  	-0.32780010  	0.53735983  	
5	 -1.21093025  	1.04911065  	2.62915542  			1.33202839  	0.99227685  	0.21605919  	
8	 -0.64703275  	1.71943564  	3.71776768  			-0.82305944  	-0.07201227  	0.14572625  	
6	 -1.52496934  	1.43660502  	4.87204846  			0.49329376  	-0.93536431  	-2.02805400  	
6	 -1.58941510  	2.54885459  	5.81540214  			-1.14453542  	0.07549620  	0.64518273  	
6	 -0.87566732  	0.22210630  	5.49849759  			-2.68512154  	0.23890799  	1.12621772  	
6	 -2.86639858  	1.05962065  	4.17410125  			0.04251016  	0.22242163  	-0.25064355  	
6	 -3.83096352  	2.21699958  	3.84474921  			0.92101604  	0.35163489  	0.58745968  	
6	 -3.62413233  	-0.05262871  	4.86014050  			-1.84242618  	1.78137708  	0.45428595  	
8	 -2.39067242  	0.50283147  	2.93234180  			-0.98062861  	-0.42607316  	-0.25498909  	
6	 -1.03423240  	0.52909819  	0.15668590  			-0.12112682  	-0.30704197  	1.00734234  	
6	 -0.33196350  	0.46733529  	-1.11735175  			0.47705331  	0.85214674  	-1.80646062  	
1	 -1.00650406  	0.09227887  	-1.88342239  			-0.00671580  	-0.23298748  	0.11199626  	
6	 0.18916645  	1.81007907  	-1.70116543  			-0.43506041  	-1.66287780  	1.70521617  	
6	 0.93276698  	2.72867462  	-1.03426735  			0.53528911  	0.29874533  	-0.21103773  	
6	 1.33915824  	2.62498425  	0.31998616  			-0.42047313  	-1.59127247  	-0.61924183  	
1	 1.95396481  	3.35258259  	0.76922158  			0.80575693  	0.94269812  	0.09640548  	
1	 -0.59933118  	-1.61192319  	-6.07659137  			-0.71216524  	-1.02007031  	0.22670691  	
1	 1.02283733  	-2.10504868  	-6.67854019  			-0.26945114  	-0.39846399  	0.11669956  	
1	 0.63700624  	-0.60603772  	-6.02470314  			0.68321353  	0.39127699  	0.45312223  	
1	 -0.83092485  	-3.29784046  	-4.07324935  			1.19644892  	-0.27688241  	0.86659330  	
1	 0.54238862  	-3.40055363  	-2.81452620  			-0.05576593  	-0.02234299  	0.97506112  	
1	 0.65297624  	-4.27399106  	-4.32592929  			-0.16359228  	0.02384982  	0.09047597  	
1	 2.81083507  	-4.08816718  	-5.20448755  			-0.06598456  	0.63177139  	0.72470450  	
1	 2.60029790  	-4.10547971  	-3.42765505  			-0.54246855  	-0.55268061  	0.60833573  	
1	 4.02791278  	-3.48100870  	-4.06849571  			0.68340397  	0.20586596  	-0.09894165  	
1	 3.29706704  	-1.76379381  	-6.05116591  			0.26145452  	0.57820469  	-0.22647120  	
1	 4.11437429  	-0.89174357  	-4.71359979  			0.59052527  	-0.40647504  	0.25945824  	
1	 2.71122048  	-0.18719547  	-5.34910023  			-0.45966014  	-0.06896800  	-0.09868046  	
1	 2.97042297  	-0.49582468  	-0.69296034  			-0.26535961  	0.23878559  	0.34793487  	
1	 -0.61586685  	2.80653314  	6.11315146  			1.49492919  	0.11203070  	0.77904594  	
1	 -2.17634605  	2.18866218  	6.67121261  			0.16568457  	0.50516605  	0.02785334  	
1	 -1.97511413  	3.47409762  	5.43585545  			-0.58934969  	0.32285625  	-0.37350163  	
1	 0.13512260  	0.38245160  	5.60315027  			2.43775558  	0.48229027  	0.59053314  	
1	 -0.97263257  	-0.61266896  	4.86366302  			-0.24607725  	-1.01756811  	-0.90958804  	
1	 -1.38927611  	-0.00740459  	6.45670624  			0.51851732  	-0.02140187  	-0.39007074  	
1	 -4.55810858  	2.22153484  	4.65209584  			-0.31305093  	0.17729294  	0.01589882  	
1	 -4.31589190  	1.91595452  	2.91586209  			-0.16444996  	0.42912892  	0.01784190  	
1	 -3.36683963  	3.25032361  	3.81817103  			-0.42380431  	-1.30171645  	-0.40670082  	
1	 -3.73597188  	0.15150528  	5.94221933  			0.08910648  	-0.21971180  	-0.45488480  	
1	 -3.19071213  	-0.96996083  	4.65511722  			1.10199821  	-1.89916706  	-0.01851317  	
1	 -4.64342451  	-0.12517287  	4.41887996  			0.51148015  	0.27904940  	0.31501997  	
1	 -2.02239100  	0.05622420  	0.24371026  			0.31885216  	0.35765779  	-0.15678222  	
1	 0.07525656  	1.78563440  	-2.74515974  			0.00814242  	0.53569078  	-1.43639922  	
1	 1.39831914  	3.49513189  	-1.67910531  			-0.18423580  	-0.14799367  	0.57740986  	

COM [A]: [0.06610321 0.11903546 0.00063704]

-------------------- 
-Frame: 80 Simulation Time: 40.000000	 Temperature: 208.72904843 K

El 				Position [A] 								   Predicted Force [eV/A]
6	 0.43599871  	-1.66946215  	-5.83596409  			0.17492400  	-0.86925966  	-0.04948608  	
6	 0.85088310  	-2.08822083  	-4.43968187  			0.26239154  	-1.08900845  	0.00232435  	
8	 0.37720337  	-1.07813877  	-3.56245788  			0.27919295  	0.28389063  	0.29033935  	
6	 0.25860229  	-3.37624364  	-3.82586040  			-1.66442895  	0.23166871  	-0.67205775  	
6	 2.41941458  	-2.10014291  	-4.20155877  			-0.21886455  	-0.57949072  	-0.90155071  	
6	 3.01233349  	-3.51622060  	-4.20915983  			-1.14032674  	0.40164584  	-1.77841020  	
6	 3.18718275  	-1.18585344  	-5.17342003  			-0.60524982  	-0.01294092  	0.27228820  	
8	 2.52161639  	-1.61980436  	-2.86394813  			-1.07606661  	1.04400909  	0.26439625  	
5	 1.31144692  	-0.94950646  	-2.56670887  			0.93436682  	-0.75439185  	-0.20721121  	
6	 0.99043601  	-0.24252314  	-1.24756549  			0.75095075  	0.06120175  	-0.05986367  	
6	 2.00844221  	-0.02597789  	-0.37794352  			0.37349054  	-0.67491913  	-0.41929337  	
6	 2.02561505  	0.88291779  	0.69067778  			-0.61924815  	0.54907906  	-0.16283783  	
1	 2.89852150  	0.85497299  	1.28180728  			1.04059672  	0.27916035  	0.52409011  	
6	 0.87740367  	1.52545570  	1.36369077  			-0.31827417  	1.27340579  	-0.37452361  	
1	 1.13413972  	1.91365736  	2.34803743  			-0.01109921  	-0.29618275  	0.01453618  	
6	 -0.52120629  	1.06897297  	1.28594318  			0.61541498  	-1.13368571  	-0.29901958  	
5	 -1.17974543  	1.00917100  	2.65336414  			-1.02031839  	0.66507131  	-0.40977392  	
8	 -0.67566347  	1.73561933  	3.69489978  			-0.06446560  	0.03154046  	0.38795486  	
6	 -1.50494834  	1.42135263  	4.81646159  			-0.26635969  	0.28861439  	1.27527499  	
6	 -1.56856460  	2.60494851  	5.82050275  			-1.23821712  	-1.72017574  	-0.33498380  	
6	 -0.85329191  	0.19862556  	5.45555085  			-2.07075644  	0.78642720  	1.16317356  	
6	 -2.84760888  	1.04385902  	4.16773719  			-0.40108961  	-0.50668114  	-0.21959734  	
6	 -3.79959555  	2.17304189  	3.87889372  			0.49744412  	1.32275355  	-1.06629586  	
6	 -3.63049702  	-0.03605960  	4.88582147  			-1.19767606  	2.02957058  	0.34983438  	
8	 -2.42970994  	0.49560399  	2.89020765  			0.37516207  	0.02554760  	0.25115976  	
6	 -1.02700183  	0.54220062  	0.16559401  			-0.14079876  	-0.12581328  	-1.01637840  	
6	 -0.30263806  	0.48989046  	-1.20231941  			-1.42407215  	-0.30076903  	1.19170213  	
1	 -0.94224743  	0.02868849  	-1.95419222  			-0.24516581  	0.08218246  	0.24864787  	
6	 0.16207842  	1.79293502  	-1.70548586  			0.89530849  	1.02842903  	1.35298932  	
6	 0.91350694  	2.68634898  	-0.99870061  			-0.06353631  	-0.12713970  	-0.27300453  	
6	 1.36226036  	2.51022317  	0.34250497  			0.24892242  	-1.32129502  	-0.45517537  	
1	 2.03559566  	3.25633851  	0.67138863  			0.65115076  	0.63947386  	0.54618263  	
1	 -0.62821339  	-1.91129616  	-5.95261150  			0.09216507  	0.53935117  	-0.07299913  	
1	 0.96504145  	-2.16929622  	-6.67341956  			-0.07741071  	0.06797073  	0.57180649  	
1	 0.69819706  	-0.61442242  	-5.86830207  			-0.45912370  	0.19411427  	-0.43117675  	
1	 -0.88436305  	-3.35166338  	-3.71087922  			1.66402948  	0.11582156  	-0.75753379  	
1	 0.57699302  	-3.38357623  	-2.80621708  			0.55005294  	-0.25542533  	0.78635818  	
1	 0.58401624  	-4.29957912  	-4.31931068  			-0.38686144  	0.28535041  	0.04672156  	
1	 2.64904113  	-4.03977734  	-5.13261009  			0.47216469  	0.33156177  	0.62172705  	
1	 2.60516407  	-4.03793773  	-3.38348485  			-0.12193957  	-0.64118999  	0.92682225  	
1	 4.08272864  	-3.53296748  	-4.19631078  			0.61952370  	0.13097078  	0.09883504  	
1	 3.37647226  	-1.51859297  	-6.20223736  			-0.37228203  	-0.64763725  	0.30099198  	
1	 4.14387276  	-1.10531571  	-4.69971734  			0.79888248  	0.57837158  	0.14888819  	
1	 2.68852308  	-0.22306854  	-5.28731175  			0.17849994  	0.22089919  	0.38641834  	
1	 2.96051235  	-0.54012139  	-0.59806542  			-0.44771719  	0.29389691  	0.07982974  	
1	 -0.58758907  	2.82171720  	6.14668713  			1.14744890  	0.61125410  	0.19678664  	
1	 -2.12925139  	2.33167082  	6.73406413  			0.17834896  	-0.12022799  	-0.49151543  	
1	 -2.08728357  	3.42570991  	5.37102621  			0.05820184  	0.68047523  	-0.25053957  	
1	 0.14623494  	0.42786203  	5.56759492  			2.39958024  	0.29244283  	0.25817305  	
1	 -0.97262904  	-0.61291314  	4.80082861  			-0.06509244  	-1.25692117  	-0.94171697  	
1	 -1.25539614  	-0.06621347  	6.45507490  			-0.00908630  	0.17390212  	-0.45991230  	
1	 -4.60543043  	2.23549579  	4.59829885  			0.13435142  	0.30583358  	0.49125886  	
1	 -4.32522454  	1.95150468  	2.94804698  			-0.04356906  	-0.28191265  	-0.11972136  	
1	 -3.29304370  	3.15499457  	3.64809884  			-0.46238670  	-0.89164001  	0.56961012  	
1	 -3.70786355  	0.21702110  	5.94987379  			0.01115279  	-0.13769619  	-0.11049573  	
1	 -3.20898688  	-0.97775395  	4.76783092  			0.72399753  	-1.68325675  	-0.20835494  	
1	 -4.65830749  	-0.00045858  	4.48706321  			0.35111821  	-0.35748857  	0.17305396  	
1	 -2.05410538  	0.13783470  	0.17878207  			0.53119171  	0.25929460  	0.02577431  	
1	 0.14296482  	1.97770306  	-2.73545769  			-0.36609516  	0.15704240  	-1.59327948  	
1	 1.39600627  	3.51684764  	-1.55084599  			-0.41244745  	-0.47707617  	0.31875944  	

COM [A]: [0.06609986 0.11898136 0.00060516]

