
Will write log file to "MD_7.md.log".

Command line:  /opt/packages/orca/orca_5_0_1_linux_x86-64_shared_openmpi411/orca_md MD_7 orca


    ################################################################
    ########    ORCA ab initio Molecular Dynamics Module    ########
    ########          and SANscript Interpreter             ########
    ########          Martin Brehm, 2016 - 2021             ########
    ########       https://brehm-research.de/orcamd         ########
    ################################################################


  * Compiled as ORCA module.
  * Called from ORCA.
  * Base name: "MD_7"
  * Source code version: May 16 2021
  * Compiled at Jul 22 2021 19:43:51, compiler "Clang 12.0.0 (/home/frankw/CompEnv/src/llvm1200/llvm-project/clang d28af7c654d8db0b68c175db5ce212d74fb5e9bc)", LLVM, CLANG 12.0.0, Linux
  * Machine: x86_64, int=4b, long=8b, addr=8b, 0xA0B0C0D0=D0,C0,B0,A0.
  * Executable name: "/opt/packages/orca/orca_5_0_1_linux_x86-64_shared_openmpi411/orca_md"
  * Running on r046.ib.bridges2.psc.edu at Fri Jul  1 14:55:54 2022 (PID 43015)
  * Running in /jet/home/nhattrup/ORCA_fun/transition_states/bvl_bvl/bvl_bvl_rxn1/nequip_data/7

Initializing SAN engine...

Started parsing input script.
Reading input file "MD_7.mdinput" ...
229 Bytes read.
Tokenizing input...
Found 25 tokens in file.
Handling brackets...
Handling reference parentheses...
Handling keywords...
Handling operators...
Grouping commas...
Removing commas...
Handling variables...
Found unit "K", which is the default.
Found unit "fs", which is the default.
Found unit "K", which is the default.
Found unit "fs", which is the default.
Handling functions, iteration 1...
Handling functions, iteration 2...
Handling functions, iteration 3...
Flattening tree...
Checking keyword syntax...
Finished parsing input script.

Initializing MD engine with interface "ORCA" ...


>>>>>>>>>>>>>>>>>>>>>>>>>>>>>>>>>>>>>>>>>>>>>>>>>>>>
>>>   Output of System Information (from ORCA)   >>>
>>>>>>>>>>>>>>>>>>>>>>>>>>>>>>>>>>>>>>>>>>>>>>>>>>>>


############################################
   Total Atom Count:              38
   Total System Mass:          258.4 a.m.u.
   Total Basis Dimension:        728
   Total Electron Number:        138
   Total Charge:                   0
   Total Multiplicity:             1
  ------------------------------------------
   ReducePrint:                 true
   Print Mulliken Pop:             1
   Print Loewdin Pop:              1
   Print Mayer Pop:                1
   Print Orbital Energies:         1
############################################

<<<<<<<<<<<<<<<<<<<<<<<<<<<<<<<<<<<<<<<<<<<<<<<<<<<<
<<<          End of System Information           <<<
<<<<<<<<<<<<<<<<<<<<<<<<<<<<<<<<<<<<<<<<<<<<<<<<<<<<

Initializing regions...

Defined regions:
         all:    38 atoms
          qm:    38 atoms
      active:    38 atoms


######################################################
########        Executing Input Script        ########
######################################################

Execution verbose level is 2.



>>>>>> Initvel 500

Initializing atom velocities for region "all" to 500.00 K:
  Creating Maxwell-Boltzmann distribution...
  Removing initial center of mass movement...
  Rescaling velocities to match exact initial temperature (factor 0.729543)...
Done.


>>>>>> Timestep 0.5

Setting integration time step to 0.50 fs.


>>>>>> Thermostat Berendsen, 500, Timecon, 10.0

Switching on thermostat for region "all": Type Berendsen, temperature 500.00 K, time constant 10.00 fs, global.


>>>>>> Dump Position, Stride, 1, Filename, "IMAGE_7_trajectory_500K.xyz"

Modified writing position trajectory for region "all": Format XYZ, stride 1, filename "IMAGE_7_trajectory_500K.xyz", append.


>>>>>> Dump Force, Stride, 1, Filename, "IMAGE_7_forces_500K.xyz"

Switched on writing force trajectory for region "all": Format XYZ, stride 1, filename "IMAGE_7_forces_500K.xyz", append.


>>>>>> Restart Ifexists

Reading restart file "MD_7.mdrestart"...
  Restart file "MD_7.mdrestart" does not exist; not restarting.
Failed, but "Ifexists" was specified. Continuing.


>>>>>> Run 100


***************************************************
****    Starting MD loop for      100 steps    ****
***************************************************


Dump: Will write Position data of region "all" in XYZ format with stride 1 to "IMAGE_7_trajectory_500K.xyz" (append).
Dump: Will write Force data of region "all" in XYZ format with stride 1 to "IMAGE_7_forces_500K.xyz" (append).

Defined regions:
         all:    38 atoms
          qm:    38 atoms
      active:    38 atoms

Active Thermostats:
  (*) Region "all": Type Berendsen, temperature 500.00 K, time constant 10.00 fs, global.


Will write restart file to "MD_7.mdrestart" after each step.
Will write energy statistics to "MD_7-md-ener.csv" after each step.

The system contains 114 active degrees of freedom (38 active atoms * 3).


            |  Sim. Time |  t_SCF | t_Grad |     Temp |     E_Kin |         E_Pot |         E_Tot |      Cons.Qty |   Drift
       Step |       [fs] |    [s] |    [s] |      [K] | [Hartree] |     [Hartree] |     [Hartree] |     [Hartree] |     [K]
------------|------------|--------|--------|----------|-----------|---------------|---------------|---------------|-----------
          0          0.0    217.7              500.00    0.090254     -772.166151     -772.075897                          
          1          0.5    121.5     46.0     487.49    0.087995     -772.162823     -772.074828     -772.074947      0.00
          2          1.0    122.1     44.9     460.20    0.083069     -772.157446     -772.074376     -772.074873      0.20
          3          1.5    120.5     46.8     429.26    0.077485     -772.151121     -772.073636     -772.074805      0.39
          4          2.0    131.3     46.5     400.20    0.072239     -772.144872     -772.072633     -772.074751      0.54
          5          2.5    119.5     45.9     376.98    0.068047     -772.139479     -772.071432     -772.074718      0.63
          6          3.0    131.6     46.3     361.61    0.065274     -772.135386     -772.070111     -772.074712      0.65
          7          3.5    130.1     44.8     353.94    0.063889     -772.132632     -772.068743     -772.074731      0.60
          8          4.0    111.5     45.6     351.57    0.063462     -772.130846     -772.067384     -772.074782      0.46
          9          4.5    132.1     47.7     350.59    0.063285     -772.129311     -772.066027     -772.074845      0.28
         10          5.0    140.0     46.0     346.51    0.062548     -772.127158     -772.064611     -772.074887      0.17
         11          5.5    132.3     45.6     335.88    0.060630     -772.123689     -772.063059     -772.074895      0.14
         12          6.0    140.6     45.8     318.38    0.057470     -772.118758     -772.061288     -772.074849      0.27
         13          6.5    142.0     45.8     297.98    0.053788     -772.113059     -772.059271     -772.074751      0.54
         14          7.0    139.7     46.8     282.72    0.051033     -772.108121     -772.057087     -772.074632      0.87
         15          7.5    139.6     46.8     281.87    0.050881     -772.105816     -772.054935     -772.074552      1.09
         16          8.0    139.7     45.9     301.30    0.054388     -772.107452     -772.053064     -772.074568      1.05
         17          8.5    121.4     46.0     339.24    0.061235     -772.112887     -772.051652     -772.074684      0.73
         18          9.0    122.5     45.4     386.05    0.069685     -772.120413     -772.050728     -772.074842      0.29
         19          9.5    120.8     45.8     428.91    0.077422     -772.127599     -772.050177     -772.074967     -0.05
         20         10.0    121.4     46.2     457.82    0.082640     -772.132466     -772.049826     -772.075016     -0.19
         21         10.5    121.6     45.5     469.06    0.084669     -772.134178     -772.049509     -772.074994     -0.13
         22         11.0    123.2     46.4     464.95    0.083928     -772.133038     -772.049110     -772.074927      0.05
         23         11.5    141.8     45.5     451.49    0.081498     -772.130070     -772.048572     -772.074850      0.27
         24         12.0    141.9     48.8     435.70    0.078647     -772.126540     -772.047893     -772.074782      0.46
         25         12.5    143.0     47.1     423.69    0.076480     -772.123602     -772.047122     -772.074736      0.58
         26         13.0    141.2     45.9     419.57    0.075736     -772.122077     -772.046340     -772.074718      0.63
         27         13.5    141.9     45.6     424.88    0.076695     -772.122335     -772.045640     -772.074732      0.60
         28         14.0    120.8     46.1     438.44    0.079142     -772.124243     -772.045101     -772.074777      0.47
         29         14.5    145.6     45.8     456.51    0.082405     -772.127162     -772.044758     -772.074847      0.28
         30         15.0    132.2     45.7     473.56    0.085481     -772.130066     -772.044585     -772.074926      0.06
         31         15.5    139.2     46.2     483.48    0.087273     -772.131767     -772.044494     -772.074991     -0.12
         32         16.0    131.7     45.4     481.54    0.086922     -772.131270     -772.044347     -772.075020     -0.20
         33         16.5    133.4     46.8     466.27    0.084166     -772.128164     -772.043999     -772.074992     -0.12
         34         17.0    132.9     46.1     440.87    0.079581     -772.122928     -772.043347     -772.074902      0.12
         35         17.5    132.3     46.6     413.12    0.074571     -772.116964     -772.042394     -772.074774      0.48
         36         18.0    112.3     45.1     392.98    0.070935     -772.112213     -772.041278     -772.074675      0.75
         37         18.5    110.6     46.8     388.67    0.070157     -772.110364     -772.040207     -772.074662      0.79
         38         19.0    144.0     46.2     402.32    0.072623     -772.111974     -772.039351     -772.074734      0.59
         39         19.5    143.3     45.8     428.29    0.077309     -772.116105     -772.038796     -772.074860      0.24
         40         20.0    143.9     46.5     455.98    0.082308     -772.120809     -772.038500     -772.074983     -0.10
         41         20.5    143.1     46.6     475.33    0.085801     -772.124132     -772.038331     -772.075048     -0.28
         42         21.0    145.2     46.5     481.00    0.086825     -772.124969     -772.038144     -772.075042     -0.26
         43         21.5    143.4     45.5     473.56    0.085481     -772.123314     -772.037833     -772.074982     -0.10
         44         22.0    144.9     46.4     457.89    0.082653     -772.120003     -772.037350     -772.074898      0.13
         45         22.5    142.1     45.7     440.76    0.079560     -772.116265     -772.036705     -772.074817      0.36
         46         23.0    111.8     46.7     428.52    0.077351     -772.113321     -772.035970     -772.074761      0.52
         47         23.5    142.8     46.3     425.84    0.076867     -772.112108     -772.035241     -772.074736      0.58
         48         24.0    143.1     46.4     434.73    0.078472     -772.113094     -772.034623     -772.074738      0.58
         49         24.5    142.2     46.0     454.09    0.081967     -772.116192     -772.034225     -772.074777      0.47
         50         25.0    134.3     46.7     479.94    0.086633     -772.120734     -772.034102     -772.074844      0.29
         51         25.5    132.8     45.7     506.04    0.091344     -772.125584     -772.034240     -772.074925      0.06
         52         26.0    135.0     46.5     525.35    0.094831     -772.129385     -772.034555     -772.074999     -0.14
         53         26.5    133.0     46.6     532.06    0.096041     -772.130939     -772.034898     -772.075037     -0.25
         54         27.0    134.6     46.8     523.63    0.094520     -772.129624     -772.035105     -772.075019     -0.20
         55         27.5    143.6     46.3     502.30    0.090669     -772.125719     -772.035050     -772.074943      0.01
         56         28.0    145.6     46.4     475.00    0.085741     -772.120441     -772.034700     -772.074830      0.32
         57         28.5    142.7     46.0     451.20    0.081445     -772.115579     -772.034134     -772.074728      0.61
         58         29.0    116.6     45.8     438.89    0.079223     -772.112744     -772.033521     -772.074696      0.69
         59         29.5    132.8     46.8     441.05    0.079614     -772.112622     -772.033009     -772.074743      0.56
         60         30.0    133.6     45.8     454.30    0.082004     -772.114668     -772.032663     -772.074832      0.32
         61         30.5    144.1     46.3     470.79    0.084981     -772.117463     -772.032482     -772.074929      0.05
         62         31.0    143.6     45.7     482.45    0.087086     -772.119462     -772.032376     -772.074989     -0.12
         63         31.5    140.3     46.3     484.46    0.087450     -772.119681     -772.032231     -772.074992     -0.12
         64         32.0    122.9     46.9     476.65    0.086040     -772.118003     -772.031963     -772.074946      0.00
         65         32.5    123.5     45.9     462.77    0.083533     -772.115072     -772.031538     -772.074874      0.20
         66         33.0    122.3     46.9     448.52    0.080961     -772.111938     -772.030977     -772.074802      0.40
         67         33.5    123.0     45.5     439.54    0.079341     -772.109688     -772.030347     -772.074747      0.55
         68         34.0    123.3     46.5     439.92    0.079410     -772.109158     -772.029749     -772.074720      0.63
         69         34.5    141.8     46.4     451.29    0.081462     -772.110753     -772.029291     -772.074725      0.62
         70         35.0    143.3     44.9     472.46    0.085283     -772.114350     -772.029067     -772.074762      0.51
         71         35.5    134.0     41.5     499.57    0.090176     -772.119303     -772.029127     -772.074826      0.33
         72         36.0    134.3     44.3     526.82    0.095095     -772.124554     -772.029459     -772.074903      0.12
         73         36.5    139.8     44.5     547.82    0.098887     -772.128870     -772.029984     -772.074974     -0.07
         74         37.0    139.3     44.5     557.31    0.100598     -772.131169     -772.030571     -772.075017     -0.19
         75         37.5    138.6     44.5     552.78    0.099782     -772.130853     -772.031071     -772.075015     -0.19
         76         38.0    138.5     44.5     535.64    0.096687     -772.128047     -772.031359     -772.074965     -0.05
         77         38.5    138.7     44.7     511.06    0.092251     -772.123633     -772.031381     -772.074882      0.18
         78         39.0    147.5     44.4     486.46    0.087809     -772.118981     -772.031171     -772.074800      0.41
         79         39.5    117.7     44.1     468.58    0.084582     -772.115410     -772.030829     -772.074756      0.53
         80         40.0    118.4     44.8     460.73    0.083166     -772.113632     -772.030466     -772.074766      0.50
         81         40.5    128.2     44.2     461.72    0.083344     -772.113495     -772.030151     -772.074815      0.36
         82         41.0    128.4     44.6     466.96    0.084291     -772.114186     -772.029895     -772.074873      0.20
         83         41.5    128.8     44.1     470.99    0.085018     -772.114679     -772.029661     -772.074915      0.09
         84         42.0    129.1     44.5     469.76    0.084795     -772.114176     -772.029381     -772.074922      0.07
         85         42.5    129.0     44.6     462.05    0.083403     -772.112393     -772.028990     -772.074891      0.15
         86         43.0    118.1     44.6     449.67    0.081169     -772.109625     -772.028456     -772.074836      0.31
         87         43.5    127.7     44.9     436.63    0.078816     -772.106606     -772.027791     -772.074773      0.48
         88         44.0    117.7     45.1     427.64    0.077192     -772.104239     -772.027047     -772.074716      0.64
         89         44.5    128.0     44.5     426.61    0.077007     -772.103322     -772.026316     -772.074682      0.73
         90         45.0    129.1     44.1     435.62    0.078632     -772.104331     -772.025699     -772.074677      0.75
         91         45.5    128.0     44.6     454.16    0.081979     -772.107270     -772.025291     -772.074704      0.67
         92         46.0    128.4     44.5     479.11    0.086483     -772.111631     -772.025148     -772.074760      0.52
         93         46.5    128.4     44.9     505.28    0.091206     -772.116476     -772.025270     -772.074832      0.32
         94         47.0    129.5     47.1     526.61    0.095058     -772.120650     -772.025592     -772.074901      0.13
         95         47.5    127.5     44.2     537.86    0.097088     -772.123084     -772.025996     -772.074946      0.00
         96         48.0    123.9     48.6     536.21    0.096790     -772.123133     -772.026343     -772.074948     -0.00
         97         48.5    139.7     48.3     522.37    0.094292     -772.120804     -772.026512     -772.074905      0.12
         98         49.0    140.0     48.2     500.59    0.090360     -772.116802     -772.026442     -772.074829      0.33
         99         49.5    138.4     44.9     477.10    0.086121     -772.112271     -772.026150     -772.074755      0.53
        100         50.0    137.6     47.8     457.60    0.082600     -772.108308     -772.025707     -772.074715      0.64
------------|------------|--------|--------|----------|-----------|---------------|---------------|---------------|-----------
            |  Sim. Time |  t_SCF | t_Grad |     Temp |     E_Kin |         E_Pot |         E_Tot |      Cons.Qty |   Drift
       Step |       [fs] |    [s] |    [s] |      [K] | [Hartree] |     [Hartree] |     [Hartree] |     [Hartree] |     [K]


Finished MD run of 100 steps.


Thermostat Summary:
  (*) Region "all": Injected 128.67 kJ/mol of energy into the system (equivalent to 271.50 K).


>>> Timing data >>>
    MD loop was running for 18060.051 seconds ( 5:01:00.051 h:m:s).
    Performance: 180.601 seconds/step, 0.0100 ps/hour.
    Time spent within the MD module (overhead): 0.151 seconds (0.0008 % of total time).
<<< Timing data <<<


Finished MD loop.


###############################################################
########        Finished Executing Input Script        ########
###############################################################


    7 function calls, 0 operator calls, 26 evaluated expressions.


Timings for individual modules during the MD run:

GTO integral calculation        ...      211.102 sec (=   3.518 min)   1.2 %
SCF iterations                  ...    13240.295 sec (= 220.672 min)  73.4 %
SCF Gradient evaluation         ...     4581.215 sec (=  76.354 min)  25.4 %
Self time inside of MD module   ...        2.930 sec (=   0.049 min)   0.0 %

Sum of individual times         ...    18035.542 sec (= 300.592 min)

Total wall time of MD module    ...    18062.808 sec (= 301.047 min)
             --> "dark time"    ...       27.266 sec (=   0.454 min)   0.2 %

( The "dark time" is spent in the ORCA-internal routines for energy and gradient calculation,
  but not inside of the sub-programs which do so. It contains operating system overhead for
  spawning new processes in each MD step and some file IO time. )



    #########################################################
    ####    ORCA ab initio Molecular Dynamics leaving    ####
    ####           Martin Brehm, 2016 - 2021             ####
    ####        https://brehm-research.de/orcamd         ####
    #########################################################

