
Will write log file to "MD_5.md.log".

Command line:  /opt/packages/orca/orca_5_0_1_linux_x86-64_shared_openmpi411/orca_md MD_5 orca


    ################################################################
    ########    ORCA ab initio Molecular Dynamics Module    ########
    ########          and SANscript Interpreter             ########
    ########          Martin Brehm, 2016 - 2021             ########
    ########       https://brehm-research.de/orcamd         ########
    ################################################################


  * Compiled as ORCA module.
  * Called from ORCA.
  * Base name: "MD_5"
  * Source code version: May 16 2021
  * Compiled at Jul 22 2021 19:43:51, compiler "Clang 12.0.0 (/home/frankw/CompEnv/src/llvm1200/llvm-project/clang d28af7c654d8db0b68c175db5ce212d74fb5e9bc)", LLVM, CLANG 12.0.0, Linux
  * Machine: x86_64, int=4b, long=8b, addr=8b, 0xA0B0C0D0=D0,C0,B0,A0.
  * Executable name: "/opt/packages/orca/orca_5_0_1_linux_x86-64_shared_openmpi411/orca_md"
  * Running on r014.ib.bridges2.psc.edu at Sun Jul 10 11:33:11 2022 (PID 69681)
  * Running in /jet/home/nhattrup/ORCA_fun/transition_states/bvl_bpin2/rxn1/nequip_data/5

Initializing SAN engine...

Started parsing input script.
Reading input file "MD_5.mdinput" ...
229 Bytes read.
Tokenizing input...
Found 25 tokens in file.
Handling brackets...
Handling reference parentheses...
Handling keywords...
Handling operators...
Grouping commas...
Removing commas...
Handling variables...
Found unit "K", which is the default.
Found unit "fs", which is the default.
Found unit "K", which is the default.
Found unit "fs", which is the default.
Handling functions, iteration 1...
Handling functions, iteration 2...
Handling functions, iteration 3...
Flattening tree...
Checking keyword syntax...
Finished parsing input script.

Initializing MD engine with interface "ORCA" ...


>>>>>>>>>>>>>>>>>>>>>>>>>>>>>>>>>>>>>>>>>>>>>>>>>>>>
>>>   Output of System Information (from ORCA)   >>>
>>>>>>>>>>>>>>>>>>>>>>>>>>>>>>>>>>>>>>>>>>>>>>>>>>>>


############################################
   Total Atom Count:              60
   Total System Mass:          382.1 a.m.u.
   Total Basis Dimension:       1060
   Total Electron Number:        206
   Total Charge:                   0
   Total Multiplicity:             1
  ------------------------------------------
   ReducePrint:                 true
   Print Mulliken Pop:             1
   Print Loewdin Pop:              1
   Print Mayer Pop:                1
   Print Orbital Energies:         1
############################################

<<<<<<<<<<<<<<<<<<<<<<<<<<<<<<<<<<<<<<<<<<<<<<<<<<<<
<<<          End of System Information           <<<
<<<<<<<<<<<<<<<<<<<<<<<<<<<<<<<<<<<<<<<<<<<<<<<<<<<<

Initializing regions...

Defined regions:
         all:    60 atoms
          qm:    60 atoms
      active:    60 atoms


######################################################
########        Executing Input Script        ########
######################################################

Execution verbose level is 2.



>>>>>> Initvel 500

Initializing atom velocities for region "all" to 500.00 K:
  Creating Maxwell-Boltzmann distribution...
  Removing initial center of mass movement...
  Rescaling velocities to match exact initial temperature (factor 0.893633)...
Done.


>>>>>> Timestep 0.5

Setting integration time step to 0.50 fs.


>>>>>> Thermostat Berendsen, 500, Timecon, 10.0

Switching on thermostat for region "all": Type Berendsen, temperature 500.00 K, time constant 10.00 fs, global.


>>>>>> Dump Position, Stride, 1, Filename, "IMAGE_5_trajectory_500K.xyz"

Modified writing position trajectory for region "all": Format XYZ, stride 1, filename "IMAGE_5_trajectory_500K.xyz", append.


>>>>>> Dump Force, Stride, 1, Filename, "IMAGE_5_forces_500K.xyz"

Switched on writing force trajectory for region "all": Format XYZ, stride 1, filename "IMAGE_5_forces_500K.xyz", append.


>>>>>> Restart Ifexists

Reading restart file "MD_5.mdrestart"...
  Restart file "MD_5.mdrestart" does not exist; not restarting.
Failed, but "Ifexists" was specified. Continuing.


>>>>>> Run 100


***************************************************
****    Starting MD loop for      100 steps    ****
***************************************************


Dump: Will write Position data of region "all" in XYZ format with stride 1 to "IMAGE_5_trajectory_500K.xyz" (append).
Dump: Will write Force data of region "all" in XYZ format with stride 1 to "IMAGE_5_forces_500K.xyz" (append).

Defined regions:
         all:    60 atoms
          qm:    60 atoms
      active:    60 atoms

Active Thermostats:
  (*) Region "all": Type Berendsen, temperature 500.00 K, time constant 10.00 fs, global.


Will write restart file to "MD_5.mdrestart" after each step.
Will write energy statistics to "MD_5-md-ener.csv" after each step.

The system contains 180 active degrees of freedom (60 active atoms * 3).


            |  Sim. Time |  t_SCF | t_Grad |     Temp |     E_Kin |         E_Pot |         E_Tot |      Cons.Qty |   Drift
       Step |       [fs] |    [s] |    [s] |      [K] | [Hartree] |     [Hartree] |     [Hartree] |     [Hartree] |     [K]
------------|------------|--------|--------|----------|-----------|---------------|---------------|---------------|-----------
          0          0.0    359.9              500.00    0.142506    -1207.435713    -1207.293206                          
          1          0.5    345.5    111.9     489.18    0.139422    -1207.432166    -1207.292743    -1207.292906      0.00
          2          1.0    344.5    112.4     461.48    0.131528    -1207.423595    -1207.292067    -1207.292807      0.17
          3          1.5    343.5    112.1     423.95    0.120830    -1207.411600    -1207.290770    -1207.292651      0.45
          4          2.0    343.2    119.2     385.04    0.109743    -1207.398613    -1207.288871    -1207.292476      0.75
          5          2.5    341.9    110.0     353.46    0.100742    -1207.387288    -1207.286546    -1207.292349      0.98
          6          3.0    341.5    113.1     334.95    0.095465    -1207.379515    -1207.284050    -1207.292330      1.01
          7          3.5    296.6    112.1     329.76    0.093985    -1207.375570    -1207.281585    -1207.292418      0.85
          8          4.0    273.7    112.3     332.62    0.094801    -1207.374019    -1207.279217    -1207.292561      0.60
          9          4.5    276.1    112.7     335.49    0.095619    -1207.372495    -1207.276876    -1207.292688      0.38
         10          5.0    276.6    114.0     331.31    0.094429    -1207.368831    -1207.274402    -1207.292744      0.28
         11          5.5    296.2    112.6     316.79    0.090290    -1207.361907    -1207.271617    -1207.292707      0.35
         12          6.0    299.0    111.4     293.39    0.083621    -1207.352014    -1207.268393    -1207.292583      0.57
         13          6.5    297.8    110.7     266.92    0.076076    -1207.340790    -1207.264714    -1207.292400      0.89
         14          7.0    295.5    112.1     245.95    0.070098    -1207.330813    -1207.260715    -1207.292212      1.22
         15          7.5    296.4    113.0     239.24    0.068187    -1207.324861    -1207.256674    -1207.292082      1.44
         16          8.0    296.3    111.7     252.59    0.071991    -1207.324938    -1207.252947    -1207.292066      1.47
         17          8.5    295.1    112.0     286.02    0.081520    -1207.331362    -1207.249842    -1207.292172      1.29
         18          9.0    321.0    112.2     333.25    0.094979    -1207.342499    -1207.247520    -1207.292351      0.97
         19          9.5    276.8    111.7     384.18    0.109495    -1207.355458    -1207.245963    -1207.292532      0.66
         20         10.0    276.0    112.7     428.84    0.122224    -1207.367251    -1207.245027    -1207.292663      0.43
         21         10.5    300.4    113.3     460.12    0.131140    -1207.375637    -1207.244497    -1207.292731      0.31
         22         11.0    322.7    112.1     474.58    0.135261    -1207.379390    -1207.244129    -1207.292744      0.28
         23         11.5    299.7    114.8     472.19    0.134580    -1207.378252    -1207.243672    -1207.292705      0.35
         24         12.0    300.6    113.4     456.05    0.129979    -1207.372889    -1207.242910    -1207.292602      0.53
         25         12.5    298.6    110.4     432.23    0.123191    -1207.364927    -1207.241735    -1207.292444      0.81
         26         13.0    298.7    113.0     409.09    0.116595    -1207.356796    -1207.240201    -1207.292273      1.11
         27         13.5    301.3    112.3     394.83    0.112531    -1207.351050    -1207.238519    -1207.292169      1.29
         28         14.0    300.5    109.7     393.82    0.112245    -1207.349195    -1207.236950    -1207.292193      1.25
         29         14.5    301.1    113.6     403.88    0.115112    -1207.350763    -1207.235651    -1207.292336      1.00
         30         15.0    328.7    113.1     416.98    0.118845    -1207.353436    -1207.234592    -1207.292522      0.67
         31         15.5    350.6    113.4     423.31    0.120648    -1207.354228    -1207.233580    -1207.292660      0.43
         32         16.0    280.5    119.4     415.84    0.118520    -1207.350871    -1207.232350    -1207.292693      0.37
         33         16.5    349.6    114.0     393.06    0.112028    -1207.342695    -1207.230667    -1207.292613      0.51
         34         17.0    350.4    114.1     359.33    0.102414    -1207.330796    -1207.228383    -1207.292440      0.82
         35         17.5    346.3    113.6     323.34    0.092155    -1207.317673    -1207.225518    -1207.292226      1.19
         36         18.0    348.1    114.8     295.39    0.084189    -1207.306451    -1207.222262    -1207.292038      1.52
         37         18.5    347.8    112.5     284.04    0.080956    -1207.299884    -1207.218928    -1207.291944      1.69
         38         19.0    324.9    112.9     293.04    0.083521    -1207.299375    -1207.215854    -1207.291975      1.63
         39         19.5    348.4    114.3     319.70    0.091119    -1207.304403    -1207.213284    -1207.292109      1.40
         40         20.0    346.5    113.3     355.97    0.101455    -1207.312750    -1207.211296    -1207.292281      1.10
         41         20.5    350.2    112.7     391.90    0.111697    -1207.321509    -1207.209812    -1207.292419      0.85
         42         21.0    349.0    110.8     419.42    0.119541    -1207.328215    -1207.208674    -1207.292490      0.73
         43         21.5    279.6    112.5     434.22    0.123757    -1207.331448    -1207.207691    -1207.292494      0.72
         44         22.0    287.8    104.6     435.76    0.124198    -1207.330873    -1207.206675    -1207.292441      0.81
         45         22.5    214.2    104.2     426.67    0.121607    -1207.327059    -1207.205452    -1207.292318      1.03
         46         23.0    282.5    104.4     412.03    0.117433    -1207.321413    -1207.203980    -1207.292166      1.30
         47         23.5    214.2    103.9     398.91    0.113695    -1207.315977    -1207.202283    -1207.291985      1.62
         48         24.0    285.4    112.5     394.65    0.112481    -1207.313058    -1207.200577    -1207.291860      1.84
         49         24.5    330.3    115.7     403.96    0.115135    -1207.314251    -1207.199117    -1207.291840      1.87
         50         25.0    332.9    112.6     426.38    0.121524    -1207.319634    -1207.198110    -1207.291938      1.70
         51         25.5    332.5    115.6     455.77    0.129899    -1207.327514    -1207.197614    -1207.292105      1.40
         52         26.0    338.4    117.4     482.80    0.137605    -1207.335121    -1207.197517    -1207.292266      1.12
         53         26.5    346.1    115.8     499.01    0.142225    -1207.339814    -1207.197589    -1207.292353      0.97
         54         27.0    345.3    116.4     500.14    0.142546    -1207.340122    -1207.197575    -1207.292337      1.00
         55         27.5    339.1    114.5     487.55    0.138958    -1207.336234    -1207.197277    -1207.292225      1.19
         56         28.0    339.4    115.2     467.47    0.133235    -1207.329856    -1207.196621    -1207.292057      1.49
         57         28.5    338.5    114.2     448.71    0.127889    -1207.323573    -1207.195684    -1207.291890      1.78
         58         29.0    338.9    116.9     439.66    0.125309    -1207.319977    -1207.194668    -1207.291779      1.98
         59         29.5    340.7    117.5     445.45    0.126958    -1207.320795    -1207.193836    -1207.291766      2.00
         60         30.0    339.2    119.5     466.11    0.132847    -1207.326262    -1207.193415    -1207.291853      1.85
         61         30.5    338.0    117.4     496.57    0.141527    -1207.335039    -1207.193512    -1207.292001      1.59
         62         31.0    338.8    119.5     528.83    0.150723    -1207.344815    -1207.194092    -1207.292148      1.33
         63         31.5    337.3    118.2     555.29    0.158264    -1207.353284    -1207.195020    -1207.292248      1.15
         64         32.0    311.4    117.5     571.14    0.162782    -1207.358905    -1207.196123    -1207.292284      1.09
         65         32.5    312.8    117.1     574.94    0.163866    -1207.361099    -1207.197233    -1207.292269      1.12
         66         33.0    337.1    114.4     568.01    0.161891    -1207.360101    -1207.198210    -1207.292226      1.19
         67         33.5    315.5    115.6     553.85    0.157853    -1207.356791    -1207.198938    -1207.292146      1.33
         68         34.0    338.3    115.7     537.63    0.153232    -1207.352629    -1207.199396    -1207.292040      1.52
         69         34.5    337.3    115.7     525.57    0.149793    -1207.349477    -1207.199683    -1207.291943      1.69
         70         35.0    336.2    117.1     523.04    0.149072    -1207.349065    -1207.199993    -1207.291907      1.75
         71         35.5    313.2    116.1     531.96    0.151615    -1207.352146    -1207.200530    -1207.291965      1.65
         72         36.0    312.9    117.5     549.04    0.156484    -1207.357890    -1207.201406    -1207.292106      1.40
         73         36.5    317.6    117.3     566.70    0.161516    -1207.364089    -1207.202573    -1207.292272      1.11
         74         37.0    290.7    118.2     576.30    0.164254    -1207.368100    -1207.203845    -1207.292400      0.89
         75         37.5    312.1    117.4     571.86    0.162987    -1207.367954    -1207.204967    -1207.292444      0.81
         76         38.0    339.3    117.7     552.04    0.157338    -1207.363037    -1207.205699    -1207.292395      0.90
         77         38.5    314.8    113.6     520.25    0.148277    -1207.354164    -1207.205887    -1207.292279      1.10
         78         39.0    314.3    121.9     483.19    0.137717    -1207.343204    -1207.205487    -1207.292131      1.36
         79         39.5    313.1    117.1     448.70    0.127886    -1207.332468    -1207.204582    -1207.291996      1.60
         80         40.0    310.3    117.1     423.50    0.120704    -1207.324053    -1207.203349    -1207.291910      1.75
         81         40.5    313.0    117.0     411.36    0.117243    -1207.319251    -1207.202009    -1207.291899      1.77
         82         41.0    339.1    118.4     412.02    0.117431    -1207.318183    -1207.200752    -1207.291963      1.65
         83         41.5    312.8    117.7     421.62    0.120168    -1207.319843    -1207.199674    -1207.292060      1.48
         84         42.0    307.7    114.7     434.51    0.123841    -1207.322617    -1207.198775    -1207.292144      1.34
         85         42.5    308.8    114.8     445.51    0.126977    -1207.324980    -1207.198004    -1207.292189      1.26
         86         43.0    281.9    116.1     451.52    0.128689    -1207.325974    -1207.197285    -1207.292198      1.24
         87         43.5    304.0    114.3     451.84    0.128779    -1207.325320    -1207.196540    -1207.292176      1.28
         88         44.0    304.1    113.3     447.84    0.127640    -1207.323344    -1207.195704    -1207.292122      1.38
         89         44.5    300.3    115.2     442.58    0.126142    -1207.320905    -1207.194763    -1207.292043      1.51
         90         45.0    301.7    112.9     440.31    0.125495    -1207.319280    -1207.193785    -1207.291959      1.66
         91         45.5    230.7    113.8     445.29    0.126914    -1207.319819    -1207.192905    -1207.291900      1.76
         92         46.0    307.1    115.2     459.73    0.131028    -1207.323350    -1207.192322    -1207.291922      1.73
         93         46.5    325.6    112.1     482.19    0.137430    -1207.329585    -1207.192156    -1207.292022      1.55
         94         47.0    330.7    113.1     507.69    0.144697    -1207.337108    -1207.192410    -1207.292162      1.31
         95         47.5    329.5    113.8     529.70    0.150972    -1207.343948    -1207.192976    -1207.292281      1.10
         96         48.0    278.7    113.2     542.94    0.154745    -1207.348427    -1207.193682    -1207.292343      0.99
         97         48.5    287.7    112.8     545.20    0.155388    -1207.349745    -1207.194357    -1207.292340      0.99
         98         49.0    280.6    112.0     537.60    0.153223    -1207.348095    -1207.194873    -1207.292292      1.08
         99         49.5    280.3    114.1     523.64    0.149245    -1207.344402    -1207.195157    -1207.292222      1.20
        100         50.0    307.9    113.2     507.91    0.144760    -1207.339960    -1207.195200    -1207.292146      1.33
------------|------------|--------|--------|----------|-----------|---------------|---------------|---------------|-----------
            |  Sim. Time |  t_SCF | t_Grad |     Temp |     E_Kin |         E_Pot |         E_Tot |      Cons.Qty |   Drift
       Step |       [fs] |    [s] |    [s] |      [K] | [Hartree] |     [Hartree] |     [Hartree] |     [Hartree] |     [K]


Finished MD run of 100 steps.


Thermostat Summary:
  (*) Region "all": Injected 254.53 kJ/mol of energy into the system (equivalent to 340.15 K).


>>> Timing data >>>
    MD loop was running for 43140.943 seconds (11:59:00.943 h:m:s).
    Performance: 431.409 seconds/step, 0.0042 ps/hour.
    Time spent within the MD module (overhead): 0.209 seconds (0.0005 % of total time).
<<< Timing data <<<


Finished MD loop.


###############################################################
########        Finished Executing Input Script        ########
###############################################################


    7 function calls, 0 operator calls, 26 evaluated expressions.


Timings for individual modules during the MD run:

GTO integral calculation        ...      328.716 sec (=   5.479 min)   0.8 %
SCF iterations                  ...    31352.087 sec (= 522.535 min)  72.8 %
SCF Gradient evaluation         ...    11404.585 sec (= 190.076 min)  26.5 %
Self time inside of MD module   ...        3.075 sec (=   0.051 min)   0.0 %

Sum of individual times         ...    43088.463 sec (= 718.141 min)

Total wall time of MD module    ...    43143.763 sec (= 719.063 min)
             --> "dark time"    ...       55.300 sec (=   0.922 min)   0.1 %

( The "dark time" is spent in the ORCA-internal routines for energy and gradient calculation,
  but not inside of the sub-programs which do so. It contains operating system overhead for
  spawning new processes in each MD step and some file IO time. )



    #########################################################
    ####    ORCA ab initio Molecular Dynamics leaving    ####
    ####           Martin Brehm, 2016 - 2021             ####
    ####        https://brehm-research.de/orcamd         ####
    #########################################################

