NEB log file generated by ORCA
All quantities are given in atomic units. Unless stated otherwise. 
iteration       : 0
climbing        : no
zoom on         : no
nim             : 10
barrier         :   0.04000542 (image:  6) 
distance        :   0.00000000    1.58799408    3.17609854    4.76413348    6.35218490    7.94034873    9.52842272   10.92332471   12.31778441   13.71259663 
energy          : -1206.03560835  -1206.03279666  -1206.02596493  -1206.01730455  -1206.00855595  -1206.00117683  -1205.99560293  -1206.00861879  -1206.02523351  -1206.03401984 
max(|Fr_perp|)   :   0.00000000    0.01164718    0.02097746    0.02721975    0.02983204    0.02565895    0.02170909    0.02509090    0.01969236    0.00000000 
Fr_paral         :   0.00000000   -0.00335035   -0.00524394   -0.00584812   -0.00551272   -0.00429997   -0.00036233    0.01234122    0.01109208    0.00000000 
max(|Fsp_paral|) :   0.00000000    0.00694814    0.00893264    0.00913559    0.00777753    0.00590387    0.00533529    0.01657132    0.02181370    0.00000000 
max(|Fsp_perp|)  :   0.00000000    0.00000000    0.00000000    0.00000000    0.00000000    0.00000000    0.00000000    0.00000000    0.00000000    0.00000000 
max(|FNEB|)      :   0.00000000    0.01361520    0.02347803    0.02976006    0.03197703    0.02727936    0.02129676    0.02962937    0.03018198    0.00000000 
max(|Force|)     :   0.00017831    0.01140255    0.02059557    0.02680002    0.02943116    0.02534835    0.02180901    0.02636617    0.02087999    0.00016579 
ksp              :   0.01287203    0.02887835    0.04916398    0.06965232    0.08693235    0.10000000    0.10000000    0.06949876    0.03058292 
max(|step|)      :   0.00000000    0.03076675    0.05305414    0.06724986    0.07225962    0.06164414    0.04812503    0.06695455    0.06820329    0.00000000 
angle (deg.)     :    1.2477  1.3539  1.3997  1.5641  1.2489  73.5261  5.3245  4.3995 
>
iteration       : 1
climbing        : no
zoom on         : no
nim             : 10
barrier         :   0.03124867 (image:  6) 
distance        :   0.00000000    1.64745086    3.25256235    4.84291364    6.42130044    7.99674431    9.49214612   10.80555044   12.17877396   13.70252972 
energy          : -1206.03560835  -1206.03382044  -1206.02935201  -1206.02314888  -1206.01610804  -1206.00905938  -1206.00435968  -1206.01508398  -1206.02770861  -1206.03401984 
max(|Fr_perp|)   :   0.00000000    0.00835539    0.01513618    0.01959611    0.02094215    0.02700705    0.03357020    0.02173881    0.01218426    0.00000000 
Fr_paral         :   0.00000000   -0.00210525   -0.00357394   -0.00448728   -0.00495186   -0.00416180   -0.00049904    0.01099872    0.00799319    0.00000000 
max(|Fsp_paral|) :   0.00000000    0.00580988    0.00821982    0.00936485    0.00951730    0.00411023    0.00501443    0.01481914    0.01964181    0.00000000 
max(|Fsp_perp|)  :   0.00000000    0.00000000    0.00000000    0.00000000    0.00000000    0.00000000    0.00000000    0.00000000    0.00000000    0.00000000 
max(|FNEB|)      :   0.00000000    0.00909490    0.01526991    0.01946076    0.02166761    0.02733871    0.03406646    0.02782055    0.02822569    0.00000000 
max(|Force|)     :   0.00017831    0.00835540    0.01514311    0.01961440    0.02097262    0.02715917    0.03358381    0.02187249    0.01374190    0.00016579 
ksp              :   0.01060507    0.02416396    0.04298656    0.06435111    0.08573937    0.10000000    0.10000000    0.06745848    0.02915064 
max(|step|)      :   0.00000000    0.02316780    0.04038814    0.05240366    0.05751686    0.04941731    0.03373909    0.07112024    0.07232034    0.00053562 
angle (deg.)     :    1.4835  1.7466  1.9304  2.3467  2.0108  71.3196  9.1258  6.1340 
>
iteration       : 2
climbing        : yes
zoom on         : no
nim             : 10
barrier         :   0.02723756 (image:  6) 
distance        :   0.00000000    1.70701242    3.33313655    4.93092813    6.50676334    8.05046907    9.45663567   10.69234679   12.04629642   13.70381401 
energy          : -1206.03560835  -1206.03424603  -1206.03096024  -1206.02618899  -1206.02011770  -1206.01321664  -1206.00837079  -1206.01821531  -1206.02879056  -1206.03401984 
max(|Fr_perp|)   :   0.00000000    0.00564878    0.00896869    0.01119301    0.01282051    0.01306465    0.01414177    0.01303697    0.00904877    0.00000000 
Fr_paral         :   0.00000000   -0.00152031   -0.00262904   -0.00366959   -0.00467428   -0.00456524   -0.00081119    0.01093783    0.00645989    0.00000000 
max(|Fsp_paral|) :   0.00000000    0.00451626    0.00729337    0.00930448    0.01015224    0.00354926    0.00466059    0.01281327    0.01715465    0.00000000 
max(|Fsp_perp|)  :   0.00000000    0.00000000    0.00000000    0.00000000    0.00000000    0.00000000    0.00000000    0.00000000    0.00000000    0.00000000 
max(|FNEB|)      :   0.00000000    0.00634330    0.01039118    0.01218661    0.01345250    0.01318547    0.01526067    0.02070201    0.02260516    0.00000000 
max(|Force|)     :   0.00017831    0.00566642    0.00897716    0.01112233    0.01276595    0.01400793    0.01413994    0.01496350    0.01032953    0.00016579 
ksp              :   0.01000000    0.02074557    0.03748636    0.05878395    0.08299337    0.10000000    0.10000000    0.06544614    0.02834758 
max(|step|)      :   0.00000000    0.00262250    0.00429600    0.00503828    0.00556163    0.00545123    0.00630918    0.00855878    0.00934559    0.00000000 
angle (deg.)     :    1.4586  1.7344  1.9707  2.4089  2.1579  70.9844  9.5378  6.2364 
>
iteration       : 3
climbing        : yes
zoom on         : no
nim             : 10
barrier         :   0.02586342 (image:  6) 
distance        :   0.00000000    1.71394100    3.34408244    4.94477374    6.52206956    8.05652667    9.45033993   10.67474290   12.02684030   13.70190722 
energy          : -1206.03560835  -1206.03434980  -1206.03127530  -1206.02674849  -1206.02091503  -1206.01429960  -1206.00974493  -1206.01890612  -1206.02904699  -1206.03401984 
max(|Fr_perp|)   :   0.00000000    0.00427301    0.00733296    0.00972967    0.01152660    0.01261406    0.01047604    0.01216753    0.00790932    0.00000000 
Fr_paral         :   0.00000000   -0.00142775   -0.00250787   -0.00354464   -0.00456007   -0.00444316   -0.00087667    0.01074867    0.00629327    0.00000000 
max(|Fsp_paral|) :   0.00000000    0.00426331    0.00732664    0.00946100    0.01007014    0.00336894    0.00463557    0.01208155    0.01716883    0.00000000 
max(|Fsp_perp|)  :   0.00000000    0.00000000    0.00000000    0.00000000    0.00000000    0.00000000    0.00000000    0.00000000    0.00000000    0.00000000 
max(|FNEB|)      :   0.00000000    0.00538940    0.00893221    0.01062151    0.01192406    0.01293904    0.01054438    0.01924260    0.02189859    0.00000000 
max(|Force|)     :   0.00017831    0.00417180    0.00718029    0.00963657    0.01166656    0.01347949    0.01040770    0.01406787    0.00914482    0.00016579 
ksp              :   0.01000000    0.02017550    0.03695878    0.05858650    0.08311342    0.10000000    0.10000000    0.06603461    0.02843700 
max(|step|)      :   0.00000000    0.02198929    0.03672438    0.04425906    0.05463486    0.05942586    0.04284318    0.08354342    0.09749581    0.00065609 
angle (deg.)     :    1.6048  1.8449  2.5087  3.4725  4.1920  70.4698  13.8272  7.9805 
>
iteration       : 4
climbing        : yes
zoom on         : no
nim             : 10
barrier         :   0.02427101 (image:  6) 
distance        :   0.00000000    1.78393161    3.46579994    5.10170107    6.68957701    8.12213342    9.50766630   10.55456857   11.87625361   13.74597838 
energy          : -1206.03560835  -1206.03449184  -1206.03184505  -1206.02804026  -1206.02283287  -1206.01667101  -1206.01133734  -1206.01966274  -1206.02911718  -1206.03401984 
max(|Fr_perp|)   :   0.00000000    0.00448462    0.00705219    0.00899762    0.01017131    0.01115099    0.01178822    0.00953608    0.00921772    0.00000000 
Fr_paral         :   0.00000000   -0.00119839   -0.00207508   -0.00307550   -0.00449595   -0.00523733   -0.00079082    0.01145846    0.00608366    0.00000000 
max(|Fsp_paral|) :   0.00000000    0.00360959    0.00666057    0.00896540    0.00773547    0.00734510    0.00919376    0.00557274    0.01374756    0.00000000 
max(|Fsp_perp|)  :   0.00000000    0.00000000    0.00000000    0.00000000    0.00000000    0.00000000    0.00000000    0.00000000    0.00000000    0.00000000 
max(|FNEB|)      :   0.00000000    0.00542485    0.00777327    0.01055885    0.01219902    0.01216552    0.01172786    0.00982403    0.01427224    0.00000000 
max(|Force|)     :   0.00017831    0.00461293    0.00708474    0.00904592    0.00982829    0.01094356    0.01184857    0.01125381    0.00989562    0.00016579 
ksp              :   0.01000000    0.01862916    0.03372590    0.05438787    0.07883697    0.10000000    0.10000000    0.06696636    0.02945287 
max(|step|)      :   0.00000000    0.01466141    0.02800520    0.04191949    0.05254297    0.05571334    0.03949948    0.06496013    0.08257053    0.00044046 
angle (deg.)     :    1.8187  2.0056  2.9095  4.8278  6.3548  67.3318  19.5188  9.5379 
>
iteration       : 5
climbing        : yes
zoom on         : no
nim             : 10
barrier         :   0.02311034 (image:  6) 
distance        :   0.00000000    1.85328862    3.58224131    5.25267882    6.84148619    8.22410347    9.49925190   10.45148625   11.73449970   13.78246408 
energy          : -1206.03560835  -1206.03457733  -1206.03213257  -1206.02867202  -1206.02392457  -1206.01778538  -1206.01249801  -1206.01992754  -1206.02895510  -1206.03401984 
max(|Fr_perp|)   :   0.00000000    0.00431309    0.00638739    0.00834384    0.00900935    0.01004694    0.01272879    0.00872904    0.00864505    0.00000000 
Fr_paral         :   0.00000000   -0.00105742   -0.00180360   -0.00265368   -0.00437442   -0.00552365   -0.00099617    0.01138290    0.00571811    0.00000000 
max(|Fsp_paral|) :   0.00000000    0.00328205    0.00645240    0.00835625    0.00727330    0.00572584    0.00938560    0.00218927    0.01007419    0.00000000 
max(|Fsp_perp|)  :   0.00000000    0.00000000    0.00000000    0.00000000    0.00000000    0.00000000    0.00000000    0.00000000    0.00000000    0.00000000 
max(|FNEB|)      :   0.00000000    0.00530614    0.00753420    0.00854822    0.01022850    0.01109514    0.01265672    0.00906834    0.01076014    0.00000000 
max(|Force|)     :   0.00017831    0.00432743    0.00641302    0.00838444    0.00908714    0.00975487    0.01280085    0.00985213    0.00932826    0.00016579 
ksp              :   0.01000000    0.01789222    0.03236355    0.05221640    0.07788929    0.10000000    0.10000000    0.06893119    0.03117973 
max(|step|)      :   0.00000000    0.02065708    0.03685017    0.05259957    0.06384625    0.06053370    0.05830338    0.07095605    0.10000000    0.00073539 
angle (deg.)     :    2.1443  2.1869  3.1276  7.0023  9.6867  61.6663  28.4183  11.1306 
>
iteration       : 6
climbing        : yes
zoom on         : no
nim             : 10
barrier         :   0.02267990 (image:  6) 
distance        :   0.00000000    1.95877248    3.76369975    5.47933702    7.07177479    8.35850288    9.47194105   10.35224141   11.56889771   13.84888829 
energy          : -1206.03560835  -1206.03456821  -1206.03212689  -1206.02872342  -1206.02421580  -1206.01787686  -1206.01292846  -1206.01963038  -1206.02825005  -1206.03401984 
max(|Fr_perp|)   :   0.00000000    0.00574329    0.00911444    0.01437256    0.02492120    0.03679223    0.03999127    0.01426927    0.01235012    0.00000000 
Fr_paral         :   0.00000000   -0.00096467   -0.00164728   -0.00234116   -0.00423234   -0.00612537   -0.00023156    0.01082344    0.00550172    0.00000000 
max(|Fsp_paral|) :   0.00000000    0.00340187    0.00646029    0.00772627    0.00565756    0.00287808    0.00731214    0.00038723    0.00322612    0.00000000 
max(|Fsp_perp|)  :   0.00000000    0.00000000    0.00000000    0.00000000    0.00000000    0.00000000    0.00000000    0.00000000    0.00000000    0.00000000 
max(|FNEB|)      :   0.00000000    0.00556121    0.00880391    0.01523549    0.02553498    0.03731000    0.04035866    0.01435410    0.01230914    0.00000000 
max(|Force|)     :   0.00017831    0.00578751    0.00918611    0.01443109    0.02504802    0.03700945    0.04035013    0.01452191    0.01251777    0.00016579 
ksp              :   0.01000000    0.01808535    0.03260075    0.05183518    0.07889128    0.10000000    0.10000000    0.07132508    0.03459319 
max(|step|)      :   0.00000000    0.00563895    0.00892697    0.01544845    0.02589191    0.03783151    0.04092279    0.01455474    0.01248119    0.00000000 
angle (deg.)     :    2.0996  2.1541  2.9928  7.0294  10.0220  61.3555  28.5946  11.2319 
>
iteration       : 7
climbing        : yes
zoom on         : no
nim             : 10
barrier         :   0.01952217 (image:  6) 
distance        :   0.00000000    1.97203569    3.78732193    5.50639545    7.09201968    8.37060436    9.47226660   10.34920904   11.56095016   13.84958637 
energy          : -1206.03560835  -1206.03476175  -1206.03267301  -1206.02969247  -1206.02580655  -1206.02034173  -1206.01608618  -1206.02087247  -1206.02880997  -1206.03401984 
max(|Fr_perp|)   :   0.00000000    0.00159850    0.00275019    0.00535364    0.00891124    0.01307976    0.01346692    0.00340890    0.00320025    0.00000000 
Fr_paral         :   0.00000000   -0.00084530   -0.00148073   -0.00206498   -0.00363960   -0.00573316   -0.00104506    0.00975760    0.00506480    0.00000000 
max(|Fsp_paral|) :   0.00000000    0.00278363    0.00666942    0.00773345    0.00576826    0.00282275    0.00719104    0.00137785    0.00380755    0.00000000 
max(|Fsp_perp|)  :   0.00000000    0.00000000    0.00000000    0.00000000    0.00000000    0.00000000    0.00000000    0.00000000    0.00000000    0.00000000 
max(|FNEB|)      :   0.00000000    0.00220185    0.00476299    0.00670416    0.00985727    0.01357760    0.01352152    0.00396506    0.00425384    0.00000000 
max(|Force|)     :   0.00017831    0.00166679    0.00284732    0.00524915    0.00873320    0.01278288    0.01341232    0.00540281    0.00448967    0.00016579 
ksp              :   0.01000000    0.01675908    0.03171693    0.05121836    0.07864357    0.10000000    0.10000000    0.07598004    0.03614572 
max(|step|)      :   0.00000000    0.00271330    0.00537333    0.00619821    0.00550717    0.00595557    0.00736461    0.00462794    0.00475591    0.00001004 
angle (deg.)     :    2.1172  2.1440  2.8771  7.0745  10.5405  61.0968  29.0718  11.2060 
>
iteration       : 8
climbing        : yes
zoom on         : no
nim             : 10
barrier         :   0.01905984 (image:  6) 
distance        :   0.00000000    1.98461352    3.81437866    5.53658723    7.11474549    8.38393987    9.47488575   10.35423161   11.55422852   13.85359708 
energy          : -1206.03560835  -1206.03477869  -1206.03272210  -1206.02980146  -1206.02603840  -1206.02077218  -1206.01654851  -1206.02106608  -1206.02884873  -1206.03401984 
max(|Fr_perp|)   :   0.00000000    0.00131041    0.00241427    0.00343509    0.00489680    0.00702284    0.00751644    0.00275321    0.00301347    0.00000000 
Fr_paral         :   0.00000000   -0.00083282   -0.00146181   -0.00203115   -0.00349562   -0.00584947   -0.00120189    0.00961889    0.00499121    0.00000000 
max(|Fsp_paral|) :   0.00000000    0.00277387    0.00665920    0.00752823    0.00556325    0.00288160    0.00682898    0.00132293    0.00319134    0.00000000 
max(|Fsp_perp|)  :   0.00000000    0.00000000    0.00000000    0.00000000    0.00000000    0.00000000    0.00000000    0.00000000    0.00000000    0.00000000 
max(|FNEB|)      :   0.00000000    0.00209519    0.00469950    0.00515533    0.00583001    0.00752539    0.00757524    0.00370059    0.00361888    0.00000000 
max(|Force|)     :   0.00017831    0.00152664    0.00281792    0.00402273    0.00488610    0.00672256    0.00745764    0.00503198    0.00428290    0.00016579 
ksp              :   0.01000000    0.01668508    0.03173012    0.05111474    0.07824264    0.10000000    0.10000000    0.07672865    0.03663791 
max(|step|)      :   0.00000000    0.01056488    0.02313819    0.02557093    0.02032306    0.02199265    0.01135454    0.01765725    0.01832413    0.00020740 
angle (deg.)     :    2.2391  2.1539  2.5059  7.2816  13.4344  60.0440  31.4059  11.1665 
>
iteration       : 9
climbing        : yes
zoom on         : no
nim             : 10
barrier         :   0.01924035 (image:  6) 
distance        :   0.00000000    2.03903882    3.93266422    5.66608600    7.21152645    8.44358835    9.49085639   10.38265445   11.53609921   13.87736648 
energy          : -1206.03560835  -1206.03475389  -1206.03263352  -1206.02972011  -1206.02610086  -1206.02099523  -1206.01636800  -1206.02121890  -1206.02875260  -1206.03401984 
max(|Fr_perp|)   :   0.00000000    0.00272239    0.00419297    0.00450032    0.00527513    0.00591454    0.00722295    0.00451033    0.00374557    0.00000000 
Fr_paral         :   0.00000000   -0.00083569   -0.00146791   -0.00206156   -0.00340210   -0.00677059   -0.00106214    0.00997071    0.00497998    0.00000000 
max(|Fsp_paral|) :   0.00000000    0.00307459    0.00630373    0.00647734    0.00488426    0.00314288    0.00506063    0.00078503    0.00021515    0.00000000 
max(|Fsp_perp|)  :   0.00000000    0.00000000    0.00000000    0.00000000    0.00000000    0.00000000    0.00000000    0.00000000    0.00000000    0.00000000 
max(|FNEB|)      :   0.00000000    0.00303643    0.00495704    0.00530067    0.00562694    0.00649953    0.00728869    0.00467312    0.00380367    0.00000000 
max(|Force|)     :   0.00017831    0.00271160    0.00416880    0.00442704    0.00520163    0.00588803    0.00715721    0.00587427    0.00480198    0.00016579 
ksp              :   0.01000000    0.01706833    0.03192271    0.05037586    0.07640752    0.10000000    0.10000000    0.07526711    0.03685566 
max(|step|)      :   0.00000000    0.02454126    0.05160569    0.05549088    0.04322942    0.04463954    0.02379148    0.03320109    0.03275967    0.00046261 
angle (deg.)     :    2.5263  2.2600  2.2473  7.8347  21.9007  57.8787  36.5178  11.8642 
>
iteration       : 10
climbing        : yes
zoom on         : no
nim             : 10
barrier         :   0.02015468 (image:  6) 
distance        :   0.00000000    2.16608639    4.19628920    5.94852829    7.42531117    8.58501950    9.54354132   10.45144728   11.54073337   13.95657435 
energy          : -1206.03560835  -1206.03465721  -1206.03228822  -1206.02927874  -1206.02586140  -1206.02088303  -1206.01545367  -1206.02124234  -1206.02853935  -1206.03401984 
max(|Fr_perp|)   :   0.00000000    0.00483575    0.00752010    0.00757557    0.00901654    0.01370619    0.01564495    0.00747037    0.00702080    0.00000000 
Fr_paral         :   0.00000000   -0.00086479   -0.00150992   -0.00208116   -0.00342199   -0.00826810   -0.00035087    0.01072072    0.00494864    0.00000000 
max(|Fsp_paral|) :   0.00000000    0.00397964    0.00550940    0.00436890    0.00373077    0.00366343    0.00164136    0.00436638    0.00405854    0.00000000 
max(|Fsp_perp|)  :   0.00000000    0.00000000    0.00000000    0.00000000    0.00000000    0.00000000    0.00000000    0.00000000    0.00000000    0.00000000 
max(|FNEB|)      :   0.00000000    0.00503610    0.00789395    0.00793093    0.00834786    0.01320552    0.01565925    0.01040356    0.00688212    0.00000000 
max(|Force|)     :   0.00017831    0.00482470    0.00749250    0.00752748    0.00920293    0.01410410    0.01563065    0.00797425    0.00640151    0.00016579 
ksp              :   0.01000000    0.01839408    0.03298260    0.04954828    0.07368100    0.10000000    0.10000000    0.07193927    0.03656680 
max(|step|)      :   0.00000000    0.05187962    0.09694088    0.10000000    0.07861213    0.06763953    0.04383415    0.04534143    0.04260447    0.00075562 
angle (deg.)     :    2.9747  2.5234  2.9980  9.4180  41.1565  54.7674  44.4689  15.1617 
>
iteration       : 11
climbing        : yes
zoom on         : no
nim             : 10
barrier         :   0.02024217 (image:  6) 
distance        :   0.00000000    2.42960101    4.68547800    6.45131715    7.81834268    8.86036202    9.70252347   10.61761717   11.67707789   14.18924846 
energy          : -1206.03560835  -1206.03449965  -1206.03166987  -1206.02845140  -1206.02550502  -1206.02156308  -1206.01536618  -1206.02093276  -1206.02835897  -1206.03401984 
max(|Fr_perp|)   :   0.00000000    0.00472785    0.01192224    0.01777333    0.01838203    0.01136182    0.01405006    0.01373165    0.00890516    0.00000000 
Fr_paral         :   0.00000000   -0.00091367   -0.00159694   -0.00187060   -0.00291597   -0.00816485    0.00014089    0.01092258    0.00451405    0.00000000 
max(|Fsp_paral|) :   0.00000000    0.00591961    0.00444293    0.00130513    0.00099799    0.00506805    0.00245830    0.00552737    0.00655680    0.00000000 
max(|Fsp_perp|)  :   0.00000000    0.00000000    0.00000000    0.00000000    0.00000000    0.00000000    0.00000000    0.00000000    0.00000000    0.00000000 
max(|FNEB|)      :   0.00000000    0.00564415    0.01108782    0.01769437    0.01840248    0.01117553    0.01412237    0.01430028    0.00930508    0.00000000 
max(|Force|)     :   0.00017831    0.00473884    0.01211265    0.01803299    0.01869389    0.01163362    0.01411937    0.01358068    0.00851475    0.00016579 
ksp              :   0.01000000    0.02136163    0.03690176    0.05111558    0.07011078    0.10000000    0.10000000    0.07314161    0.03731311 
max(|step|)      :   0.00000000    0.00776399    0.01525219    0.02434004    0.02531409    0.01537285    0.01942646    0.01967119    0.01279989    0.00000000 
angle (deg.)     :    2.9565  2.4922  2.7385  9.5668  40.9636  53.2027  44.0262  15.8445 
>
iteration       : 12
climbing        : yes
zoom on         : no
nim             : 10
barrier         :   0.01792308 (image:  6) 
distance        :   0.00000000    2.46262744    4.70915308    6.45797411    7.82351904    8.87533342    9.69884987   10.59296046   11.68830649   14.17933684 
energy          : -1206.03560835  -1206.03467969  -1206.03226815  -1206.02947896  -1206.02685078  -1206.02327139  -1206.01768527  -1206.02201892  -1206.02901884  -1206.03401984 
max(|Fr_perp|)   :   0.00000000    0.00243489    0.00764271    0.01218533    0.01302173    0.00757071    0.00557718    0.01319648    0.00742121    0.00000000 
Fr_paral         :   0.00000000   -0.00078669   -0.00140247   -0.00171094   -0.00267122   -0.00866866   -0.00033019    0.01101271    0.00417726    0.00000000 
max(|Fsp_paral|) :   0.00000000    0.00483518    0.00448090    0.00175936    0.00164300    0.00431085    0.00230620    0.00236575    0.00410543    0.00000000 
max(|Fsp_perp|)  :   0.00000000    0.00000000    0.00000000    0.00000000    0.00000000    0.00000000    0.00000000    0.00000000    0.00000000    0.00000000 
max(|FNEB|)      :   0.00000000    0.00438157    0.00701245    0.01196900    0.01287854    0.00752232    0.00557812    0.01308592    0.00780659    0.00000000 
max(|Force|)     :   0.00017831    0.00246520    0.00769442    0.01224360    0.01309508    0.00761466    0.00557623    0.01339836    0.00757952    0.00016579 
ksp              :   0.01000000    0.01965146    0.03501930    0.04950002    0.06922168    0.10000000    0.10000000    0.07612253    0.03755447 
max(|step|)      :   0.00000000    0.00639843    0.00704452    0.00946894    0.01043853    0.00832367    0.00608769    0.01064286    0.00685019    0.00003830 
angle (deg.)     :    2.9566  2.4686  2.5648  9.7175  40.9322  51.8194  43.9180  16.1680 
>
iteration       : 13
climbing        : yes
zoom on         : no
nim             : 10
barrier         :   0.01778720 (image:  6) 
distance        :   0.00000000    2.49141657    4.73342338    6.46665013    7.83114136    8.89026387    9.69855720   10.58074895   11.70059758   14.17636684 
energy          : -1206.03560835  -1206.03469242  -1206.03240655  -1206.02981410  -1206.02721828  -1206.02345103  -1206.01782115  -1206.02219751  -1206.02920842  -1206.03401984 
max(|Fr_perp|)   :   0.00000000    0.00148819    0.00264633    0.00338479    0.00360329    0.00403125    0.00285700    0.00295088    0.00251939    0.00000000 
Fr_paral         :   0.00000000   -0.00075843   -0.00132407   -0.00171062   -0.00281995   -0.00934173   -0.00032526    0.01134422    0.00425480    0.00000000 
max(|Fsp_paral|) :   0.00000000    0.00435840    0.00401541    0.00204223    0.00239516    0.00362195    0.00241163    0.00135363    0.00250659    0.00000000 
max(|Fsp_perp|)  :   0.00000000    0.00000000    0.00000000    0.00000000    0.00000000    0.00000000    0.00000000    0.00000000    0.00000000    0.00000000 
max(|FNEB|)      :   0.00000000    0.00395029    0.00378276    0.00336590    0.00358775    0.00378486    0.00285947    0.00285828    0.00354457    0.00000000 
max(|Force|)     :   0.00017831    0.00162115    0.00285288    0.00370032    0.00375520    0.00443218    0.00285453    0.00526753    0.00278702    0.00016579 
ksp              :   0.01000000    0.01896347    0.03336711    0.04778952    0.06872039    0.10000000    0.10000000    0.07568491    0.03673230 
max(|step|)      :   0.00000000    0.01201902    0.01116149    0.00952589    0.01055859    0.01308244    0.00794567    0.00822043    0.01097099    0.00017785 
angle (deg.)     :    2.9677  2.4411  2.4062  10.0152  41.1437  49.2398  43.9481  16.7419 
>
iteration       : 14
climbing        : yes
zoom on         : no
nim             : 10
barrier         :   0.01771413 (image:  6) 
distance        :   0.00000000    2.54541424    4.77948007    6.48654576    7.85163667    8.91961541    9.70077234   10.56509143   11.72277519   14.17600026 
energy          : -1206.03560835  -1206.03468807  -1206.03245829  -1206.02996207  -1206.02736854  -1206.02347318  -1206.01789422  -1206.02209812  -1206.02940608  -1206.03401984 
max(|Fr_perp|)   :   0.00000000    0.00110069    0.00258758    0.00432593    0.00447933    0.00273352    0.00318411    0.00536877    0.00319469    0.00000000 
Fr_paral         :   0.00000000   -0.00074491   -0.00129236   -0.00172572   -0.00280001   -0.01009534   -0.00038704    0.01130273    0.00417150    0.00000000 
max(|Fsp_paral|) :   0.00000000    0.00404645    0.00364752    0.00237772    0.00293033    0.00204983    0.00274191    0.00084278    0.00036793    0.00000000 
max(|Fsp_perp|)  :   0.00000000    0.00000000    0.00000000    0.00000000    0.00000000    0.00000000    0.00000000    0.00000000    0.00000000    0.00000000 
max(|FNEB|)      :   0.00000000    0.00359844    0.00334125    0.00460782    0.00478171    0.00282820    0.00317073    0.00529638    0.00318282    0.00000000 
max(|Force|)     :   0.00017831    0.00117460    0.00254427    0.00426933    0.00461823    0.00562932    0.00319750    0.00515135    0.00324954    0.00016579 
ksp              :   0.01000000    0.01871530    0.03264716    0.04712213    0.06886282    0.10000000    0.10000000    0.07653725    0.03575026 
max(|step|)      :   0.00000000    0.03416948    0.03144687    0.02328495    0.02508320    0.02665533    0.01880216    0.01761874    0.02241186    0.00063524 
angle (deg.)     :    3.0166  2.4243  2.7667  10.6869  43.2258  42.2576  45.1991  17.4718 
>
iteration       : 15
climbing        : yes
zoom on         : no
nim             : 10
barrier         :   0.01758760 (image:  6) 
distance        :   0.00000000    2.70057780    4.91154406    6.55237527    7.92063625    8.99785775    9.72001217   10.56186961   11.77759447   14.19703751 
energy          : -1206.03560835  -1206.03461672  -1206.03240191  -1206.03001986  -1206.02746108  -1206.02321203  -1206.01802075  -1206.02196592  -1206.02966579  -1206.03401984 
max(|Fr_perp|)   :   0.00000000    0.00145069    0.00449052    0.00748352    0.00862900    0.00670461    0.00515371    0.00898798    0.00657430    0.00000000 
Fr_paral         :   0.00000000   -0.00074445   -0.00126526   -0.00162761   -0.00281336   -0.01062240   -0.00061782    0.01094842    0.00404028    0.00000000 
max(|Fsp_paral|) :   0.00000000    0.00375232    0.00289909    0.00299145    0.00389761    0.00180016    0.00401673    0.00394480    0.00462131    0.00000000 
max(|Fsp_perp|)  :   0.00000000    0.00000000    0.00000000    0.00000000    0.00000000    0.00000000    0.00000000    0.00000000    0.00000000    0.00000000 
max(|FNEB|)      :   0.00000000    0.00315516    0.00484648    0.00782080    0.00901813    0.00665789    0.00515460    0.00858285    0.00646673    0.00000000 
max(|Force|)     :   0.00017831    0.00148431    0.00444994    0.00743286    0.00853852    0.00752003    0.00515282    0.00856174    0.00661332    0.00016579 
ksp              :   0.01000000    0.01910141    0.03250115    0.04689514    0.07079739    0.10000000    0.10000000    0.07780713    0.03449293 
max(|step|)      :   0.00000000    0.07713436    0.06707991    0.04607123    0.05006287    0.04903489    0.03711342    0.02736344    0.03530277    0.00131971 
angle (deg.)     :    3.1488  2.5520  4.2489  11.3188  52.4380  29.0293  50.1304  17.6375 
>
iteration       : 16
climbing        : yes
zoom on         : no
nim             : 10
barrier         :   0.01796050 (image:  6) 
distance        :   0.00000000    3.05770989    5.20253762    6.72415442    8.10558903    9.13429041    9.80954044   10.66500952   11.90502882   14.31456734 
energy          : -1206.03560835  -1206.03427096  -1206.03164168  -1206.02911712  -1206.02684480  -1206.02254369  -1206.01764785  -1206.02188416  -1206.02974789  -1206.03401984 
max(|Fr_perp|)   :   0.00000000    0.00690234    0.01336245    0.01685990    0.01184041    0.00958627    0.00686849    0.01205822    0.00700800    0.00000000 
Fr_paral         :   0.00000000   -0.00091747   -0.00145041   -0.00111373   -0.00253127   -0.00966498   -0.00083502    0.00954771    0.00395249    0.00000000 
max(|Fsp_paral|) :   0.00000000    0.00460006    0.00173615    0.00332857    0.00227031    0.00334124    0.00603577    0.00350935    0.00620379    0.00000000 
max(|Fsp_perp|)  :   0.00000000    0.00000000    0.00000000    0.00000000    0.00000000    0.00000000    0.00000000    0.00000000    0.00000000    0.00000000 
max(|FNEB|)      :   0.00000000    0.00751591    0.01356694    0.01726012    0.01214069    0.00821165    0.00693616    0.01152602    0.00684357    0.00000000 
max(|Force|)     :   0.00017831    0.00687258    0.01331842    0.01682299    0.01172998    0.00797468    0.00680083    0.01152769    0.00705300    0.00016579 
ksp              :   0.01000000    0.02307321    0.03695119    0.04944260    0.07308662    0.10000000    0.10000000    0.07671218    0.03348372 
max(|step|)      :   0.00000000    0.10000000    0.08363470    0.05873124    0.06191041    0.05846534    0.04267397    0.03216188    0.04186956    0.00144070 
angle (deg.)     :    3.4006  2.9216  6.0009  12.6536  65.7646  15.8630  56.1807  18.5409 
>
iteration       : 17
climbing        : yes
zoom on         : no
nim             : 10
barrier         :   0.01857961 (image:  6) 
distance        :   0.00000000    3.52414359    5.57014132    6.95182391    8.34124884    9.30286811    9.98010757   10.87266878   12.12603865   14.54120204 
energy          : -1206.03560835  -1206.03392732  -1206.03118425  -1206.02860104  -1206.02621016  -1206.02173527  -1206.01702874  -1206.02174558  -1206.02979697  -1206.03401984 
max(|Fr_perp|)   :   0.00000000    0.00339653    0.00773190    0.00994206    0.01010527    0.01162674    0.00896082    0.01143922    0.00589626    0.00000000 
Fr_paral         :   0.00000000   -0.00100797   -0.00159966   -0.00077172   -0.00313477   -0.00693099   -0.00132023    0.00791490    0.00421280    0.00000000 
max(|Fsp_paral|) :   0.00000000    0.00339649    0.00057992    0.00491234    0.00027158    0.00178445    0.00712621    0.00167028    0.00705875    0.00000000 
max(|Fsp_perp|)  :   0.00000000    0.00000000    0.00000000    0.00000000    0.00000000    0.00000000    0.00000000    0.00000000    0.00000000    0.00000000 
max(|FNEB|)      :   0.00000000    0.00460748    0.00783341    0.01128997    0.01026096    0.01049651    0.00910199    0.01134589    0.00623717    0.00000000 
max(|Force|)     :   0.00017831    0.00340835    0.00771005    0.00992396    0.01012097    0.00986692    0.00888776    0.01119163    0.00591197    0.00016579 
ksp              :   0.01049915    0.02505209    0.03875833    0.05141362    0.07511083    0.10000000    0.10000000    0.07504539    0.03237540 
max(|step|)      :   0.00000000    0.01053249    0.01790680    0.02580833    0.02345607    0.02399452    0.02080673    0.02593616    0.01425788    0.00000000 
angle (deg.)     :    3.3453  2.8930  4.6088  12.7273  66.1597  20.9721  56.0031  18.1062 
>
iteration       : 18
climbing        : yes
zoom on         : no
nim             : 10
barrier         :   0.01789417 (image:  6) 
distance        :   0.00000000    3.55693685    5.57561669    6.98970028    8.34163970    9.29127908    9.98389516   10.88591103   12.08898555   14.53969771 
energy          : -1206.03560835  -1206.03406257  -1206.03171608  -1206.02950503  -1206.02715378  -1206.02342004  -1206.01771418  -1206.02251885  -1206.03002109  -1206.03401984 
max(|Fr_perp|)   :   0.00000000    0.00398254    0.00906867    0.01371779    0.01410893    0.00778747    0.00717512    0.01488354    0.00566131    0.00000000 
Fr_paral         :   0.00000000   -0.00089169   -0.00134023   -0.00124137   -0.00252884   -0.00966604   -0.00153149    0.00936551    0.00395971    0.00000000 
max(|Fsp_paral|) :   0.00000000    0.00244050    0.00088220    0.00422648    0.00010270    0.00175062    0.00682316    0.00064047    0.00434841    0.00000000 
max(|Fsp_perp|)  :   0.00000000    0.00000000    0.00000000    0.00000000    0.00000000    0.00000000    0.00000000    0.00000000    0.00000000    0.00000000 
max(|FNEB|)      :   0.00000000    0.00377930    0.00896689    0.01447695    0.01412835    0.00836891    0.00732055    0.01483995    0.00588362    0.00000000 
max(|Force|)     :   0.00017831    0.00402995    0.00913611    0.01365650    0.01394603    0.00788984    0.00702969    0.01511044    0.00575366    0.00016579 
ksp              :   0.01000000    0.02271572    0.03491974    0.04789758    0.06850618    0.10000000    0.10000000    0.07348034    0.03207134 
max(|step|)      :   0.00000000    0.00698262    0.01119903    0.01880789    0.01546635    0.01827322    0.01253817    0.01373726    0.01217092    0.00020317 
angle (deg.)     :    3.3429  2.8837  3.8213  13.3228  66.0676  25.3257  55.6295  17.9482 
>
iteration       : 19
climbing        : yes
zoom on         : no
nim             : 10
barrier         :   0.01750302 (image:  6) 
distance        :   0.00000000    3.58428048    5.58244605    7.02483536    8.34263059    9.28754314    9.98698933   10.89134030   12.05830436   14.53711292 
energy          : -1206.03560835  -1206.03416314  -1206.03220567  -1206.03031947  -1206.02801985  -1206.02423245  -1206.01810533  -1206.02321706  -1206.03015211  -1206.03401984 
max(|Fr_perp|)   :   0.00000000    0.00228007    0.00408965    0.00531270    0.00604796    0.00532659    0.00647530    0.00567613    0.00382107    0.00000000 
Fr_paral         :   0.00000000   -0.00079127   -0.00114708   -0.00145811   -0.00281693   -0.01116843   -0.00151556    0.01063204    0.00413703    0.00000000 
max(|Fsp_paral|) :   0.00000000    0.00109683    0.00102921    0.00364343    0.00131974    0.00353218    0.00664331    0.00272617    0.00175008    0.00000000 
max(|Fsp_perp|)  :   0.00000000    0.00000000    0.00000000    0.00000000    0.00000000    0.00000000    0.00000000    0.00000000    0.00000000    0.00000000 
max(|FNEB|)      :   0.00000000    0.00226487    0.00407478    0.00519525    0.00594439    0.00553874    0.00661496    0.00547211    0.00381939    0.00000000 
max(|Force|)     :   0.00017831    0.00228267    0.00409379    0.00532559    0.00612359    0.00652137    0.00633564    0.00636982    0.00382283    0.00016579 
ksp              :   0.01000000    0.02025954    0.03092641    0.04393127    0.06534982    0.10000000    0.10000000    0.07109208    0.03187287 
max(|step|)      :   0.00000000    0.01063756    0.01609238    0.02812779    0.02275783    0.03149697    0.02094290    0.02145667    0.01732416    0.00056317 
angle (deg.)     :    3.4262  2.9156  3.4948  15.6928  64.8589  32.8749  54.1213  19.0255 
>
iteration       : 20
climbing        : yes
zoom on         : no
nim             : 10
barrier         :   0.01712219 (image:  6) 
distance        :   0.00000000    3.62332330    5.60051084    7.09618178    8.35959152    9.29468781    9.99200225   10.87906247   12.00804650   14.52793185 
energy          : -1206.03560835  -1206.03421022  -1206.03239906  -1206.03054800  -1206.02843982  -1206.02447927  -1206.01848616  -1206.02342229  -1206.03017348  -1206.03401984 
max(|Fr_perp|)   :   0.00000000    0.00091410    0.00142507    0.00192800    0.00279884    0.00281916    0.00303669    0.00190232    0.00246141    0.00000000 
Fr_paral         :   0.00000000   -0.00076637   -0.00111688   -0.00149004   -0.00296908   -0.01227367   -0.00132586    0.01166680    0.00412080    0.00000000 
max(|Fsp_paral|) :   0.00000000    0.00049502    0.00166267    0.00230242    0.00263689    0.00390866    0.00608619    0.00307043    0.00032739    0.00000000 
max(|Fsp_perp|)  :   0.00000000    0.00000000    0.00000000    0.00000000    0.00000000    0.00000000    0.00000000    0.00000000    0.00000000    0.00000000 
max(|FNEB|)      :   0.00000000    0.00084627    0.00194572    0.00232444    0.00290801    0.00438112    0.00281230    0.00404074    0.00245132    0.00000000 
max(|Force|)     :   0.00017831    0.00109427    0.00145654    0.00191420    0.00275597    0.00504720    0.00326109    0.00454048    0.00240557    0.00016579 
ksp              :   0.01000000    0.01939060    0.03011537    0.04232986    0.06527675    0.10000000    0.10000000    0.07140075    0.03228528 
max(|step|)      :   0.00000000    0.00437824    0.00580760    0.00956512    0.00781003    0.01039357    0.00742258    0.01042781    0.00594152    0.00018487 
angle (deg.)     :    3.5141  2.9351  3.5691  17.8053  63.1363  35.4175  52.8047  20.5784 
>
iteration       : 21
climbing        : yes
zoom on         : no
nim             : 10
barrier         :   0.01706018 (image:  6) 
distance        :   0.00000000    3.64052059    5.62312375    7.13831840    8.38603448    9.30971962    9.99176393   10.85333976   11.98451125   14.51698967 
energy          : -1206.03560835  -1206.03421721  -1206.03240175  -1206.03053830  -1206.02845704  -1206.02419470  -1206.01854817  -1206.02314823  -1206.03016490  -1206.03401984 
max(|Fr_perp|)   :   0.00000000    0.00154149    0.00322509    0.00357521    0.00402654    0.00272553    0.00196190    0.00399590    0.00452129    0.00000000 
Fr_paral         :   0.00000000   -0.00076550   -0.00111433   -0.00149592   -0.00313414   -0.01288589   -0.00112476    0.01205571    0.00416942    0.00000000 
max(|Fsp_paral|) :   0.00000000    0.00048839    0.00181988    0.00191437    0.00327739    0.00281001    0.00572709    0.00126907    0.00032282    0.00000000 
max(|Fsp_perp|)  :   0.00000000    0.00000000    0.00000000    0.00000000    0.00000000    0.00000000    0.00000000    0.00000000    0.00000000    0.00000000 
max(|FNEB|)      :   0.00000000    0.00143406    0.00314947    0.00325016    0.00349608    0.00308438    0.00192337    0.00401121    0.00451356    0.00000000 
max(|Force|)     :   0.00017831    0.00158098    0.00328094    0.00365146    0.00420771    0.00558895    0.00200042    0.00472695    0.00456519    0.00016579 
ksp              :   0.01000000    0.01941261    0.03025242    0.04235931    0.06715366    0.10000000    0.10000000    0.07324106    0.03242450 
max(|step|)      :   0.00000000    0.00761629    0.01211542    0.01692580    0.01261890    0.01794794    0.01136200    0.01437271    0.00666932    0.00023286 
angle (deg.)     :    3.6696  2.9690  3.8332  21.4683  60.0280  38.8636  50.9245  23.2163 
>
iteration       : 22
climbing        : yes
zoom on         : no
nim             : 10
barrier         :   0.01705850 (image:  6) 
distance        :   0.00000000    3.66789654    5.66800525    7.20758825    8.44075088    9.34071950    9.99576434   10.81868048   11.95586143   14.50878506 
energy          : -1206.03560835  -1206.03423041  -1206.03241218  -1206.03051861  -1206.02842115  -1206.02361891  -1206.01854985  -1206.02270513  -1206.03021113  -1206.03401984 
max(|Fr_perp|)   :   0.00000000    0.00148220    0.00359345    0.00412715    0.00350599    0.00285052    0.00202174    0.00396932    0.00255347    0.00000000 
Fr_paral         :   0.00000000   -0.00075716   -0.00111282   -0.00152902   -0.00344205   -0.01351063   -0.00080657    0.01228999    0.00421237    0.00000000 
max(|Fsp_paral|) :   0.00000000    0.00047418    0.00198726    0.00157250    0.00407570    0.00094548    0.00533792    0.00153801    0.00182174    0.00000000 
max(|Fsp_perp|)  :   0.00000000    0.00000000    0.00000000    0.00000000    0.00000000    0.00000000    0.00000000    0.00000000    0.00000000    0.00000000 
max(|FNEB|)      :   0.00000000    0.00155881    0.00391063    0.00437012    0.00390969    0.00261940    0.00203696    0.00395212    0.00249939    0.00000000 
max(|Force|)     :   0.00017831    0.00145362    0.00354959    0.00406244    0.00359248    0.00642979    0.00201686    0.00553308    0.00260863    0.00016579 
ksp              :   0.01000000    0.01935292    0.03036915    0.04257158    0.07050967    0.10000000    0.10000000    0.07582579    0.03215799 
max(|step|)      :   0.00000000    0.02542000    0.04470895    0.05701796    0.04848781    0.05027838    0.03762600    0.03021696    0.02434932    0.00065186 
angle (deg.)     :    4.1850  3.1412  5.7698  33.8791  50.8418  50.0432  47.6652  30.4301 
>
iteration       : 23
climbing        : yes
zoom on         : no
nim             : 10
barrier         :   0.01737159 (image:  6) 
distance        :   0.00000000    3.75715422    5.83409423    7.43471222    8.65249768    9.46998488   10.05926326   10.80515320   11.92628743   14.56763004 
energy          : -1206.03560835  -1206.03425254  -1206.03239074  -1206.03036228  -1206.02803736  -1206.02164604  -1206.01823676  -1206.02174336  -1206.02940614  -1206.03401984 
max(|Fr_perp|)   :   0.00000000    0.00289948    0.00544246    0.00742861    0.00746436    0.00754952    0.00743521    0.00546425    0.02113196    0.00000000 
Fr_paral         :   0.00000000   -0.00072163   -0.00107863   -0.00151962   -0.00451682   -0.01210078   -0.00016697    0.01175634    0.00301852    0.00000000 
max(|Fsp_paral|) :   0.00000000    0.00057506    0.00228220    0.00121948    0.00499825    0.00328668    0.00522479    0.00623575    0.00278056    0.00000000 
max(|Fsp_perp|)  :   0.00000000    0.00000000    0.00000000    0.00000000    0.00000000    0.00000000    0.00000000    0.00000000    0.00000000    0.00000000 
max(|FNEB|)      :   0.00000000    0.00292687    0.00554519    0.00767761    0.00807411    0.00737485    0.00743281    0.00587401    0.02114469    0.00000000 
max(|Force|)     :   0.00017831    0.00289155    0.00543058    0.00734126    0.00742246    0.00739553    0.00743762    0.00543661    0.02113815    0.00016579 
ksp              :   0.01000000    0.01928967    0.03085653    0.04411396    0.08055924    0.10000000    0.10000000    0.08000432    0.03630876 
max(|step|)      :   0.00000000    0.01419772    0.02877952    0.03307577    0.03128564    0.02442132    0.01529369    0.01022915    0.01933988    0.00035375 
angle (deg.)     :    4.4687  3.1961  7.3871  41.0581  46.3609  54.2408  47.2514  33.7792 
>
iteration       : 24
climbing        : yes
zoom on         : no
nim             : 10
barrier         :   0.01738647 (image:  6) 
distance        :   0.00000000    3.80545815    5.94207504    7.56275953    8.79192357    9.55822283   10.12246548   10.85098444   11.97095526   14.64508466 
energy          : -1206.03560835  -1206.03429079  -1206.03241928  -1206.03037818  -1206.02794877  -1206.02102747  -1206.01822188  -1206.02162529  -1206.03008042  -1206.03401984 
max(|Fr_perp|)   :   0.00000000    0.00122917    0.00231201    0.00489766    0.00484608    0.00519200    0.00459338    0.00322951    0.00500934    0.00000000 
Fr_paral         :   0.00000000   -0.00069779   -0.00109419   -0.00150812   -0.00552175   -0.01100800   -0.00023378    0.01136122    0.00359405    0.00000000 
max(|Fsp_paral|) :   0.00000000    0.00063985    0.00218650    0.00144279    0.00408359    0.00381396    0.00571944    0.00738518    0.00159759    0.00000000 
max(|Fsp_perp|)  :   0.00000000    0.00000000    0.00000000    0.00000000    0.00000000    0.00000000    0.00000000    0.00000000    0.00000000    0.00000000 
max(|FNEB|)      :   0.00000000    0.00144451    0.00318936    0.00506277    0.00549795    0.00525365    0.00463238    0.00732305    0.00492009    0.00000000 
max(|Force|)     :   0.00017831    0.00122374    0.00230336    0.00484760    0.00459866    0.00644336    0.00455438    0.00495903    0.00510030    0.00016579 
ksp              :   0.01000000    0.01911833    0.03074633    0.04458654    0.08401673    0.10000000    0.10000000    0.08061100    0.03244264 
max(|step|)      :   0.00000000    0.01648703    0.03423092    0.03791392    0.03669841    0.02168366    0.01470032    0.01301701    0.01429630    0.00052820 
angle (deg.)     :    4.7706  3.2793  9.4706  49.9352  41.9302  57.0281  47.8641  36.7628 
>
iteration       : 25
climbing        : yes
zoom on         : no
nim             : 10
barrier         :   0.01744298 (image:  6) 
distance        :   0.00000000    3.86252192    6.07232429    7.70939214    8.95939412    9.67046414   10.21825330   10.95250851   12.04427695   14.76527344 
energy          : -1206.03560835  -1206.03432930  -1206.03246939  -1206.03045753  -1206.02779697  -1206.02055774  -1206.01816538  -1206.02183368  -1206.02990064  -1206.03401984 
max(|Fr_perp|)   :   0.00000000    0.00170718    0.00303728    0.00453228    0.00528288    0.00546907    0.00364487    0.00357663    0.01237891    0.00000000 
Fr_paral         :   0.00000000   -0.00066058   -0.00104843   -0.00147039   -0.00656147   -0.00994483   -0.00054526    0.01125038    0.00284616    0.00000000 
max(|Fsp_paral|) :   0.00000000    0.00066282    0.00191799    0.00216979    0.00207007    0.00321410    0.00687494    0.00566023    0.00203345    0.00000000 
max(|Fsp_perp|)  :   0.00000000    0.00000000    0.00000000    0.00000000    0.00000000    0.00000000    0.00000000    0.00000000    0.00000000    0.00000000 
max(|FNEB|)      :   0.00000000    0.00173066    0.00310085    0.00478156    0.00542749    0.00515745    0.00361599    0.00569684    0.01257704    0.00000000 
max(|Force|)     :   0.00017831    0.00170187    0.00302888    0.00448124    0.00508495    0.00555072    0.00367374    0.00499426    0.01250727    0.00016579 
ksp              :   0.01000000    0.01880136    0.03022195    0.04532496    0.08641944    0.10000000    0.10000000    0.07917638    0.03338323 
max(|step|)      :   0.00000000    0.04062358    0.08454666    0.09428567    0.08642478    0.04473743    0.03570083    0.03342639    0.04919338    0.00138339 
angle (deg.)     :    5.4684  3.5678  14.3800  75.0784  37.8535  59.4701  50.1114  44.2264 
>
iteration       : 26
climbing        : yes
zoom on         : no
nim             : 10
barrier         :   0.01763036 (image:  6) 
distance        :   0.00000000    4.00703403    6.40066982    8.08334472    9.36826375   10.05465429   10.57683978   11.33551595   12.40553210   15.19850249 
energy          : -1206.03560835  -1206.03438869  -1206.03248956  -1206.03054766  -1206.02730243  -1206.01966480  -1206.01797799  -1206.02240303  -1206.03020698  -1206.03401984 
max(|Fr_perp|)   :   0.00000000    0.00246044    0.00429262    0.00464000    0.00479545    0.00702170    0.00702204    0.00677043    0.00880773    0.00000000 
Fr_paral         :   0.00000000   -0.00060116   -0.00096053   -0.00142793   -0.00792825   -0.00786121   -0.00182344    0.01099196    0.00204321    0.00000000 
max(|Fsp_paral|) :   0.00000000    0.00097849    0.00122289    0.00387610    0.00035277    0.00478184    0.00965379    0.00208132    0.00351944    0.00000000 
max(|Fsp_perp|)  :   0.00000000    0.00000000    0.00000000    0.00000000    0.00000000    0.00000000    0.00000000    0.00000000    0.00000000    0.00000000 
max(|FNEB|)      :   0.00000000    0.00250097    0.00434313    0.00486769    0.00482760    0.00664489    0.00703335    0.00682977    0.00893287    0.00000000 
max(|Force|)     :   0.00017831    0.00246219    0.00428314    0.00461214    0.00450240    0.00672324    0.00701073    0.00691316    0.00879545    0.00016579 
ksp              :   0.01000000    0.01858537    0.02948007    0.04768690    0.09053649    0.10000000    0.10000000    0.07517408    0.03139142 
max(|step|)      :   0.00000000    0.04409962    0.08440242    0.10000000    0.08175607    0.03494160    0.03881477    0.02577394    0.05103877    0.00134446 
angle (deg.)     :    6.1312  4.1097  18.9717  95.7336  45.2241  61.4310  52.0223  52.6972 
>
iteration       : 27
climbing        : yes
zoom on         : no
nim             : 10
barrier         :   0.01790749 (image:  6) 
distance        :   0.00000000    4.17066728    6.73591862    8.49975847    9.77800225   10.59154816   11.12476756   11.87867264   12.94585512   15.81899223 
energy          : -1206.03560835  -1206.03440147  -1206.03244687  -1206.03043648  -1206.02641498  -1206.01886579  -1206.01770086  -1206.02283448  -1206.02989876  -1206.03401984 
max(|Fr_perp|)   :   0.00000000    0.00422964    0.00797624    0.00734372    0.01113549    0.00886735    0.00930938    0.00431272    0.02332084    0.00000000 
Fr_paral         :   0.00000000   -0.00055410   -0.00090893   -0.00159902   -0.00644102   -0.00546850   -0.00360874    0.01096399    0.00065265    0.00000000 
max(|Fsp_paral|) :   0.00000000    0.00135169    0.00108958    0.00500786    0.00356053    0.01070489    0.00943789    0.00052490    0.00896523    0.00000000 
max(|Fsp_perp|)  :   0.00000000    0.00000000    0.00000000    0.00000000    0.00000000    0.00000000    0.00000000    0.00000000    0.00000000    0.00000000 
max(|FNEB|)      :   0.00000000    0.00447432    0.00737079    0.00787643    0.01148161    0.01227261    0.00934975    0.00434465    0.02375734    0.00000000 
max(|Force|)     :   0.00017831    0.00437992    0.00824099    0.00768568    0.01121085    0.00917789    0.00957081    0.00563586    0.02374772    0.00016579 
ksp              :   0.01000000    0.01868926    0.02977119    0.05196750    0.09358594    0.10000000    0.10000000    0.07167038    0.03286282 
max(|step|)      :   0.00000000    0.00478505    0.00788267    0.00842343    0.01227898    0.01312491    0.00999907    0.00464638    0.02540723    0.00000000 
angle (deg.)     :    6.1196  4.1923  19.2628  95.5673  45.1508  59.9690  51.8345  52.8666 
>
iteration       : 28
climbing        : yes
zoom on         : no
nim             : 10
barrier         :   0.01760066 (image:  6) 
distance        :   0.00000000    4.17722617    6.74060909    8.51379417    9.77078673   10.55380848   11.11295921   11.85714152   12.94031622   15.79924088 
energy          : -1206.03560835  -1206.03443357  -1206.03255320  -1206.03055571  -1206.02664620  -1206.01931299  -1206.01800769  -1206.02296467  -1206.03058544  -1206.03401984 
max(|Fr_perp|)   :   0.00000000    0.00199289    0.00363485    0.00352946    0.00476259    0.00382708    0.00415620    0.00387129    0.01056262    0.00000000 
Fr_paral         :   0.00000000   -0.00054510   -0.00092471   -0.00171539   -0.00732895   -0.00679892   -0.00305568    0.01113282    0.00207955    0.00000000 
max(|Fsp_paral|) :   0.00000000    0.00108206    0.00131404    0.00450944    0.00291655    0.00779599    0.00779644    0.00173864    0.00282292    0.00000000 
max(|Fsp_perp|)  :   0.00000000    0.00000000    0.00000000    0.00000000    0.00000000    0.00000000    0.00000000    0.00000000    0.00000000    0.00000000 
max(|FNEB|)      :   0.00000000    0.00204925    0.00370569    0.00446239    0.00464652    0.00756066    0.00451679    0.00441446    0.01032118    0.00000000 
max(|Force|)     :   0.00017831    0.00198673    0.00362293    0.00348798    0.00487038    0.00440686    0.00440568    0.00549683    0.01047359    0.00016579 
ksp              :   0.01000000    0.01824363    0.02947097    0.05144525    0.09266327    0.10000000    0.10000000    0.07213818    0.02930385 
max(|step|)      :   0.00000000    0.00158332    0.00208245    0.00487786    0.00311703    0.00914150    0.00500693    0.00465420    0.00674330    0.00001007 
angle (deg.)     :    6.1114  4.2812  19.5632  95.3426  44.9797  58.5977  51.7286  52.8812 
>
iteration       : 29
climbing        : yes
zoom on         : no
nim             : 10
barrier         :   0.01747738 (image:  6) 
distance        :   0.00000000    4.18273200    6.74610194    8.52672454    9.76409191   10.52213389   11.10149498   11.83918012   12.92639484   15.77838851 
energy          : -1206.03560835  -1206.03444400  -1206.03258768  -1206.03058966  -1206.02668425  -1206.01956139  -1206.01813097  -1206.02307054  -1206.03072640  -1206.03401984 
max(|Fr_perp|)   :   0.00000000    0.00148928    0.00276498    0.00291670    0.00328126    0.00290225    0.00335453    0.00346859    0.00715947    0.00000000 
Fr_paral         :   0.00000000   -0.00054092   -0.00092233   -0.00181102   -0.00742003   -0.00761773   -0.00268024    0.01127169    0.00222451    0.00000000 
max(|Fsp_paral|) :   0.00000000    0.00099670    0.00143538    0.00417072    0.00217836    0.00547225    0.00657813    0.00211375    0.00171354    0.00000000 
max(|Fsp_perp|)  :   0.00000000    0.00000000    0.00000000    0.00000000    0.00000000    0.00000000    0.00000000    0.00000000    0.00000000    0.00000000 
max(|FNEB|)      :   0.00000000    0.00154273    0.00284379    0.00417116    0.00318445    0.00514182    0.00402036    0.00415138    0.00709121    0.00000000 
max(|Force|)     :   0.00017831    0.00148300    0.00275281    0.00287325    0.00395999    0.00411063    0.00430210    0.00516627    0.00708836    0.00016579 
ksp              :   0.01000000    0.01811226    0.02942970    0.05155132    0.09189757    0.10000000    0.10000000    0.07202060    0.02865519 
max(|step|)      :   0.00000000    0.01248457    0.01731344    0.03817965    0.01970190    0.04724045    0.03666794    0.03707491    0.03896497    0.00029182 
angle (deg.)     :    6.0722  5.0205  22.0394  92.9573  42.5077  48.5810  51.5537  52.5006 
>
iteration       : 30
climbing        : yes
zoom on         : no
nim             : 10
barrier         :   0.01690128 (image:  6) 
distance        :   0.00000000    4.22486033    6.79983004    8.62717599    9.71400276   10.32839363   11.02492254   11.73034004   12.81536026   15.63084575 
energy          : -1206.03560835  -1206.03446894  -1206.03265060  -1206.03054982  -1206.02682640  -1206.02098046  -1206.01870707  -1206.02381029  -1206.03117059  -1206.03401984 
max(|Fr_perp|)   :   0.00000000    0.00131501    0.00207772    0.00199436    0.00201670    0.00527522    0.00683613    0.00179886    0.00340983    0.00000000 
Fr_paral         :   0.00000000   -0.00054950   -0.00095382   -0.00233418   -0.00723185   -0.01148318   -0.00046274    0.01173345    0.00302743    0.00000000 
max(|Fsp_paral|) :   0.00000000    0.00091271    0.00224500    0.00049461    0.00132505    0.00730129    0.00033482    0.00245591    0.00032932    0.00000000 
max(|Fsp_perp|)  :   0.00000000    0.00000000    0.00000000    0.00000000    0.00000000    0.00000000    0.00000000    0.00000000    0.00000000    0.00000000 
max(|FNEB|)      :   0.00000000    0.00140407    0.00281141    0.00195120    0.00253366    0.00821660    0.00683657    0.00233944    0.00341405    0.00000000 
max(|Force|)     :   0.00017831    0.00132282    0.00208941    0.00207331    0.00321092    0.00631790    0.00683570    0.00483173    0.00339030    0.00016579 
ksp              :   0.01000000    0.01804763    0.03039490    0.05227908    0.08663831    0.10000000    0.10000000    0.07000611    0.02674632 
max(|step|)      :   0.00000000    0.00840066    0.01305807    0.01612003    0.01366884    0.01795943    0.02112059    0.02171084    0.01503354    0.00012108 
angle (deg.)     :    6.0764  5.3563  23.4801  89.9802  37.2979  42.7451  51.7680  52.1610 
>
iteration       : 31
climbing        : yes
zoom on         : no
nim             : 10
barrier         :   0.01699158 (image:  6) 
distance        :   0.00000000    4.25589665    6.85187735    8.67500114    9.68393453   10.29326876   10.98951637   11.69417330   12.76073387   15.56288057 
energy          : -1206.03560835  -1206.03444849  -1206.03257021  -1206.03045692  -1206.02698509  -1206.02063138  -1206.01861677  -1206.02428476  -1206.03107890  -1206.03401984 
max(|Fr_perp|)   :   0.00000000    0.00363629    0.00629363    0.00439001    0.00432302    0.01283809    0.01486166    0.00276916    0.01206722    0.00000000 
Fr_paral         :   0.00000000   -0.00056172   -0.00093322   -0.00232347   -0.00682826   -0.01078079    0.00008463    0.01152647    0.00286555    0.00000000 
max(|Fsp_paral|) :   0.00000000    0.00116329    0.00206419    0.00184021    0.00077282    0.00680615    0.00031662    0.00038318    0.00244825    0.00000000 
max(|Fsp_perp|)  :   0.00000000    0.00000000    0.00000000    0.00000000    0.00000000    0.00000000    0.00000000    0.00000000    0.00000000    0.00000000 
max(|FNEB|)      :   0.00000000    0.00374670    0.00643143    0.00452211    0.00434917    0.01378498    0.01486446    0.00277087    0.01224319    0.00000000 
max(|Force|)     :   0.00017831    0.00362478    0.00627802    0.00443545    0.00424188    0.01219460    0.01485887    0.00429240    0.01217142    0.00016579 
ksp              :   0.01000000    0.01847022    0.03081813    0.05110400    0.08822864    0.10000000    0.10000000    0.06688198    0.02718389 
max(|step|)      :   0.00000000    0.00208315    0.00363842    0.00360222    0.00178749    0.00802591    0.00885339    0.00202577    0.00575147    0.00003301 
angle (deg.)     :    6.0793  5.2616  23.4327  89.6976  36.4420  42.7469  51.6488  52.2081 
>
iteration       : 32
climbing        : yes
zoom on         : no
nim             : 10
barrier         :   0.01669604 (image:  6) 
distance        :   0.00000000    4.25626372    6.85305530    8.66675414    9.68471383   10.30715834   10.98643413   11.69213926   12.75990520   15.56254856 
energy          : -1206.03560835  -1206.03447000  -1206.03264047  -1206.03053795  -1206.02704067  -1206.02084490  -1206.01891231  -1206.02428842  -1206.03129256  -1206.03401984 
max(|Fr_perp|)   :   0.00000000    0.00144042    0.00259456    0.00241908    0.00208558    0.00412075    0.00485845    0.00144149    0.00512578    0.00000000 
Fr_paral         :   0.00000000   -0.00055116   -0.00096187   -0.00242694   -0.00684409   -0.01138364    0.00033161    0.01160146    0.00319818    0.00000000 
max(|Fsp_paral|) :   0.00000000    0.00102420    0.00211137    0.00129240    0.00090375    0.00554158    0.00099340    0.00088921    0.00049654    0.00000000 
max(|Fsp_perp|)  :   0.00000000    0.00000000    0.00000000    0.00000000    0.00000000    0.00000000    0.00000000    0.00000000    0.00000000    0.00000000 
max(|FNEB|)      :   0.00000000    0.00154042    0.00273288    0.00248741    0.00210353    0.00668108    0.00486609    0.00141834    0.00516519    0.00000000 
max(|Force|)     :   0.00017831    0.00142881    0.00257882    0.00247004    0.00307260    0.00434572    0.00485080    0.00432071    0.00525409    0.00016579 
ksp              :   0.01000000    0.01821730    0.03074264    0.05157698    0.08848697    0.10000000    0.10000000    0.06797295    0.02624720 
max(|step|)      :   0.00000000    0.00490113    0.00820824    0.00479033    0.00636532    0.01669254    0.00640831    0.00781969    0.00538573    0.00006836 
angle (deg.)     :    6.0923  5.2457  24.4054  87.4411  32.8270  39.9369  51.5480  52.1428 
>
