
Will write log file to "MD_3.md.log".

Command line:  /opt/packages/orca/orca_5_0_1_linux_x86-64_shared_openmpi411/orca_md MD_3 orca


    ################################################################
    ########    ORCA ab initio Molecular Dynamics Module    ########
    ########          and SANscript Interpreter             ########
    ########          Martin Brehm, 2016 - 2021             ########
    ########       https://brehm-research.de/orcamd         ########
    ################################################################


  * Compiled as ORCA module.
  * Called from ORCA.
  * Base name: "MD_3"
  * Source code version: May 16 2021
  * Compiled at Jul 22 2021 19:43:51, compiler "Clang 12.0.0 (/home/frankw/CompEnv/src/llvm1200/llvm-project/clang d28af7c654d8db0b68c175db5ce212d74fb5e9bc)", LLVM, CLANG 12.0.0, Linux
  * Machine: x86_64, int=4b, long=8b, addr=8b, 0xA0B0C0D0=D0,C0,B0,A0.
  * Executable name: "/opt/packages/orca/orca_5_0_1_linux_x86-64_shared_openmpi411/orca_md"
  * Running on r047.ib.bridges2.psc.edu at Sun Jul 10 11:32:57 2022 (PID 75710)
  * Running in /jet/home/nhattrup/ORCA_fun/transition_states/bvl_bpin2/rxn1/nequip_data/3

Initializing SAN engine...

Started parsing input script.
Reading input file "MD_3.mdinput" ...
229 Bytes read.
Tokenizing input...
Found 25 tokens in file.
Handling brackets...
Handling reference parentheses...
Handling keywords...
Handling operators...
Grouping commas...
Removing commas...
Handling variables...
Found unit "K", which is the default.
Found unit "fs", which is the default.
Found unit "K", which is the default.
Found unit "fs", which is the default.
Handling functions, iteration 1...
Handling functions, iteration 2...
Handling functions, iteration 3...
Flattening tree...
Checking keyword syntax...
Finished parsing input script.

Initializing MD engine with interface "ORCA" ...


>>>>>>>>>>>>>>>>>>>>>>>>>>>>>>>>>>>>>>>>>>>>>>>>>>>>
>>>   Output of System Information (from ORCA)   >>>
>>>>>>>>>>>>>>>>>>>>>>>>>>>>>>>>>>>>>>>>>>>>>>>>>>>>


############################################
   Total Atom Count:              60
   Total System Mass:          382.1 a.m.u.
   Total Basis Dimension:       1060
   Total Electron Number:        206
   Total Charge:                   0
   Total Multiplicity:             1
  ------------------------------------------
   ReducePrint:                 true
   Print Mulliken Pop:             1
   Print Loewdin Pop:              1
   Print Mayer Pop:                1
   Print Orbital Energies:         1
############################################

<<<<<<<<<<<<<<<<<<<<<<<<<<<<<<<<<<<<<<<<<<<<<<<<<<<<
<<<          End of System Information           <<<
<<<<<<<<<<<<<<<<<<<<<<<<<<<<<<<<<<<<<<<<<<<<<<<<<<<<

Initializing regions...

Defined regions:
         all:    60 atoms
          qm:    60 atoms
      active:    60 atoms


######################################################
########        Executing Input Script        ########
######################################################

Execution verbose level is 2.



>>>>>> Initvel 500

Initializing atom velocities for region "all" to 500.00 K:
  Creating Maxwell-Boltzmann distribution...
  Removing initial center of mass movement...
  Rescaling velocities to match exact initial temperature (factor 0.893633)...
Done.


>>>>>> Timestep 0.5

Setting integration time step to 0.50 fs.


>>>>>> Thermostat Berendsen, 500, Timecon, 10.0

Switching on thermostat for region "all": Type Berendsen, temperature 500.00 K, time constant 10.00 fs, global.


>>>>>> Dump Position, Stride, 1, Filename, "IMAGE_3_trajectory_500K.xyz"

Modified writing position trajectory for region "all": Format XYZ, stride 1, filename "IMAGE_3_trajectory_500K.xyz", append.


>>>>>> Dump Force, Stride, 1, Filename, "IMAGE_3_forces_500K.xyz"

Switched on writing force trajectory for region "all": Format XYZ, stride 1, filename "IMAGE_3_forces_500K.xyz", append.


>>>>>> Restart Ifexists

Reading restart file "MD_3.mdrestart"...
  Restart file "MD_3.mdrestart" does not exist; not restarting.
Failed, but "Ifexists" was specified. Continuing.


>>>>>> Run 100


***************************************************
****    Starting MD loop for      100 steps    ****
***************************************************


Dump: Will write Position data of region "all" in XYZ format with stride 1 to "IMAGE_3_trajectory_500K.xyz" (append).
Dump: Will write Force data of region "all" in XYZ format with stride 1 to "IMAGE_3_forces_500K.xyz" (append).

Defined regions:
         all:    60 atoms
          qm:    60 atoms
      active:    60 atoms

Active Thermostats:
  (*) Region "all": Type Berendsen, temperature 500.00 K, time constant 10.00 fs, global.


Will write restart file to "MD_3.mdrestart" after each step.
Will write energy statistics to "MD_3-md-ener.csv" after each step.

The system contains 180 active degrees of freedom (60 active atoms * 3).


            |  Sim. Time |  t_SCF | t_Grad |     Temp |     E_Kin |         E_Pot |         E_Tot |      Cons.Qty |   Drift
       Step |       [fs] |    [s] |    [s] |      [K] | [Hartree] |     [Hartree] |     [Hartree] |     [Hartree] |     [K]
------------|------------|--------|--------|----------|-----------|---------------|---------------|---------------|-----------
          0          0.0    349.8              500.00    0.142506    -1207.448015    -1207.305508                          
          1          0.5    315.6    102.2     489.22    0.139433    -1207.444498    -1207.305065    -1207.305226      0.00
          2          1.0    294.5     99.8     461.56    0.131551    -1207.435940    -1207.304389    -1207.305127      0.17
          3          1.5    295.0     98.8     424.03    0.120854    -1207.423946    -1207.303092    -1207.304970      0.45
          4          2.0    273.6     99.2     385.12    0.109765    -1207.410956    -1207.301191    -1207.304792      0.76
          5          2.5    293.1     99.1     353.53    0.100761    -1207.399626    -1207.298865    -1207.304663      0.99
          6          3.0    295.6    102.4     334.99    0.095476    -1207.391846    -1207.296370    -1207.304644      1.02
          7          3.5    273.7     99.0     329.73    0.093976    -1207.387880    -1207.293904    -1207.304732      0.87
          8          4.0    272.7     98.9     332.45    0.094754    -1207.386285    -1207.291531    -1207.304872      0.62
          9          4.5    256.5     99.3     335.11    0.095511    -1207.384693    -1207.289182    -1207.304996      0.40
         10          5.0    270.7     99.3     330.67    0.094244    -1207.380938    -1207.286694    -1207.305049      0.31
         11          5.5    262.1     99.9     315.82    0.090013    -1207.373905    -1207.283893    -1207.305010      0.38
         12          6.0    249.9     99.6     292.05    0.083237    -1207.363888    -1207.280651    -1207.304888      0.59
         13          6.5    229.0     99.7     265.13    0.075566    -1207.352519    -1207.276953    -1207.304713      0.90
         14          7.0    271.3     99.7     243.65    0.069442    -1207.342369    -1207.272927    -1207.304532      1.22
         15          7.5    268.7     99.6     236.37    0.067368    -1207.336211    -1207.268843    -1207.304403      1.44
         16          8.0    271.7    100.2     249.10    0.070996    -1207.336059    -1207.265063    -1207.304387      1.47
         17          8.5    272.0    100.2     281.94    0.080358    -1207.342253    -1207.261895    -1207.304490      1.29
         18          9.0    293.5    100.1     328.67    0.093674    -1207.353176    -1207.259502    -1207.304667      0.98
         19          9.5    252.0    100.3     379.20    0.108078    -1207.365946    -1207.257869    -1207.304846      0.67
         20         10.0    273.6    100.0     423.58    0.120726    -1207.377576    -1207.256850    -1207.304973      0.44
         21         10.5    277.4     99.5     454.67    0.129588    -1207.385823    -1207.256236    -1207.305039      0.33
         22         11.0    253.0    100.3     469.05    0.133685    -1207.389467    -1207.255782    -1207.305050      0.31
         23         11.5    277.2     99.3     466.69    0.133013    -1207.388253    -1207.255240    -1207.305007      0.38
         24         12.0    274.0    101.6     450.71    0.128457    -1207.382853    -1207.254396    -1207.304903      0.57
         25         12.5    275.0    100.8     427.22    0.121762    -1207.374906    -1207.253144    -1207.304742      0.85
         26         13.0    273.8    100.1     404.63    0.115324    -1207.366864    -1207.251540    -1207.304569      1.15
         27         13.5    274.8    100.6     391.22    0.111502    -1207.361304    -1207.249802    -1207.304463      1.34
         28         14.0    275.1    102.4     391.38    0.111549    -1207.359747    -1207.248198    -1207.304488      1.29
         29         14.5    297.2    100.5     402.89    0.114829    -1207.361719    -1207.246890    -1207.304637      1.03
         30         15.0    307.2    100.1     417.63    0.119029    -1207.364875    -1207.245846    -1207.304829      0.70
         31         15.5    257.7    100.1     425.66    0.121320    -1207.366192    -1207.244872    -1207.304970      0.45
         32         16.0    297.8    100.0     419.84    0.119661    -1207.363369    -1207.243708    -1207.305008      0.38
         33         16.5    298.4    100.2     398.53    0.113587    -1207.355696    -1207.242109    -1207.304932      0.52
         34         17.0    296.4    100.5     365.95    0.104301    -1207.344233    -1207.239931    -1207.304764      0.81
         35         17.5    299.3    100.7     330.69    0.094250    -1207.331433    -1207.237183    -1207.304556      1.18
         36         18.0    275.9    100.5     302.97    0.086351    -1207.320392    -1207.234042    -1207.304370      1.50
         37         18.5    211.2    100.8     291.37    0.083044    -1207.313855    -1207.230810    -1207.304268      1.68
         38         19.0    297.5    100.8     299.69    0.085414    -1207.313248    -1207.227834    -1207.304296      1.63
         39         19.5    295.9     99.7     325.40    0.092742    -1207.318090    -1207.225348    -1207.304430      1.40
         40         20.0    298.1    100.2     360.68    0.102799    -1207.326227    -1207.223427    -1207.304599      1.10
         41         20.5    298.3    100.5     395.80    0.112808    -1207.334810    -1207.222002    -1207.304737      0.86
         42         21.0    299.1    101.0     422.77    0.120495    -1207.341412    -1207.220917    -1207.304811      0.73
         43         21.5    257.7    100.3     437.31    0.124638    -1207.344622    -1207.219984    -1207.304818      0.72
         44         22.0    211.3    101.0     438.86    0.125081    -1207.344080    -1207.218999    -1207.304750      0.84
         45         22.5    278.7    101.0     429.81    0.122500    -1207.340342    -1207.217842    -1207.304646      1.02
         46         23.0    298.1    100.2     415.08    0.118304    -1207.334730    -1207.216426    -1207.304504      1.27
         47         23.5    278.6    100.3     401.72    0.114494    -1207.329286    -1207.214792    -1207.304344      1.55
         48         24.0    277.6    101.0     396.98    0.113146    -1207.326272    -1207.213126    -1207.304223      1.76
         49         24.5    304.2    100.8     405.56    0.115589    -1207.327281    -1207.211692    -1207.304206      1.79
         50         25.0    257.2    103.7     426.87    0.121664    -1207.332357    -1207.210694    -1207.304305      1.62
         51         25.5    301.9    101.2     454.73    0.129603    -1207.339785    -1207.210182    -1207.304472      1.32
         52         26.0    299.9    100.4     479.80    0.136750    -1207.346789    -1207.210039    -1207.304632      1.04
         53         26.5    257.7    101.2     493.68    0.140705    -1207.350735    -1207.210030    -1207.304718      0.89
         54         27.0    258.0    101.3     492.13    0.140265    -1207.350158    -1207.209893    -1207.304699      0.92
         55         27.5    256.7    100.8     476.48    0.135802    -1207.345229    -1207.209428    -1207.304587      1.12
         56         28.0    257.3    101.4     452.81    0.129056    -1207.337607    -1207.208551    -1207.304417      1.42
         57         28.5    256.7    101.4     429.84    0.122511    -1207.329838    -1207.207327    -1207.304246      1.72
         58         29.0    302.6    100.8     416.01    0.118569    -1207.324518    -1207.205950    -1207.304129      1.93
         59         29.5    301.4    100.6     416.71    0.118767    -1207.323445    -1207.204677    -1207.304105      1.97
         60         30.0    299.0    105.4     432.40    0.123240    -1207.326981    -1207.203741    -1207.304183      1.83
         61         30.5    301.1    100.5     458.47    0.130671    -1207.333930    -1207.203259    -1207.304325      1.58
         62         31.0    298.8    100.7     487.27    0.138878    -1207.342089    -1207.203211    -1207.304467      1.33
         63         31.5    298.5    100.3     511.34    0.145739    -1207.349218    -1207.203479    -1207.304565      1.16
         64         32.0    282.8    101.2     525.89    0.149887    -1207.353790    -1207.203904    -1207.304601      1.10
         65         32.5    276.9    101.4     529.38    0.150879    -1207.355211    -1207.204332    -1207.304589      1.12
         66         33.0    276.4    100.5     522.93    0.149041    -1207.353673    -1207.204632    -1207.304545      1.19
         67         33.5    296.3    100.5     509.81    0.145303    -1207.350009    -1207.204706    -1207.304472      1.32
         68         34.0    274.6    101.0     495.13    0.141118    -1207.345649    -1207.204530    -1207.304369      1.50
         69         34.5    317.1    101.0     485.09    0.138256    -1207.342463    -1207.204207    -1207.304269      1.68
         70         35.0    296.7    125.7     485.14    0.138271    -1207.342219    -1207.203948    -1207.304234      1.74
         71         35.5    298.6    100.4     497.26    0.141725    -1207.345700    -1207.203975    -1207.304302      1.62
         72         36.0    300.8    102.6     518.10    0.147665    -1207.352071    -1207.204406    -1207.304461      1.34
         73         36.5    301.1    100.8     539.94    0.153889    -1207.359080    -1207.205190    -1207.304646      1.02
         74         37.0    257.3    100.8     554.01    0.157901    -1207.364040    -1207.206140    -1207.304786      0.77
         75         37.5    255.4    100.4     554.18    0.157950    -1207.364953    -1207.207003    -1207.304836      0.68
         76         38.0    287.2    100.1     539.00    0.153621    -1207.361167    -1207.207545    -1207.304793      0.76
         77         38.5    279.1    100.5     511.64    0.145825    -1207.353433    -1207.207608    -1207.304681      0.96
         78         39.0    285.8    100.9     478.53    0.136387    -1207.343531    -1207.207144    -1207.304540      1.20
         79         39.5    275.0    100.3     447.27    0.127477    -1207.333697    -1207.206220    -1207.304406      1.44
         80         40.0    208.5    103.8     424.64    0.121027    -1207.326016    -1207.204989    -1207.304306      1.61
         81         40.5    276.0    100.4     414.65    0.118182    -1207.321872    -1207.203691    -1207.304288      1.65
         82         41.0    298.8    101.2     417.44    0.118976    -1207.321487    -1207.202512    -1207.304348      1.54
         83         41.5    274.6    100.3     429.36    0.122373    -1207.323924    -1207.201552    -1207.304447      1.37
         84         42.0    296.1     99.9     444.64    0.126728    -1207.327543    -1207.200816    -1207.304541      1.20
         85         42.5    275.3    100.3     457.84    0.130490    -1207.330730    -1207.200241    -1207.304599      1.10
         86         43.0    286.7     99.7     465.55    0.132687    -1207.332420    -1207.199733    -1207.304608      1.09
         87         43.5    283.0    100.7     466.77    0.133035    -1207.332243    -1207.199207    -1207.304581      1.13
         88         44.0    273.8    100.1     462.75    0.131889    -1207.330479    -1207.198590    -1207.304522      1.24
         89         44.5    273.9    100.2     456.62    0.130142    -1207.327996    -1207.197854    -1207.304437      1.38
         90         45.0    272.2    100.6     452.91    0.129084    -1207.326139    -1207.197055    -1207.304345      1.55
         91         45.5    272.8    100.6     456.26    0.130040    -1207.326381    -1207.196342    -1207.304288      1.65
         92         46.0    208.6    100.3     469.33    0.133764    -1207.329656    -1207.195892    -1207.304298      1.63
         93         46.5    276.0    100.8     490.89    0.139910    -1207.335761    -1207.195850    -1207.304393      1.46
         94         47.0    258.5    100.3     515.91    0.147042    -1207.343267    -1207.196225    -1207.304529      1.22
         95         47.5    296.9    100.2     537.62    0.153230    -1207.350143    -1207.196913    -1207.304653      1.01
         96         48.0    254.5    100.9     550.36    0.156860    -1207.354598    -1207.197738    -1207.304722      0.89
         97         48.5    254.6     99.9     551.48    0.157178    -1207.355692    -1207.198514    -1207.304726      0.88
         98         49.0    254.0    100.6     541.65    0.154378    -1207.353473    -1207.199095    -1207.304682      0.95
         99         49.5    276.0     99.7     524.11    0.149377    -1207.348763    -1207.199386    -1207.304612      1.08
        100         50.0    253.9    104.2     503.44    0.143487    -1207.342838    -1207.199352    -1207.304525      1.23
------------|------------|--------|--------|----------|-----------|---------------|---------------|---------------|-----------
            |  Sim. Time |  t_SCF | t_Grad |     Temp |     E_Kin |         E_Pot |         E_Tot |      Cons.Qty |   Drift
       Step |       [fs] |    [s] |    [s] |      [K] | [Hartree] |     [Hartree] |     [Hartree] |     [Hartree] |     [K]


Finished MD run of 100 steps.


Thermostat Summary:
  (*) Region "all": Injected 276.13 kJ/mol of energy into the system (equivalent to 369.01 K).


>>> Timing data >>>
    MD loop was running for 38168.334 seconds (10:36:08.334 h:m:s).
    Performance: 381.683 seconds/step, 0.0047 ps/hour.
    Time spent within the MD module (overhead): 0.181 seconds (0.0005 % of total time).
<<< Timing data <<<


Finished MD loop.


###############################################################
########        Finished Executing Input Script        ########
###############################################################


    7 function calls, 0 operator calls, 26 evaluated expressions.


Timings for individual modules during the MD run:

GTO integral calculation        ...      317.638 sec (=   5.294 min)   0.8 %
SCF iterations                  ...    27714.315 sec (= 461.905 min)  72.7 %
SCF Gradient evaluation         ...    10084.133 sec (= 168.069 min)  26.5 %
Self time inside of MD module   ...        3.012 sec (=   0.050 min)   0.0 %

Sum of individual times         ...    38119.098 sec (= 635.318 min)

Total wall time of MD module    ...    38171.140 sec (= 636.186 min)
             --> "dark time"    ...       52.042 sec (=   0.867 min)   0.1 %

( The "dark time" is spent in the ORCA-internal routines for energy and gradient calculation,
  but not inside of the sub-programs which do so. It contains operating system overhead for
  spawning new processes in each MD step and some file IO time. )



    #########################################################
    ####    ORCA ab initio Molecular Dynamics leaving    ####
    ####           Martin Brehm, 2016 - 2021             ####
    ####        https://brehm-research.de/orcamd         ####
    #########################################################

