
Will write log file to "MD_2.md.log".

Command line:  /opt/packages/orca/orca_5_0_1_linux_x86-64_shared_openmpi411/orca_md MD_2 orca


    ################################################################
    ########    ORCA ab initio Molecular Dynamics Module    ########
    ########          and SANscript Interpreter             ########
    ########          Martin Brehm, 2016 - 2021             ########
    ########       https://brehm-research.de/orcamd         ########
    ################################################################


  * Compiled as ORCA module.
  * Called from ORCA.
  * Base name: "MD_2"
  * Source code version: May 16 2021
  * Compiled at Jul 22 2021 19:43:51, compiler "Clang 12.0.0 (/home/frankw/CompEnv/src/llvm1200/llvm-project/clang d28af7c654d8db0b68c175db5ce212d74fb5e9bc)", LLVM, CLANG 12.0.0, Linux
  * Machine: x86_64, int=4b, long=8b, addr=8b, 0xA0B0C0D0=D0,C0,B0,A0.
  * Executable name: "/opt/packages/orca/orca_5_0_1_linux_x86-64_shared_openmpi411/orca_md"
  * Running on r047.ib.bridges2.psc.edu at Sun Jul 10 11:32:51 2022 (PID 74910)
  * Running in /jet/home/nhattrup/ORCA_fun/transition_states/bvl_bpin2/rxn1/nequip_data/2

Initializing SAN engine...

Started parsing input script.
Reading input file "MD_2.mdinput" ...
229 Bytes read.
Tokenizing input...
Found 25 tokens in file.
Handling brackets...
Handling reference parentheses...
Handling keywords...
Handling operators...
Grouping commas...
Removing commas...
Handling variables...
Found unit "K", which is the default.
Found unit "fs", which is the default.
Found unit "K", which is the default.
Found unit "fs", which is the default.
Handling functions, iteration 1...
Handling functions, iteration 2...
Handling functions, iteration 3...
Flattening tree...
Checking keyword syntax...
Finished parsing input script.

Initializing MD engine with interface "ORCA" ...


>>>>>>>>>>>>>>>>>>>>>>>>>>>>>>>>>>>>>>>>>>>>>>>>>>>>
>>>   Output of System Information (from ORCA)   >>>
>>>>>>>>>>>>>>>>>>>>>>>>>>>>>>>>>>>>>>>>>>>>>>>>>>>>


############################################
   Total Atom Count:              60
   Total System Mass:          382.1 a.m.u.
   Total Basis Dimension:       1060
   Total Electron Number:        206
   Total Charge:                   0
   Total Multiplicity:             1
  ------------------------------------------
   ReducePrint:                 true
   Print Mulliken Pop:             1
   Print Loewdin Pop:              1
   Print Mayer Pop:                1
   Print Orbital Energies:         1
############################################

<<<<<<<<<<<<<<<<<<<<<<<<<<<<<<<<<<<<<<<<<<<<<<<<<<<<
<<<          End of System Information           <<<
<<<<<<<<<<<<<<<<<<<<<<<<<<<<<<<<<<<<<<<<<<<<<<<<<<<<

Initializing regions...

Defined regions:
         all:    60 atoms
          qm:    60 atoms
      active:    60 atoms


######################################################
########        Executing Input Script        ########
######################################################

Execution verbose level is 2.



>>>>>> Initvel 500

Initializing atom velocities for region "all" to 500.00 K:
  Creating Maxwell-Boltzmann distribution...
  Removing initial center of mass movement...
  Rescaling velocities to match exact initial temperature (factor 0.893633)...
Done.


>>>>>> Timestep 0.5

Setting integration time step to 0.50 fs.


>>>>>> Thermostat Berendsen, 500, Timecon, 10.0

Switching on thermostat for region "all": Type Berendsen, temperature 500.00 K, time constant 10.00 fs, global.


>>>>>> Dump Position, Stride, 1, Filename, "IMAGE_2_trajectory_500K.xyz"

Modified writing position trajectory for region "all": Format XYZ, stride 1, filename "IMAGE_2_trajectory_500K.xyz", append.


>>>>>> Dump Force, Stride, 1, Filename, "IMAGE_2_forces_500K.xyz"

Switched on writing force trajectory for region "all": Format XYZ, stride 1, filename "IMAGE_2_forces_500K.xyz", append.


>>>>>> Restart Ifexists

Reading restart file "MD_2.mdrestart"...
  Restart file "MD_2.mdrestart" does not exist; not restarting.
Failed, but "Ifexists" was specified. Continuing.


>>>>>> Run 100


***************************************************
****    Starting MD loop for      100 steps    ****
***************************************************


Dump: Will write Position data of region "all" in XYZ format with stride 1 to "IMAGE_2_trajectory_500K.xyz" (append).
Dump: Will write Force data of region "all" in XYZ format with stride 1 to "IMAGE_2_forces_500K.xyz" (append).

Defined regions:
         all:    60 atoms
          qm:    60 atoms
      active:    60 atoms

Active Thermostats:
  (*) Region "all": Type Berendsen, temperature 500.00 K, time constant 10.00 fs, global.


Will write restart file to "MD_2.mdrestart" after each step.
Will write energy statistics to "MD_2-md-ener.csv" after each step.

The system contains 180 active degrees of freedom (60 active atoms * 3).


            |  Sim. Time |  t_SCF | t_Grad |     Temp |     E_Kin |         E_Pot |         E_Tot |      Cons.Qty |   Drift
       Step |       [fs] |    [s] |    [s] |      [K] | [Hartree] |     [Hartree] |     [Hartree] |     [Hartree] |     [K]
------------|------------|--------|--------|----------|-----------|---------------|---------------|---------------|-----------
          0          0.0    382.6              500.00    0.142506    -1207.450503    -1207.307997                          
          1          0.5    300.2    117.9     489.14    0.139411    -1207.446976    -1207.307565    -1207.307728      0.00
          2          1.0    322.6    115.8     461.19    0.131444    -1207.438324    -1207.306880    -1207.307625      0.18
          3          1.5    296.3    112.5     423.20    0.120617    -1207.426181    -1207.305564    -1207.307462      0.47
          4          2.0    299.2    112.2     383.90    0.109416    -1207.413053    -1207.303637    -1207.307276      0.79
          5          2.5    296.8    112.6     352.26    0.100398    -1207.401682    -1207.301284    -1207.307140      1.03
          6          3.0    329.3    112.5     334.15    0.095236    -1207.394011    -1207.298775    -1207.307118      1.07
          7          3.5    299.9    114.5     329.70    0.093970    -1207.390281    -1207.296311    -1207.307209      0.91
          8          4.0    296.7    114.0     333.35    0.095008    -1207.388963    -1207.293955    -1207.307352      0.66
          9          4.5    274.5    114.5     336.70    0.095965    -1207.387594    -1207.291629    -1207.307476      0.44
         10          5.0    301.4    116.2     332.55    0.094782    -1207.383949    -1207.289166    -1207.307525      0.36
         11          5.5    272.6    112.8     317.59    0.090517    -1207.376904    -1207.286387    -1207.307482      0.43
         12          6.0    275.2    113.6     293.37    0.083613    -1207.366773    -1207.283160    -1207.307355      0.66
         13          6.5    252.0    112.7     265.79    0.075752    -1207.355220    -1207.279468    -1207.307176      0.97
         14          7.0    295.3    112.4     243.54    0.069412    -1207.344848    -1207.275435    -1207.306991      1.29
         15          7.5    293.7    114.4     235.52    0.067126    -1207.338461    -1207.271335    -1207.306858      1.53
         16          8.0    294.3    113.7     247.63    0.070577    -1207.338107    -1207.267530    -1207.306839      1.56
         17          8.5    295.0    113.5     280.07    0.079822    -1207.344156    -1207.264333    -1207.306941      1.38
         18          9.0    320.7    113.5     326.65    0.093098    -1207.355008    -1207.261910    -1207.307118      1.07
         19          9.5    273.8    118.1     377.28    0.107528    -1207.367778    -1207.260250    -1207.307299      0.75
         20         10.0    300.4    115.0     421.88    0.120242    -1207.379451    -1207.259209    -1207.307430      0.52
         21         10.5    297.5    114.9     453.20    0.129168    -1207.387745    -1207.258577    -1207.307500      0.40
         22         11.0    276.4    113.4     467.63    0.133282    -1207.391389    -1207.258107    -1207.307516      0.37
         23         11.5    300.0    118.0     465.04    0.132541    -1207.390085    -1207.257544    -1207.307477      0.44
         24         12.0    300.0    115.3     448.45    0.127815    -1207.384482    -1207.256667    -1207.307373      0.62
         25         12.5    298.9    115.2     424.10    0.120874    -1207.376239    -1207.255365    -1207.307210      0.91
         26         13.0    300.0    115.3     400.65    0.114190    -1207.367887    -1207.253697    -1207.307032      1.22
         27         13.5    307.0    115.3     386.73    0.110222    -1207.362112    -1207.251889    -1207.306923      1.41
         28         14.0    305.1    114.8     386.96    0.110290    -1207.360512    -1207.250222    -1207.306952      1.36
         29         14.5    325.3    114.9     399.07    0.113740    -1207.362605    -1207.248865    -1207.307108      1.09
         30         15.0    327.9    115.2     414.63    0.118175    -1207.365959    -1207.247785    -1207.307309      0.74
         31         15.5    279.6    112.5     423.37    0.120666    -1207.367448    -1207.246782    -1207.307456      0.48
         32         16.0    326.3    114.2     417.91    0.119110    -1207.364701    -1207.245591    -1207.307496      0.41
         33         16.5    328.3    115.0     396.54    0.113019    -1207.356982    -1207.243963    -1207.307421      0.54
         34         17.0    327.5    116.2     363.51    0.103605    -1207.345353    -1207.241748    -1207.307252      0.83
         35         17.5    302.7    114.5     327.50    0.093341    -1207.332289    -1207.238948    -1207.307040      1.21
         36         18.0    323.4    114.8     298.87    0.085183    -1207.320925    -1207.235742    -1207.306852      1.54
         37         18.5    228.0    116.2     286.39    0.081626    -1207.314061    -1207.232435    -1207.306748      1.72
         38         19.0    324.8    114.8     294.10    0.083821    -1207.313194    -1207.229372    -1207.306774      1.67
         39         19.5    300.4    116.0     319.65    0.091105    -1207.317903    -1207.226797    -1207.306905      1.44
         40         20.0    324.8    114.2     355.31    0.101269    -1207.326066    -1207.224797    -1207.307075      1.15
         41         20.5    326.5    116.4     391.27    0.111516    -1207.334824    -1207.223308    -1207.307217      0.90
         42         21.0    327.1    115.8     419.37    0.119526    -1207.341703    -1207.222177    -1207.307295      0.76
         43         21.5    280.0    115.5     435.11    0.124011    -1207.345228    -1207.221216    -1207.307308      0.74
         44         22.0    230.1    114.8     437.67    0.124740    -1207.344960    -1207.220220    -1207.307247      0.84
         45         22.5    306.9    114.5     429.17    0.122319    -1207.341379    -1207.219059    -1207.307148      1.02
         46         23.0    326.5    115.6     414.41    0.118113    -1207.335746    -1207.217634    -1207.307007      1.27
         47         23.5    303.0    113.6     400.47    0.114139    -1207.330114    -1207.215975    -1207.306842      1.56
         48         24.0    325.3    117.1     394.96    0.112568    -1207.326839    -1207.214272    -1207.306713      1.78
         49         24.5    325.6    115.6     403.04    0.114871    -1207.327665    -1207.212794    -1207.306690      1.82
         50         25.0    280.3    115.7     424.51    0.120991    -1207.332750    -1207.211759    -1207.306787      1.65
         51         25.5    281.5    114.5     453.15    0.129155    -1207.340383    -1207.211228    -1207.306960      1.35
         52         26.0    330.6    114.6     479.27    0.136598    -1207.347683    -1207.211085    -1207.307128      1.05
         53         26.5    281.2    117.1     493.95    0.140782    -1207.351868    -1207.211085    -1207.307218      0.89
         54         27.0    281.4    115.3     492.62    0.140404    -1207.351360    -1207.210957    -1207.307201      0.93
         55         27.5    280.8    116.2     476.48    0.135802    -1207.346290    -1207.210488    -1207.307085      1.13
         56         28.0    280.3    115.3     451.72    0.128747    -1207.338336    -1207.209590    -1207.306911      1.43
         57         28.5    279.9    114.7     427.28    0.121780    -1207.330102    -1207.208322    -1207.306734      1.74
         58         29.0    324.7    116.0     411.84    0.117379    -1207.324256    -1207.206876    -1207.306611      1.96
         59         29.5    329.7    115.2     411.07    0.117159    -1207.322672    -1207.205513    -1207.306582      2.01
         60         30.0    327.5    116.0     425.69    0.121326    -1207.325798    -1207.204472    -1207.306655      1.88
         61         30.5    324.6    115.8     451.29    0.128624    -1207.332503    -1207.203879    -1207.306793      1.64
         62         31.0    328.3    114.9     480.31    0.136894    -1207.340620    -1207.203726    -1207.306935      1.39
         63         31.5    326.9    115.3     505.22    0.143994    -1207.347897    -1207.203903    -1207.307034      1.22
         64         32.0    327.0    115.3     521.03    0.148500    -1207.352762    -1207.204262    -1207.307078      1.14
         65         32.5    303.8    115.2     525.96    0.149906    -1207.354553    -1207.204647    -1207.307073      1.15
         66         33.0    303.3    114.8     520.89    0.148459    -1207.353378    -1207.204919    -1207.307032      1.22
         67         33.5    347.2    114.3     508.73    0.144996    -1207.349972    -1207.204976    -1207.306958      1.35
         68         34.0    300.2    115.6     494.39    0.140907    -1207.345693    -1207.204786    -1207.306852      1.54
         69         34.5    345.0    129.5     484.09    0.137973    -1207.342410    -1207.204438    -1207.306742      1.73
         70         35.0    324.2    114.4     483.67    0.137851    -1207.341993    -1207.204142    -1207.306692      1.82
         71         35.5    325.0    114.3     495.62    0.141258    -1207.345391    -1207.204133    -1207.306748      1.72
         72         36.0    324.8    115.1     517.02    0.147357    -1207.351900    -1207.204544    -1207.306903      1.45
         73         36.5    328.3    115.1     540.11    0.153939    -1207.359275    -1207.205336    -1207.307094      1.11
         74         37.0    280.7    114.3     555.70    0.158382    -1207.364701    -1207.206319    -1207.307242      0.85
         75         37.5    309.5    115.4     557.10    0.158779    -1207.366009    -1207.207229    -1207.307296      0.76
         76         38.0    329.2    113.7     542.41    0.154593    -1207.362416    -1207.207822    -1207.307252      0.83
         77         38.5    301.8    114.8     514.72    0.146702    -1207.354633    -1207.207930    -1207.307140      1.03
         78         39.0    302.4    116.1     480.61    0.136981    -1207.344472    -1207.207491    -1207.306991      1.29
         79         39.5    303.9    114.8     447.95    0.127672    -1207.334242    -1207.206569    -1207.306850      1.54
         80         40.0    300.4    114.5     423.80    0.120787    -1207.326117    -1207.205330    -1207.306754      1.71
         81         40.5    302.3    114.7     412.47    0.117560    -1207.321553    -1207.203993    -1207.306730      1.75
         82         41.0    323.1    114.1     414.34    0.118091    -1207.320854    -1207.202763    -1207.306784      1.66
         83         41.5    299.9    114.3     425.87    0.121379    -1207.323127    -1207.201748    -1207.306881      1.49
         84         42.0    251.4    115.3     441.29    0.125773    -1207.326745    -1207.200972    -1207.306986      1.30
         85         42.5    300.1    114.3     455.08    0.129703    -1207.330073    -1207.200370    -1207.307058      1.18
         86         43.0    277.2    115.6     463.67    0.132151    -1207.331993    -1207.199842    -1207.307076      1.14
         87         43.5    227.6    114.3     465.79    0.132756    -1207.332059    -1207.199303    -1207.307050      1.19
         88         44.0    301.8    113.8     462.37    0.131781    -1207.330466    -1207.198685    -1207.306996      1.28
         89         44.5    299.4    115.1     456.20    0.130022    -1207.327966    -1207.197944    -1207.306912      1.43
         90         45.0    297.0    114.1     451.67    0.128733    -1207.325852    -1207.197120    -1207.306813      1.61
         91         45.5    295.3    110.8     453.64    0.129293    -1207.325644    -1207.196351    -1207.306740      1.73
         92         46.0    220.2    111.8     465.32    0.132622    -1207.328443    -1207.195821    -1207.306730      1.75
         93         46.5    292.4    112.4     486.18    0.138567    -1207.334262    -1207.195694    -1207.306810      1.61
         94         47.0    267.7    111.2     511.60    0.145812    -1207.341813    -1207.196000    -1207.306942      1.38
         95         47.5    314.2    113.0     534.68    0.152390    -1207.349040    -1207.196650    -1207.307072      1.15
         96         48.0    290.1    111.3     549.16    0.156518    -1207.353982    -1207.197464    -1207.307148      1.02
         97         48.5    268.8    112.0     551.69    0.157239    -1207.355484    -1207.198245    -1207.307154      1.01
         98         49.0    269.4    111.5     542.47    0.154612    -1207.353447    -1207.198835    -1207.307107      1.09
         99         49.5    290.8    111.4     524.64    0.149530    -1207.348654    -1207.199124    -1207.307026      1.23
        100         50.0    267.8    110.3     503.01    0.143365    -1207.342436    -1207.199071    -1207.306928      1.40
------------|------------|--------|--------|----------|-----------|---------------|---------------|---------------|-----------
            |  Sim. Time |  t_SCF | t_Grad |     Temp |     E_Kin |         E_Pot |         E_Tot |      Cons.Qty |   Drift
       Step |       [fs] |    [s] |    [s] |      [K] | [Hartree] |     [Hartree] |     [Hartree] |     [Hartree] |     [K]


Finished MD run of 100 steps.


Thermostat Summary:
  (*) Region "all": Injected 283.18 kJ/mol of energy into the system (equivalent to 378.43 K).


>>> Timing data >>>
    MD loop was running for 41865.916 seconds (11:37:45.916 h:m:s).
    Performance: 418.659 seconds/step, 0.0043 ps/hour.
    Time spent within the MD module (overhead): 0.189 seconds (0.0005 % of total time).
<<< Timing data <<<


Finished MD loop.


###############################################################
########        Finished Executing Input Script        ########
###############################################################


    7 function calls, 0 operator calls, 26 evaluated expressions.


Timings for individual modules during the MD run:

GTO integral calculation        ...      350.298 sec (=   5.838 min)   0.8 %
SCF iterations                  ...    30001.252 sec (= 500.021 min)  71.7 %
SCF Gradient evaluation         ...    11466.940 sec (= 191.116 min)  27.4 %
Self time inside of MD module   ...        3.562 sec (=   0.059 min)   0.0 %

Sum of individual times         ...    41822.052 sec (= 697.034 min)

Total wall time of MD module    ...    41869.256 sec (= 697.821 min)
             --> "dark time"    ...       47.203 sec (=   0.787 min)   0.1 %

( The "dark time" is spent in the ORCA-internal routines for energy and gradient calculation,
  but not inside of the sub-programs which do so. It contains operating system overhead for
  spawning new processes in each MD step and some file IO time. )



    #########################################################
    ####    ORCA ab initio Molecular Dynamics leaving    ####
    ####           Martin Brehm, 2016 - 2021             ####
    ####        https://brehm-research.de/orcamd         ####
    #########################################################

