
Will write log file to "MD_4.md.log".

Command line:  /opt/packages/orca/orca_5_0_1_linux_x86-64_shared_openmpi411/orca_md MD_4 orca


    ################################################################
    ########    ORCA ab initio Molecular Dynamics Module    ########
    ########          and SANscript Interpreter             ########
    ########          Martin Brehm, 2016 - 2021             ########
    ########       https://brehm-research.de/orcamd         ########
    ################################################################


  * Compiled as ORCA module.
  * Called from ORCA.
  * Base name: "MD_4"
  * Source code version: May 16 2021
  * Compiled at Jul 22 2021 19:43:51, compiler "Clang 12.0.0 (/home/frankw/CompEnv/src/llvm1200/llvm-project/clang d28af7c654d8db0b68c175db5ce212d74fb5e9bc)", LLVM, CLANG 12.0.0, Linux
  * Machine: x86_64, int=4b, long=8b, addr=8b, 0xA0B0C0D0=D0,C0,B0,A0.
  * Executable name: "/opt/packages/orca/orca_5_0_1_linux_x86-64_shared_openmpi411/orca_md"
  * Running on r012.ib.bridges2.psc.edu at Mon Jul  4 19:27:56 2022 (PID 81317)
  * Running in /jet/home/nhattrup/ORCA_fun/transition_states/bvl_bvl/bvl_bvl_rxn1/nequip_data/4

Initializing SAN engine...

Started parsing input script.
Reading input file "MD_4.mdinput" ...
229 Bytes read.
Tokenizing input...
Found 25 tokens in file.
Handling brackets...
Handling reference parentheses...
Handling keywords...
Handling operators...
Grouping commas...
Removing commas...
Handling variables...
Found unit "K", which is the default.
Found unit "fs", which is the default.
Found unit "K", which is the default.
Found unit "fs", which is the default.
Handling functions, iteration 1...
Handling functions, iteration 2...
Handling functions, iteration 3...
Flattening tree...
Checking keyword syntax...
Finished parsing input script.

Initializing MD engine with interface "ORCA" ...


>>>>>>>>>>>>>>>>>>>>>>>>>>>>>>>>>>>>>>>>>>>>>>>>>>>>
>>>   Output of System Information (from ORCA)   >>>
>>>>>>>>>>>>>>>>>>>>>>>>>>>>>>>>>>>>>>>>>>>>>>>>>>>>


############################################
   Total Atom Count:              38
   Total System Mass:          258.4 a.m.u.
   Total Basis Dimension:        728
   Total Electron Number:        138
   Total Charge:                   0
   Total Multiplicity:             1
  ------------------------------------------
   ReducePrint:                 true
   Print Mulliken Pop:             1
   Print Loewdin Pop:              1
   Print Mayer Pop:                1
   Print Orbital Energies:         1
############################################

<<<<<<<<<<<<<<<<<<<<<<<<<<<<<<<<<<<<<<<<<<<<<<<<<<<<
<<<          End of System Information           <<<
<<<<<<<<<<<<<<<<<<<<<<<<<<<<<<<<<<<<<<<<<<<<<<<<<<<<

Initializing regions...

Defined regions:
         all:    38 atoms
          qm:    38 atoms
      active:    38 atoms


######################################################
########        Executing Input Script        ########
######################################################

Execution verbose level is 2.



>>>>>> Initvel 500

Initializing atom velocities for region "all" to 500.00 K:
  Creating Maxwell-Boltzmann distribution...
  Removing initial center of mass movement...
  Rescaling velocities to match exact initial temperature (factor 0.729543)...
Done.


>>>>>> Timestep 0.5

Setting integration time step to 0.50 fs.


>>>>>> Thermostat Berendsen, 500, Timecon, 10.0

Switching on thermostat for region "all": Type Berendsen, temperature 500.00 K, time constant 10.00 fs, global.


>>>>>> Dump Position, Stride, 1, Filename, "IMAGE_4_trajectory_500K.xyz"

Modified writing position trajectory for region "all": Format XYZ, stride 1, filename "IMAGE_4_trajectory_500K.xyz", append.


>>>>>> Dump Force, Stride, 1, Filename, "IMAGE_4_forces_500K.xyz"

Switched on writing force trajectory for region "all": Format XYZ, stride 1, filename "IMAGE_4_forces_500K.xyz", append.


>>>>>> Restart Ifexists

Reading restart file "MD_4.mdrestart"...
  Reading data from restart file "MD_4.mdrestart" ...
    Found 38 atoms.
    Starting from simulation step 2.
    Starting from simulation time 1.00 fs.
Success.


>>>>>> Run 100


***************************************************
****    Starting MD loop for      100 steps    ****
***************************************************


Dump: Will write Position data of region "all" in XYZ format with stride 1 to "IMAGE_4_trajectory_500K.xyz" (append).
Dump: Will write Force data of region "all" in XYZ format with stride 1 to "IMAGE_4_forces_500K.xyz" (append).

Defined regions:
         all:    38 atoms
          qm:    38 atoms
      active:    38 atoms

Active Thermostats:
  (*) Region "all": Type Berendsen, temperature 500.00 K, time constant 10.00 fs, global.


Will write restart file to "MD_4.mdrestart" after each step.
Will write energy statistics to "MD_4-md-ener.csv" after each step.

The system contains 114 active degrees of freedom (38 active atoms * 3).


            |  Sim. Time |  t_SCF | t_Grad |     Temp |     E_Kin |         E_Pot |         E_Tot |      Cons.Qty |   Drift
       Step |       [fs] |    [s] |    [s] |      [K] | [Hartree] |     [Hartree] |     [Hartree] |     [Hartree] |     [K]
------------|------------|--------|--------|----------|-----------|---------------|---------------|---------------|-----------
          2          1.0     95.8              461.82    0.083363     -772.141843     -772.058481                          
          3          1.5     74.3     26.2     431.43    0.077876     -772.135632     -772.057755     -772.058407      0.00
          4          2.0     73.5     25.0     402.52    0.072657     -772.129428     -772.056771     -772.058348      0.16
          5          2.5     73.6     25.0     379.12    0.068433     -772.124021     -772.055587     -772.058313      0.26
          6          3.0     63.1     26.0     363.18    0.065558     -772.119847     -772.054289     -772.058315      0.26
          7          3.5     62.7     25.1     354.49    0.063987     -772.116935     -772.052948     -772.058356      0.14
          8          4.0     62.8     25.0     350.59    0.063285     -772.114876     -772.051592     -772.058420     -0.04
          9          4.5     74.5     25.3     347.41    0.062711     -772.112916     -772.050205     -772.058482     -0.21
         10          5.0     78.5     24.2     340.33    0.061432     -772.110160     -772.048727     -772.058522     -0.32
         11          5.5     77.8     24.3     325.97    0.058840     -772.105918     -772.047078     -772.058526     -0.33
         12          6.0     76.9     24.2     304.28    0.054925     -772.100091     -772.045166     -772.058473     -0.18
         13          6.5     73.5     22.3     279.67    0.050483     -772.093449     -772.042966     -772.058366      0.11
         14          7.0     79.4     25.1     260.52    0.047027     -772.087591     -772.040565     -772.058240      0.46
         15          7.5     79.0     25.2     256.30    0.046265     -772.084432     -772.038167     -772.058158      0.69
         16          8.0     78.8     25.3     272.78    0.049239     -772.085264     -772.036025     -772.058174      0.64
         17          8.5     78.3     25.1     307.89    0.055577     -772.089892     -772.034315     -772.058289      0.32
         18          9.0     79.2     25.1     351.69    0.063483     -772.096544     -772.033061     -772.058444     -0.10
         19          9.5     79.5     25.1     391.23    0.070620     -772.102767     -772.032147     -772.058564     -0.43
         20         10.0     79.7     25.2     416.62    0.075204     -772.106603     -772.031400     -772.058609     -0.56
         21         10.5     80.1     25.2     424.36    0.076601     -772.107256     -772.030655     -772.058583     -0.49
         22         11.0     80.0     25.2     416.95    0.075263     -772.105061     -772.029798     -772.058515     -0.30
         23         11.5     79.7     25.2     400.51    0.072296     -772.101068     -772.028772     -772.058433     -0.07
         24         12.0     80.0     25.2     382.20    0.068989     -772.096569     -772.027580     -772.058361      0.13
         25         12.5     79.9     25.1     368.28    0.066477     -772.092753     -772.026276     -772.058309      0.27
         26         13.0     79.7     25.1     363.04    0.065532     -772.090485     -772.024952     -772.058286      0.33
         27         13.5     79.1     25.3     368.15    0.066455     -772.090165     -772.023710     -772.058296      0.31
         28         14.0     80.3     25.3     382.33    0.069014     -772.091651     -772.022638     -772.058342      0.18
         29         14.5     80.0     25.1     401.47    0.072468     -772.094243     -772.021775     -772.058415     -0.02
         30         15.0     79.5     25.3     419.41    0.075707     -772.096802     -772.021096     -772.058501     -0.26
         31         15.5     79.4     24.3     429.50    0.077528     -772.098027     -772.020498     -772.058574     -0.46
         32         16.0     80.9     26.0     426.79    0.077039     -772.096870     -772.019831     -772.058602     -0.54
         33         16.5     80.1     25.3     410.29    0.074060     -772.093000     -772.018940     -772.058563     -0.43
         34         17.0     75.2     25.3     384.40    0.069388     -772.087121     -772.017734     -772.058455     -0.13
         35         17.5     74.6     25.1     358.45    0.064703     -772.080949     -772.016247     -772.058313      0.26
         36         18.0     74.2     25.2     343.55    0.062014     -772.076664     -772.014649     -772.058202      0.57
         37         18.5     86.2     25.5     347.68    0.062760     -772.075946     -772.013186     -772.058186      0.61
         38         19.0     80.5     25.4     371.26    0.067016     -772.079070     -772.012054     -772.058277      0.36
         39         19.5     80.8     25.3     406.45    0.073367     -772.084678     -772.011311     -772.058423     -0.04
         40         20.0     80.3     25.2     441.11    0.079624     -772.090502     -772.010878     -772.058549     -0.39
         41         20.5     81.0     25.4     464.85    0.083909     -772.094510     -772.010602     -772.058607     -0.55
         42         21.0     83.9     25.6     473.03    0.085385     -772.095714     -772.010329     -772.058590     -0.51
         43         21.5     92.4     25.3     467.23    0.084339     -772.094289     -772.009950     -772.058523     -0.32
         44         22.0     80.0     25.3     453.12    0.081793     -772.091213     -772.009420     -772.058438     -0.09
         45         22.5     80.1     25.5     437.79    0.079026     -772.087778     -772.008752     -772.058361      0.13
         46         23.0     80.1     25.3     427.61    0.077187     -772.085196     -772.008009     -772.058306      0.28
         47         23.5     63.1     25.3     426.82    0.077044     -772.084343     -772.007299     -772.058291      0.32
         48         24.0     92.7     25.4     437.03    0.078887     -772.085613     -772.006725     -772.058316      0.25
         49         24.5     78.2     24.4     456.72    0.082441     -772.088804     -772.006363     -772.058364      0.12
         50         25.0     62.8     24.9     481.22    0.086863     -772.093137     -772.006273     -772.058453     -0.13
         51         25.5     84.8     24.8     503.92    0.090962     -772.097378     -772.006416     -772.058559     -0.42
         52         26.0     85.2     24.9     517.75    0.093458     -772.100123     -772.006665     -772.058639     -0.64
         53         26.5     89.1     25.0     517.22    0.093362     -772.100228     -772.006866     -772.058676     -0.75
         54         27.0     84.8     24.8     500.86    0.090409     -772.097255     -772.006846     -772.058648     -0.67
         55         27.5     74.2     24.8     472.57    0.085303     -772.091790     -772.006487     -772.058550     -0.40
         56         28.0     73.8     24.9     441.03    0.079610     -772.085401     -772.005791     -772.058414     -0.02
         57         28.5     73.8     25.0     416.85    0.075244     -772.080135     -772.004891     -772.058304      0.29
         58         29.0     62.6     24.9     407.99    0.073646     -772.077642     -772.003996     -772.058283      0.34
         59         29.5     85.4     25.1     416.27    0.075140     -772.078414     -772.003274     -772.058356      0.14
         60         30.0     69.0     25.0     436.52    0.078796     -772.081575     -772.002780     -772.058465     -0.16
         61         30.5     69.5     25.0     459.36    0.082918     -772.085414     -772.002496     -772.058568     -0.45
         62         31.0     68.7     25.9     475.91    0.085905     -772.088225     -772.002320     -772.058621     -0.59
         63         31.5     69.5     25.0     481.29    0.086877     -772.089011     -772.002134     -772.058612     -0.57
         64         32.0     69.0     24.9     475.76    0.085878     -772.087724     -772.001846     -772.058555     -0.41
         65         32.5     68.6     24.8     463.48    0.083662     -772.085081     -772.001419     -772.058475     -0.19
         66         33.0     68.1     24.9     450.45    0.081310     -772.082179     -772.000869     -772.058395      0.03
         67         33.5     84.7     25.0     442.44    0.079864     -772.080126     -772.000262     -772.058335      0.20
         68         34.0     80.2     24.9     443.64    0.080080     -772.079776     -771.999696     -772.058304      0.28
         69         34.5     78.9     24.9     455.74    0.082264     -772.081541     -771.999277     -772.058306      0.28
         70         35.0     78.9     24.8     477.47    0.086188     -772.085288     -771.999100     -772.058344      0.18
         71         35.5     78.8     24.7     504.72    0.091106     -772.090318     -771.999212     -772.058410     -0.01
         72         36.0     77.5     24.9     531.25    0.095894     -772.095483     -771.999589     -772.058491     -0.23
         73         36.5     80.5     24.9     550.28    0.099330     -772.099468     -772.000138     -772.058561     -0.43
         74         37.0     79.5     24.8     556.59    0.100469     -772.101179     -772.000710     -772.058596     -0.52
         75         37.5     79.2     25.7     548.42    0.098993     -772.100143     -772.001150     -772.058576     -0.47
         76         38.0     79.3     25.9     528.55    0.095408     -772.096757     -772.001348     -772.058503     -0.27
         77         38.5     79.1     24.7     503.83    0.090945     -772.092229     -772.001284     -772.058403      0.01
         78         39.0     78.9     24.9     482.68    0.087128     -772.088163     -772.001036     -772.058319      0.24
         79         39.5     73.6     24.7     471.69    0.085143     -772.085878     -772.000735     -772.058287      0.33
         80         40.0     78.7     24.7     472.69    0.085325     -772.085831     -772.000506     -772.058317      0.25
         81         40.5     73.3     24.5     482.51    0.087097     -772.087504     -772.000408     -772.058385      0.06
         82         41.0     73.4     24.7     494.92    0.089337     -772.089763     -772.000426     -772.058452     -0.13
         83         41.5     78.5     24.7     503.52    0.090889     -772.091394     -772.000505     -772.058497     -0.25
         84         42.0     78.8     24.7     504.19    0.091011     -772.091565     -772.000554     -772.058507     -0.28
         85         42.5     79.1     24.7     496.28    0.089583     -772.090072     -772.000489     -772.058477     -0.19
         86         43.0     68.0     24.6     482.33    0.087065     -772.087328     -772.000263     -772.058419     -0.03
         87         43.5     78.2     24.8     466.89    0.084278     -772.084163     -771.999885     -772.058355      0.14
         88         44.0     67.5     24.7     455.05    0.082141     -772.081542     -771.999402     -772.058299      0.30
         89         44.5     79.0     24.8     451.02    0.081412     -772.080313     -771.998901     -772.058264      0.40
         90         45.0     72.8     24.7     457.10    0.082510     -772.080996     -771.998485     -772.058256      0.42
         91         45.5     79.0     24.7     473.03    0.085386     -772.083641     -771.998255     -772.058281      0.35
         92         46.0     78.4     24.7     495.81    0.089497     -772.087771     -771.998274     -772.058340      0.18
         93         46.5     73.2     24.8     520.28    0.093914     -772.092454     -771.998539     -772.058413     -0.02
         94         47.0     73.0     24.8     540.37    0.097540     -772.096528     -771.998988     -772.058478     -0.20
         95         47.5     73.3     24.6     550.91    0.099444     -772.098952     -771.999509     -772.058515     -0.30
         96         48.0     68.3     22.4     549.51    0.099190     -772.099160     -771.999970     -772.058506     -0.28
         97         48.5     72.9     24.6     537.59    0.097040     -772.097309     -772.000269     -772.058449     -0.12
         98         49.0     73.5     24.7     520.23    0.093906     -772.094281     -772.000375     -772.058362      0.12
         99         49.5     73.2     24.6     504.19    0.091010     -772.091347     -772.000337     -772.058285      0.34
        100         50.0     78.3     24.6     494.80    0.089316     -772.089578     -772.000262     -772.058259      0.41
        101         50.5     67.9     24.7     493.49    0.089079     -772.089310     -772.000231     -772.058289      0.33
        102         51.0     84.1     24.6     497.51    0.089804     -772.090068     -772.000264     -772.058346      0.17
------------|------------|--------|--------|----------|-----------|---------------|---------------|---------------|-----------
            |  Sim. Time |  t_SCF | t_Grad |     Temp |     E_Kin |         E_Pot |         E_Tot |      Cons.Qty |   Drift
       Step |       [fs] |    [s] |    [s] |      [K] | [Hartree] |     [Hartree] |     [Hartree] |     [Hartree] |     [K]


Finished MD run of 100 steps.


Thermostat Summary:
  (*) Region "all": Injected 152.49 kJ/mol of energy into the system (equivalent to 321.77 K).


>>> Timing data >>>
    MD loop was running for 10269.112 seconds ( 2:51:09.112 h:m:s).
    Performance: 102.691 seconds/step, 0.0175 ps/hour.
    Time spent within the MD module (overhead): 0.150 seconds (0.0015 % of total time).
<<< Timing data <<<


Finished MD loop.


###############################################################
########        Finished Executing Input Script        ########
###############################################################


    7 function calls, 0 operator calls, 26 evaluated expressions.


Timings for individual modules during the MD run:

GTO integral calculation        ...      285.396 sec (=   4.757 min)   2.8 %
SCF iterations                  ...     7460.312 sec (= 124.339 min)  72.8 %
SCF Gradient evaluation         ...     2495.816 sec (=  41.597 min)  24.4 %
Self time inside of MD module   ...        2.971 sec (=   0.050 min)   0.0 %

Sum of individual times         ...    10244.494 sec (= 170.742 min)

Total wall time of MD module    ...    10271.916 sec (= 171.199 min)
             --> "dark time"    ...       27.422 sec (=   0.457 min)   0.3 %

( The "dark time" is spent in the ORCA-internal routines for energy and gradient calculation,
  but not inside of the sub-programs which do so. It contains operating system overhead for
  spawning new processes in each MD step and some file IO time. )



    #########################################################
    ####    ORCA ab initio Molecular Dynamics leaving    ####
    ####           Martin Brehm, 2016 - 2021             ####
    ####        https://brehm-research.de/orcamd         ####
    #########################################################

