
Will write log file to "MD_1.md.log".

Command line:  /opt/packages/orca/orca_5_0_1_linux_x86-64_shared_openmpi411/orca_md MD_1 orca


    ################################################################
    ########    ORCA ab initio Molecular Dynamics Module    ########
    ########          and SANscript Interpreter             ########
    ########          Martin Brehm, 2016 - 2021             ########
    ########       https://brehm-research.de/orcamd         ########
    ################################################################


  * Compiled as ORCA module.
  * Called from ORCA.
  * Base name: "MD_1"
  * Source code version: May 16 2021
  * Compiled at Jul 22 2021 19:43:51, compiler "Clang 12.0.0 (/home/frankw/CompEnv/src/llvm1200/llvm-project/clang d28af7c654d8db0b68c175db5ce212d74fb5e9bc)", LLVM, CLANG 12.0.0, Linux
  * Machine: x86_64, int=4b, long=8b, addr=8b, 0xA0B0C0D0=D0,C0,B0,A0.
  * Executable name: "/opt/packages/orca/orca_5_0_1_linux_x86-64_shared_openmpi411/orca_md"
  * Running on r041.ib.bridges2.psc.edu at Sun Jul 10 11:33:01 2022 (PID 90930)
  * Running in /jet/home/nhattrup/ORCA_fun/transition_states/bvl_bpin2/rxn1/nequip_data/1

Initializing SAN engine...

Started parsing input script.
Reading input file "MD_1.mdinput" ...
229 Bytes read.
Tokenizing input...
Found 25 tokens in file.
Handling brackets...
Handling reference parentheses...
Handling keywords...
Handling operators...
Grouping commas...
Removing commas...
Handling variables...
Found unit "K", which is the default.
Found unit "fs", which is the default.
Found unit "K", which is the default.
Found unit "fs", which is the default.
Handling functions, iteration 1...
Handling functions, iteration 2...
Handling functions, iteration 3...
Flattening tree...
Checking keyword syntax...
Finished parsing input script.

Initializing MD engine with interface "ORCA" ...


>>>>>>>>>>>>>>>>>>>>>>>>>>>>>>>>>>>>>>>>>>>>>>>>>>>>
>>>   Output of System Information (from ORCA)   >>>
>>>>>>>>>>>>>>>>>>>>>>>>>>>>>>>>>>>>>>>>>>>>>>>>>>>>


############################################
   Total Atom Count:              60
   Total System Mass:          382.1 a.m.u.
   Total Basis Dimension:       1060
   Total Electron Number:        206
   Total Charge:                   0
   Total Multiplicity:             1
  ------------------------------------------
   ReducePrint:                 true
   Print Mulliken Pop:             1
   Print Loewdin Pop:              1
   Print Mayer Pop:                1
   Print Orbital Energies:         1
############################################

<<<<<<<<<<<<<<<<<<<<<<<<<<<<<<<<<<<<<<<<<<<<<<<<<<<<
<<<          End of System Information           <<<
<<<<<<<<<<<<<<<<<<<<<<<<<<<<<<<<<<<<<<<<<<<<<<<<<<<<

Initializing regions...

Defined regions:
         all:    60 atoms
          qm:    60 atoms
      active:    60 atoms


######################################################
########        Executing Input Script        ########
######################################################

Execution verbose level is 2.



>>>>>> Initvel 500

Initializing atom velocities for region "all" to 500.00 K:
  Creating Maxwell-Boltzmann distribution...
  Removing initial center of mass movement...
  Rescaling velocities to match exact initial temperature (factor 0.893633)...
Done.


>>>>>> Timestep 0.5

Setting integration time step to 0.50 fs.


>>>>>> Thermostat Berendsen, 500, Timecon, 10.0

Switching on thermostat for region "all": Type Berendsen, temperature 500.00 K, time constant 10.00 fs, global.


>>>>>> Dump Position, Stride, 1, Filename, "IMAGE_1_trajectory_500K.xyz"

Modified writing position trajectory for region "all": Format XYZ, stride 1, filename "IMAGE_1_trajectory_500K.xyz", append.


>>>>>> Dump Force, Stride, 1, Filename, "IMAGE_1_forces_500K.xyz"

Switched on writing force trajectory for region "all": Format XYZ, stride 1, filename "IMAGE_1_forces_500K.xyz", append.


>>>>>> Restart Ifexists

Reading restart file "MD_1.mdrestart"...
  Restart file "MD_1.mdrestart" does not exist; not restarting.
Failed, but "Ifexists" was specified. Continuing.


>>>>>> Run 100


***************************************************
****    Starting MD loop for      100 steps    ****
***************************************************


Dump: Will write Position data of region "all" in XYZ format with stride 1 to "IMAGE_1_trajectory_500K.xyz" (append).
Dump: Will write Force data of region "all" in XYZ format with stride 1 to "IMAGE_1_forces_500K.xyz" (append).

Defined regions:
         all:    60 atoms
          qm:    60 atoms
      active:    60 atoms

Active Thermostats:
  (*) Region "all": Type Berendsen, temperature 500.00 K, time constant 10.00 fs, global.


Will write restart file to "MD_1.mdrestart" after each step.
Will write energy statistics to "MD_1-md-ener.csv" after each step.

The system contains 180 active degrees of freedom (60 active atoms * 3).


            |  Sim. Time |  t_SCF | t_Grad |     Temp |     E_Kin |         E_Pot |         E_Tot |      Cons.Qty |   Drift
       Step |       [fs] |    [s] |    [s] |      [K] | [Hartree] |     [Hartree] |     [Hartree] |     [Hartree] |     [K]
------------|------------|--------|--------|----------|-----------|---------------|---------------|---------------|-----------
          0          0.0    301.7              500.00    0.142506    -1207.452667    -1207.310160                          
          1          0.5    271.6     90.9     489.00    0.139371    -1207.449118    -1207.309748    -1207.309913      0.00
          2          1.0    191.7     91.2     460.66    0.131293    -1207.440334    -1207.309041    -1207.309797      0.20
          3          1.5    252.5     89.8     422.08    0.120297    -1207.428001    -1207.307703    -1207.309627      0.50
          4          2.0    252.7     90.4     382.26    0.108948    -1207.414696    -1207.305747    -1207.309438      0.83
          5          2.5    268.2     90.3     350.57    0.099916    -1207.403288    -1207.303371    -1207.309303      1.07
          6          3.0    269.7     90.5     333.10    0.094938    -1207.395792    -1207.300854    -1207.309289      1.09
          7          3.5    250.6     91.7     329.87    0.094018    -1207.392423    -1207.298405    -1207.309392      0.91
          8          4.0    248.7     91.9     334.88    0.095444    -1207.391526    -1207.296082    -1207.309547      0.64
          9          4.5    231.8     91.7     339.28    0.096698    -1207.390500    -1207.293802    -1207.309678      0.41
         10          5.0    252.7     92.1     335.58    0.095645    -1207.387033    -1207.291388    -1207.309729      0.32
         11          5.5    235.2     92.1     320.45    0.091332    -1207.379982    -1207.288650    -1207.309685      0.40
         12          6.0    234.3     92.6     295.56    0.084239    -1207.369692    -1207.285453    -1207.309555      0.63
         13          6.5    213.9     92.5     267.02    0.076105    -1207.357881    -1207.281776    -1207.309373      0.95
         14          7.0    193.2     92.7     243.72    0.069464    -1207.347206    -1207.277742    -1207.309183      1.28
         15          7.5    253.7     92.3     234.71    0.066895    -1207.340524    -1207.273629    -1207.309050      1.51
         16          8.0    233.9     92.9     246.02    0.070120    -1207.339921    -1207.269800    -1207.309031      1.55
         17          8.5    245.0     92.7     277.97    0.079224    -1207.345799    -1207.266575    -1207.309136      1.36
         18          9.0    253.5     92.6     324.39    0.092455    -1207.356576    -1207.264121    -1207.309316      1.05
         19          9.5    254.8     92.8     375.15    0.106922    -1207.369354    -1207.262432    -1207.309500      0.72
         20         10.0    293.3     92.7     420.04    0.119716    -1207.381088    -1207.261372    -1207.309640      0.48
         21         10.5    255.3     92.7     451.64    0.128723    -1207.389450    -1207.260727    -1207.309720      0.34
         22         11.0    236.5     92.7     466.20    0.132872    -1207.393117    -1207.260245    -1207.309745      0.29
         23         11.5    257.1     92.2     463.37    0.132067    -1207.391733    -1207.259665    -1207.309715      0.35
         24         12.0    256.7     92.8     446.12    0.127149    -1207.385909    -1207.258760    -1207.309618      0.52
         25         12.5    256.5     93.0     420.69    0.119903    -1207.377312    -1207.257409    -1207.309456      0.80
         26         13.0    256.4     92.9     396.06    0.112882    -1207.368551    -1207.255669    -1207.309276      1.12
         27         13.5    257.3     92.9     381.29    0.108672    -1207.362449    -1207.253777    -1207.309164      1.31
         28         14.0    256.9     93.0     381.38    0.108699    -1207.360728    -1207.252029    -1207.309195      1.26
         29         14.5    277.4     93.1     394.11    0.112325    -1207.362931    -1207.250606    -1207.309361      0.97
         30         15.0    277.9     93.3     410.72    0.117061    -1207.366540    -1207.249479    -1207.309574      0.59
         31         15.5    238.5     92.2     420.49    0.119845    -1207.368287    -1207.248442    -1207.309729      0.32
         32         16.0    283.9     92.5     415.65    0.118466    -1207.365688    -1207.247222    -1207.309775      0.24
         33         16.5    275.7     91.8     394.32    0.112387    -1207.357949    -1207.245563    -1207.309700      0.37
         34         17.0    274.7     91.8     360.77    0.102823    -1207.346128    -1207.243305    -1207.309531      0.67
         35         17.5    255.2     92.3     323.82    0.092292    -1207.332738    -1207.240446    -1207.309315      1.05
         36         18.0    253.5     92.1     294.07    0.083814    -1207.320979    -1207.237164    -1207.309122      1.39
         37         18.5    192.8     92.3     280.56    0.079964    -1207.313728    -1207.233764    -1207.309013      1.58
         38         19.0    273.7     91.4     287.60    0.081970    -1207.312571    -1207.230601    -1207.309037      1.54
         39         19.5    271.9     91.5     313.07    0.089230    -1207.317160    -1207.227930    -1207.309170      1.30
         40         20.0    274.4     91.8     349.33    0.099564    -1207.325408    -1207.225843    -1207.309343      1.00
         41         20.5    275.6     91.7     386.50    0.110157    -1207.334445    -1207.224287    -1207.309490      0.74
         42         21.0    274.6     92.0     416.24    0.118633    -1207.341749    -1207.223116    -1207.309575      0.59
         43         21.5    237.4     91.6     433.75    0.123624    -1207.345768    -1207.222144    -1207.309597      0.55
         44         22.0    195.2     92.8     437.88    0.124801    -1207.345963    -1207.221162    -1207.309546      0.64
         45         22.5    257.4     92.9     430.38    0.122664    -1207.342694    -1207.220030    -1207.309459      0.80
         46         23.0    276.1     91.8     415.74    0.118490    -1207.337121    -1207.218631    -1207.309324      1.03
         47         23.5    276.7     91.0     400.99    0.114287    -1207.331265    -1207.216979    -1207.309157      1.33
         48         24.0    275.8     91.4     394.16    0.112342    -1207.327595    -1207.215253    -1207.309019      1.57
         49         24.5    276.1     92.5     401.17    0.114340    -1207.328077    -1207.213737    -1207.308986      1.63
         50         25.0    276.4     92.7     422.44    0.120401    -1207.333074    -1207.212673    -1207.309085      1.45
         51         25.5    237.2     92.7     451.87    0.128788    -1207.340924    -1207.212136    -1207.309270      1.13
         52         26.0    277.4     93.2     479.29    0.136603    -1207.348614    -1207.212010    -1207.309455      0.80
         53         26.5    238.5     91.5     495.07    0.141102    -1207.353143    -1207.212041    -1207.309559      0.62
         54         27.0    239.1     91.9     494.10    0.140824    -1207.352764    -1207.211940    -1207.309547      0.64
         55         27.5    237.3     91.7     477.39    0.136063    -1207.347547    -1207.211484    -1207.309430      0.85
         56         28.0    237.2     91.7     451.33    0.128635    -1207.339211    -1207.210576    -1207.309252      1.16
         57         28.5    236.2     91.6     425.15    0.121175    -1207.330446    -1207.209271    -1207.309070      1.48
         58         29.0    237.0     92.3     407.89    0.116254    -1207.324014    -1207.207760    -1207.308941      1.70
         59         29.5    276.4     92.3     405.48    0.115567    -1207.321875    -1207.206308    -1207.308907      1.76
         60         30.0    277.0     93.1     418.90    0.119392    -1207.324553    -1207.205161    -1207.308976      1.64
         61         30.5    275.0     92.9     443.96    0.126534    -1207.330990    -1207.204457    -1207.309112      1.40
         62         31.0    276.0     92.9     473.18    0.134863    -1207.339059    -1207.204196    -1207.309254      1.16
         63         31.5    276.8     92.1     499.02    0.142226    -1207.346506    -1207.204280    -1207.309353      0.98
         64         32.0    276.6     91.1     516.31    0.147156    -1207.351727    -1207.204571    -1207.309399      0.90
         65         32.5    256.0     93.3     523.04    0.149074    -1207.353990    -1207.204915    -1207.309398      0.90
         66         33.0    254.9     92.2     519.74    0.148132    -1207.353305    -1207.205174    -1207.309360      0.97
         67         33.5    253.3     92.4     508.94    0.145054    -1207.350290    -1207.205236    -1207.309288      1.10
         68         34.0    254.0     92.2     495.18    0.141134    -1207.346189    -1207.205055    -1207.309179      1.29
         69         34.5    273.5     91.4     484.65    0.138131    -1207.342836    -1207.204705    -1207.309060      1.50
         70         35.0    270.7     91.1     483.50    0.137805    -1207.342194    -1207.204389    -1207.308992      1.62
         71         35.5    275.7     92.4     494.93    0.141060    -1207.345413    -1207.204352    -1207.309031      1.55
         72         36.0    238.0     95.2     516.58    0.147232    -1207.351981    -1207.204749    -1207.309179      1.29
         73         36.5    278.9     92.8     540.82    0.154142    -1207.359699    -1207.205557    -1207.309374      0.94
         74         37.0    256.5     95.1     558.03    0.159046    -1207.365624    -1207.206578    -1207.309525      0.68
         75         37.5    257.6     90.8     560.79    0.159833    -1207.367374    -1207.207541    -1207.309575      0.59
         76         38.0    276.7     91.1     546.68    0.155812    -1207.364006    -1207.208195    -1207.309529      0.67
         77         38.5    256.0     91.9     518.68    0.147830    -1207.356184    -1207.208355    -1207.309409      0.88
         78         39.0    255.1     92.5     483.53    0.137813    -1207.345762    -1207.207949    -1207.309251      1.16
         79         39.5    254.0     92.0     449.40    0.128086    -1207.335127    -1207.207041    -1207.309101      1.42
         80         40.0    253.5     92.0     423.60    0.120731    -1207.326522    -1207.205790    -1207.308997      1.61
         81         40.5    271.9     91.9     410.68    0.117048    -1207.321469    -1207.204421    -1207.308968      1.66
         82         41.0    272.0     92.9     411.23    0.117205    -1207.320345    -1207.203140    -1207.309018      1.57
         83         41.5    253.3     97.3     421.95    0.120260    -1207.322321    -1207.202061    -1207.309110      1.41
         84         42.0    233.4     91.9     437.18    0.124601    -1207.325810    -1207.201209    -1207.309200      1.25
         85         42.5    254.3     91.0     451.34    0.128637    -1207.329173    -1207.200537    -1207.309258      1.15
         86         43.0    253.8     91.5     460.65    0.131291    -1207.331252    -1207.199961    -1207.309273      1.12
         87         43.5    233.1     92.8     463.60    0.132132    -1207.331532    -1207.199400    -1207.309258      1.15
         88         44.0    253.2     91.1     460.77    0.131324    -1207.330091    -1207.198766    -1207.309212      1.23
         89         44.5    258.3     91.7     454.59    0.129564    -1207.327569    -1207.198004    -1207.309131      1.37
         90         45.0    252.2     92.6     449.18    0.128021    -1207.325160    -1207.197139    -1207.309029      1.55
         91         45.5    251.3     92.0     449.47    0.128106    -1207.324400    -1207.196294    -1207.308942      1.70
         92         46.0    252.9     90.8     459.29    0.130905    -1207.326566    -1207.195661    -1207.308919      1.74
         93         46.5    234.6     91.6     479.00    0.136522    -1207.331933    -1207.195411    -1207.308984      1.63
         94         47.0    236.9     92.1     504.64    0.143828    -1207.339437    -1207.195609    -1207.309112      1.40
         95         47.5    285.8     91.9     529.27    0.150849    -1207.347036    -1207.196187    -1207.309251      1.16
         96         48.0    254.1     91.0     545.97    0.155609    -1207.352575    -1207.196966    -1207.309341      1.00
         97         48.5    235.5     92.1     550.46    0.156889    -1207.354627    -1207.197738    -1207.309356      0.98
         98         49.0    234.8     91.1     542.31    0.154565    -1207.352892    -1207.198327    -1207.309310      1.06
         99         49.5    275.2     87.6     524.49    0.149487    -1207.348097    -1207.198610    -1207.309225      1.21
        100         50.0    227.8     89.0     502.06    0.143093    -1207.341631    -1207.198537    -1207.309122      1.39
------------|------------|--------|--------|----------|-----------|---------------|---------------|---------------|-----------
            |  Sim. Time |  t_SCF | t_Grad |     Temp |     E_Kin |         E_Pot |         E_Tot |      Cons.Qty |   Drift
       Step |       [fs] |    [s] |    [s] |      [K] | [Hartree] |     [Hartree] |     [Hartree] |     [Hartree] |     [K]


Finished MD run of 100 steps.


Thermostat Summary:
  (*) Region "all": Injected 290.34 kJ/mol of energy into the system (equivalent to 388.00 K).


>>> Timing data >>>
    MD loop was running for 35001.760 seconds ( 9:43:21.760 h:m:s).
    Performance: 350.018 seconds/step, 0.0051 ps/hour.
    Time spent within the MD module (overhead): 0.170 seconds (0.0005 % of total time).
<<< Timing data <<<


Finished MD loop.


###############################################################
########        Finished Executing Input Script        ########
###############################################################


    7 function calls, 0 operator calls, 26 evaluated expressions.


Timings for individual modules during the MD run:

GTO integral calculation        ...      268.826 sec (=   4.480 min)   0.8 %
SCF iterations                  ...    25484.173 sec (= 424.736 min)  72.9 %
SCF Gradient evaluation         ...     9208.569 sec (= 153.476 min)  26.3 %
Self time inside of MD module   ...        2.898 sec (=   0.048 min)   0.0 %

Sum of individual times         ...    34964.466 sec (= 582.741 min)

Total wall time of MD module    ...    35004.466 sec (= 583.408 min)
             --> "dark time"    ...       40.000 sec (=   0.667 min)   0.1 %

( The "dark time" is spent in the ORCA-internal routines for energy and gradient calculation,
  but not inside of the sub-programs which do so. It contains operating system overhead for
  spawning new processes in each MD step and some file IO time. )



    #########################################################
    ####    ORCA ab initio Molecular Dynamics leaving    ####
    ####           Martin Brehm, 2016 - 2021             ####
    ####        https://brehm-research.de/orcamd         ####
    #########################################################

